<?xml version="1.0" encoding="UTF-8"?>
<!-- Generated by org.testng.reporters.JUnitXMLReporter -->
<testsuite ignored="0" hostname="DESKTOP-SPJ27N6" failures="0" tests="32" name="Default test(failed)" time="24.887" errors="0" timestamp="2024-11-05T22:48:01 IST">
  <testcase classname="Test_Supervisor" name="@BeforeClass initializebrowser" time="24.618">
    <failure type="org.openqa.selenium.remote.UnreachableBrowserException" message="Error communicating with the remote browser. It may have died.
Build info: version: &amp;apos;4.12.1&amp;apos;, revision: &amp;apos;8e34639b11&amp;apos;
System info: os.name: &amp;apos;Windows 11&amp;apos;, os.arch: &amp;apos;amd64&amp;apos;, os.version: &amp;apos;10.0&amp;apos;, java.version: &amp;apos;17.0.8.1&amp;apos;
Driver info: org.openqa.selenium.chrome.ChromeDriver
Command: [3bb80e3273d96eff3007b7bf9f8f32bc, findElement [using, value]]
Capabilities {acceptInsecureCerts: false, browserName: chrome, browserVersion: 130.0.6723.92, chrome: {chromedriverVersion: 130.0.6723.91 (53ac07678369..., userDataDir: C:\Users\EXTERN~1\AppData\L...}, fedcm:accounts: true, goog:chromeOptions: {debuggerAddress: localhost:62715}, networkConnectionEnabled: false, pageLoadStrategy: normal, platformName: windows, proxy: Proxy(), se:cdp: ws://localhost:62715/devtoo..., se:cdpVersion: 130.0.6723.92, setWindowRect: true, strictFileInteractability: false, timeouts: {implicit: 0, pageLoad: 300000, script: 30000}, unhandledPromptBehavior: dismiss and notify, webauthn:extension:credBlob: true, webauthn:extension:largeBlob: true, webauthn:extension:minPinLength: true, webauthn:extension:prf: true, webauthn:virtualAuthenticators: true}
Session ID: 3bb80e3273d96eff3007b7bf9f8f32bc">
      <![CDATA[org.openqa.selenium.remote.UnreachableBrowserException: Error communicating with the remote browser. It may have died.
Build info: version: '4.12.1', revision: '8e34639b11'
System info: os.name: 'Windows 11', os.arch: 'amd64', os.version: '10.0', java.version: '17.0.8.1'
Driver info: org.openqa.selenium.chrome.ChromeDriver
Command: [3bb80e3273d96eff3007b7bf9f8f32bc, findElement [using, value]]
Capabilities {acceptInsecureCerts: false, browserName: chrome, browserVersion: 130.0.6723.92, chrome: {chromedriverVersion: 130.0.6723.91 (53ac07678369..., userDataDir: C:\Users\EXTERN~1\AppData\L...}, fedcm:accounts: true, goog:chromeOptions: {debuggerAddress: localhost:62715}, networkConnectionEnabled: false, pageLoadStrategy: normal, platformName: windows, proxy: Proxy(), se:cdp: ws://localhost:62715/devtoo..., se:cdpVersion: 130.0.6723.92, setWindowRect: true, strictFileInteractability: false, timeouts: {implicit: 0, pageLoad: 300000, script: 30000}, unhandledPromptBehavior: dismiss and notify, webauthn:extension:credBlob: true, webauthn:extension:largeBlob: true, webauthn:extension:minPinLength: true, webauthn:extension:prf: true, webauthn:virtualAuthenticators: true}
Session ID: 3bb80e3273d96eff3007b7bf9f8f32bc
at org.openqa.selenium.remote.RemoteWebDriver.execute(RemoteWebDriver.java:629)
at org.openqa.selenium.remote.ElementLocation$ElementFinder$2.findElement(ElementLocation.java:165)
at org.openqa.selenium.remote.ElementLocation.findElement(ElementLocation.java:59)
at org.openqa.selenium.remote.RemoteWebDriver.findElement(RemoteWebDriver.java:359)
at org.openqa.selenium.remote.RemoteWebDriver.findElement(RemoteWebDriver.java:353)
at org.openqa.selenium.support.pagefactory.DefaultElementLocator.findElement(DefaultElementLocator.java:68)
at org.openqa.selenium.support.pagefactory.internal.LocatingElementHandler.invoke(LocatingElementHandler.java:38)
at jdk.proxy2/jdk.proxy2.$Proxy17.sendKeys(Unknown Source)
at Create_Supervisor.Supervisor.entermail(Supervisor.java:32)
at Test_Supervisor.initializebrowser(Test_Supervisor.java:30)
at java.base/java.util.ArrayList.forEach(ArrayList.java:1511)
Caused by: java.io.UncheckedIOException: java.net.SocketException: Connection reset
at org.openqa.selenium.remote.http.netty.NettyHttpHandler.makeCall(NettyHttpHandler.java:73)
at org.openqa.selenium.remote.http.AddSeleniumUserAgent.lambda$apply$0(AddSeleniumUserAgent.java:42)
at org.openqa.selenium.remote.http.Filter.lambda$andFinally$1(Filter.java:55)
at org.openqa.selenium.remote.http.netty.NettyHttpHandler.execute(NettyHttpHandler.java:48)
at org.openqa.selenium.remote.http.netty.NettyClient.execute(NettyClient.java:96)
at org.openqa.selenium.remote.HttpCommandExecutor.execute(HttpCommandExecutor.java:188)
at org.openqa.selenium.remote.service.DriverCommandExecutor.invokeExecute(DriverCommandExecutor.java:196)
at org.openqa.selenium.remote.service.DriverCommandExecutor.execute(DriverCommandExecutor.java:171)
at org.openqa.selenium.remote.RemoteWebDriver.execute(RemoteWebDriver.java:602)
... 35 more
Caused by: java.net.SocketException: Connection reset
at java.base/sun.nio.ch.SocketChannelImpl.throwConnectionReset(SocketChannelImpl.java:394)
at java.base/sun.nio.ch.SocketChannelImpl.read(SocketChannelImpl.java:426)
at io.netty.buffer.PooledByteBuf.setBytes(PooledByteBuf.java:254)
at io.netty.buffer.AbstractByteBuf.writeBytes(AbstractByteBuf.java:1132)
at io.netty.channel.socket.nio.NioSocketChannel.doReadBytes(NioSocketChannel.java:357)
at io.netty.channel.nio.AbstractNioByteChannel$NioByteUnsafe.read(AbstractNioByteChannel.java:151)
at io.netty.channel.nio.NioEventLoop.processSelectedKey(NioEventLoop.java:788)
at io.netty.channel.nio.NioEventLoop.processSelectedKeysOptimized(NioEventLoop.java:724)
at io.netty.channel.nio.NioEventLoop.processSelectedKeys(NioEventLoop.java:650)
at io.netty.channel.nio.NioEventLoop.run(NioEventLoop.java:562)
at io.netty.util.concurrent.SingleThreadEventExecutor$4.run(SingleThreadEventExecutor.java:997)
at io.netty.util.internal.ThreadExecutorMap$2.run(ThreadExecutorMap.java:74)
at io.netty.util.concurrent.FastThreadLocalRunnable.run(FastThreadLocalRunnable.java:30)
at java.base/java.lang.Thread.run(Thread.java:833)
... Removed 25 stack frames]]>
    </failure>
  </testcase> <!-- @BeforeClass initializebrowser -->
  <testcase classname="Test_Supervisor" name="verify_that_createSupervisor_with_invalid_email" time="0.0">
    <skipped/>
  </testcase> <!-- verify_that_createSupervisor_with_invalid_email -->
  <testcase classname="Test_Supervisor" name="Verify_that_the_full_name_field_does_not_accept_numeric_or_special_characters_accept_only_character" time="0.0">
    <skipped/>
  </testcase> <!-- Verify_that_the_full_name_field_does_not_accept_numeric_or_special_characters_accept_only_character -->
  <testcase classname="Test_Supervisor" name="Verify_that_the_email_field_is_mandatory_and_displays_an_error_message_when_left_empty" time="0.0">
    <skipped/>
  </testcase> <!-- Verify_that_the_email_field_is_mandatory_and_displays_an_error_message_when_left_empty -->
  <testcase classname="Test_Supervisor" name="Verify_that_the_full_name_field_is_mandatory_and_displays_an_error_message_when_left_empty" time="0.0">
    <skipped/>
  </testcase> <!-- Verify_that_the_full_name_field_is_mandatory_and_displays_an_error_message_when_left_empty -->
  <testcase classname="Test_Supervisor" name="Verify_that_the_mobile_number_field_does_not_accept_alphabetic_or_special_characters" time="0.0">
    <skipped/>
  </testcase> <!-- Verify_that_the_mobile_number_field_does_not_accept_alphabetic_or_special_characters -->
  <testcase classname="Test_Supervisor" name="Verify_that_the_mobile_number_field_accepts_different_formats_based_on_the_selected_country_code" time="0.0">
    <skipped/>
  </testcase> <!-- Verify_that_the_mobile_number_field_accepts_different_formats_based_on_the_selected_country_code -->
  <testcase classname="Test_Supervisor" name="Verify_that_the_user_can_type_in_the_mobile_number_after_selecting_the_country_code" time="0.0">
    <skipped/>
  </testcase> <!-- Verify_that_the_user_can_type_in_the_mobile_number_after_selecting_the_country_code -->
  <testcase classname="Test_Supervisor" name="Verify_that_the_organization_name_can_be_selected_from_a_dropdown_menu" time="0.0">
    <skipped/>
  </testcase> <!-- Verify_that_the_organization_name_can_be_selected_from_a_dropdown_menu -->
  <testcase classname="Test_Supervisor" name="Verify_that_the_user_can_type_and_select_an_organization_name_if_it_is_not_listed_in_the_dropdown" time="0.0">
    <skipped/>
  </testcase> <!-- Verify_that_the_user_can_type_and_select_an_organization_name_if_it_is_not_listed_in_the_dropdown -->
  <testcase classname="Test_Supervisor" name="Verify_that_an_error_message_is_displayed_if_the_save_button_is_clicked_when_mandatory_fields_are_not_filled" time="0.0">
    <skipped/>
  </testcase> <!-- Verify_that_an_error_message_is_displayed_if_the_save_button_is_clicked_when_mandatory_fields_are_not_filled -->
  <testcase classname="Test_Supervisor" name="Verify_the_maximum_and_minimum_length_of_the_full_name" time="0.001">
    <skipped/>
  </testcase> <!-- Verify_the_maximum_and_minimum_length_of_the_full_name -->
  <testcase classname="Test_Supervisor" name="Verify_the_maximum_and_minimum_length_of_the_mobile_number_for_each_country_code" time="0.0">
    <skipped/>
  </testcase> <!-- Verify_the_maximum_and_minimum_length_of_the_mobile_number_for_each_country_code -->
  <testcase classname="Test_Supervisor" name="Enter_an_email_without_a_domain_and_verify_that_an_error_message_is_displayed" time="0.0">
    <skipped/>
  </testcase> <!-- Enter_an_email_without_a_domain_and_verify_that_an_error_message_is_displayed -->
  <testcase classname="Test_Supervisor" name="Verify_to_check_and_click_on_next_page_button_of_supervisor" time="0.0">
    <skipped/>
  </testcase> <!-- Verify_to_check_and_click_on_next_page_button_of_supervisor -->
  <testcase classname="Test_Supervisor" name="check_to_update_supervisor_without_select_orgnization_name" time="0.0">
    <skipped/>
  </testcase> <!-- check_to_update_supervisor_without_select_orgnization_name -->
  <testcase classname="Test_Supervisor" name="check_and_update_superviaor_without_using_attherate" time="0.0">
    <skipped/>
  </testcase> <!-- check_and_update_superviaor_without_using_attherate -->
  <testcase classname="Test_Supervisor" name="check_to_update_supervisor_without_enter_mandatory_field" time="0.0">
    <skipped/>
  </testcase> <!-- check_to_update_supervisor_without_enter_mandatory_field -->
  <testcase classname="Test_Supervisor" name="Verify_to_update_supervisor_with_max_char_in_full_name_field" time="0.0">
    <skipped/>
  </testcase> <!-- Verify_to_update_supervisor_with_max_char_in_full_name_field -->
  <testcase classname="Test_Supervisor" name="Verify_to_update_superviosr_with_invalid_number" time="0.0">
    <skipped/>
  </testcase> <!-- Verify_to_update_superviosr_with_invalid_number -->
  <testcase classname="Test_Supervisor" name="Verify_to_check_createsupervisor_that_are_already_exist" time="0.0">
    <skipped/>
  </testcase> <!-- Verify_to_check_createsupervisor_that_are_already_exist -->
  <testcase classname="Test_Supervisor" name="Verify_to_check_sr_no_column_is_present_in_supervisor_page" time="0.0">
    <skipped/>
  </testcase> <!-- Verify_to_check_sr_no_column_is_present_in_supervisor_page -->
  <testcase classname="Test_Supervisor" name="Verify_to_check_supervisor_name_column_is_present_in_supervisor_page" time="0.0">
    <skipped/>
  </testcase> <!-- Verify_to_check_supervisor_name_column_is_present_in_supervisor_page -->
  <testcase classname="Test_Supervisor" name="Verify_to_check_Email_column_is_present_in_supervisor_page" time="0.0">
    <skipped/>
  </testcase> <!-- Verify_to_check_Email_column_is_present_in_supervisor_page -->
  <testcase classname="Test_Supervisor" name="Verify_to_check_mobile_number_column_is_present_in_supervisor_page" time="0.0">
    <skipped/>
  </testcase> <!-- Verify_to_check_mobile_number_column_is_present_in_supervisor_page -->
  <testcase classname="Test_Supervisor" name="Verify_to_check_orgnizationname_column_is_present_in_supervisor_page" time="0.0">
    <skipped/>
  </testcase> <!-- Verify_to_check_orgnizationname_column_is_present_in_supervisor_page -->
  <testcase classname="Test_Supervisor" name="Verify_to_check_action_column_is_present_in_supervisor_page" time="0.0">
    <skipped/>
  </testcase> <!-- Verify_to_check_action_column_is_present_in_supervisor_page -->
  <testcase classname="Test_Supervisor" name="Verify_to_check_click_on_previous_page_button_of_supervisor_page" time="0.0">
    <skipped/>
  </testcase> <!-- Verify_to_check_click_on_previous_page_button_of_supervisor_page -->
  <testcase classname="Test_Supervisor" name="Verify_that_to_select_orgnization_from_filter_and_see_supervisor" time="0.0">
    <skipped/>
  </testcase> <!-- Verify_that_to_select_orgnization_from_filter_and_see_supervisor -->
  <testcase classname="Test_Supervisor" name="Verify_that_search_and_select_orgnization_from_filter_and_see_supervisor" time="0.0">
    <skipped/>
  </testcase> <!-- Verify_that_search_and_select_orgnization_from_filter_and_see_supervisor -->
  <testcase classname="Test_Supervisor" name="Verify_that_search_the_orgnization_that_are_not_present_in_list_box_and_see_valid_error_message" time="0.0">
    <skipped/>
  </testcase> <!-- Verify_that_search_the_orgnization_that_are_not_present_in_list_box_and_see_valid_error_message -->
  <testcase classname="Test_Supervisor" name="Create_Supervisor_with_valid_email" time="0.0">
    <skipped/>
  </testcase> <!-- Create_Supervisor_with_valid_email -->
  <testcase classname="Test_Supervisor" name="Verify_that_click_on_tipco_Logo_from_supervisor_page_and_redirect_on_dashborad" time="0.0">
    <skipped/>
  </testcase> <!-- Verify_that_click_on_tipco_Logo_from_supervisor_page_and_redirect_on_dashborad -->
</testsuite> <!-- Default test(failed) -->
