<html>
<head>
<title>TestNG:  SequentialTestExecution</title>
<link href="../testng.css" rel="stylesheet" type="text/css" />
<link href="../my-testng.css" rel="stylesheet" type="text/css" />

<style type="text/css">
.log { display: none;} 
.stack-trace { display: none;} 
</style>
<script type="text/javascript">
<!--
function flip(e) {
  current = e.style.display;
  if (current == 'block') {
    e.style.display = 'none';
    return 0;
  }
  else {
    e.style.display = 'block';
    return 1;
  }
}

function toggleBox(szDivId, elem, msg1, msg2)
{
  var res = -1;  if (document.getElementById) {
    res = flip(document.getElementById(szDivId));
  }
  else if (document.all) {
    // this is the way old msie versions work
    res = flip(document.all[szDivId]);
  }
  if(elem) {
    if(res == 0) elem.innerHTML = msg1; else elem.innerHTML = msg2;
  }

}

function toggleAllBoxes() {
  if (document.getElementsByTagName) {
    d = document.getElementsByTagName('div');
    for (i = 0; i < d.length; i++) {
      if (d[i].className == 'log') {
        flip(d[i]);
      }
    }
  }
}

// -->
</script>

</head>
<body>
<h2 align='center'>SequentialTestExecution</h2><table border='1' align="center">
<tr>
<td>Tests passed/Failed/Skipped:</td><td>233/15/0</td>
</tr><tr>
<td>Started on:</td><td>Tue Dec 17 10:22:18 IST 2024</td>
</tr>
<tr><td>Total time:</td><td>6514 seconds (6514069 ms)</td>
</tr><tr>
<td>Included groups:</td><td></td>
</tr><tr>
<td>Excluded groups:</td><td></td>
</tr>
</table><p/>
<small><i>(Hover the method name to see the test class name)</i></small><p/>
<table width='100%' border='1' class='invocation-failed'>
<tr><td colspan='4' align='center'><b>FAILED TESTS</b></td></tr>
<tr><td><b>Test method</b></td>
<td><b>Attribute(s)</b></td>
<td width="30%"><b>Exception</b></td>
<td width="10%"><b>Time (seconds)</b></td>
<td><b>Instance</b></td>
</tr>
<tr>
<td title='Test_Device.Verify_to_create_Horizontalbead_mill_machine()'><b>Verify_to_create_Horizontalbead_mill_machine</b><br>Test class: Test_Device</td>
<td><div><pre>java.lang.AssertionError: The following asserts failed:
	Exception Expected condition failed: waiting for visibility of element located by By.xpath: //div[text()=&apos;Device Created Successfully&apos;] (tried for 40 second(s) with 500 milliseconds interval)
Build info: version: &apos;4.12.1&apos;, revision: &apos;8e34639b11&apos;
System info: os.name: &apos;Windows 11&apos;, os.arch: &apos;amd64&apos;, os.version: &apos;10.0&apos;, java.version: &apos;17.0.8.1&apos;
Driver info: org.openqa.selenium.chrome.ChromeDriver
Capabilities {acceptInsecureCerts: false, browserName: chrome, browserVersion: 131.0.6778.140, chrome: {chromedriverVersion: 131.0.6778.108 (3b014839fbc..., userDataDir: C:\Users\EXTERN~1\AppData\L...}, fedcm:accounts: true, goog:chromeOptions: {debuggerAddress: localhost:63334}, networkConnectionEnabled: false, pageLoadStrategy: normal, platformName: windows, proxy: Proxy(), se:cdp: ws://localhost:63334/devtoo..., se:cdpVersion: 131.0.6778.140, setWindowRect: true, strictFileInteractability: false, timeouts: {implicit: 0, pageLoad: 300000, script: 30000}, unhandledPromptBehavior: dismiss and notify, webauthn:extension:credBlob: true, webauthn:extension:largeBlob: true, webauthn:extension:minPinLength: true, webauthn:extension:prf: true, webauthn:virtualAuthenticators: true}
Session ID: d7dd6f6e555474a3527e68a73c54a04d
	at Test_Device.Verify_to_create_Horizontalbead_mill_machine(Test_Device.java:97)
	at java.base/java.util.ArrayList.forEach(ArrayList.java:1511)
... Removed 29 stack frames</pre></div><a href='#' onClick='toggleBox("stack-trace1181557612", this, "Click to show all stack frames", "Click to hide stack frames")'>Click to show all stack frames</a>
<div class='stack-trace' id='stack-trace1181557612'><pre>java.lang.AssertionError: The following asserts failed:
	Exception Expected condition failed: waiting for visibility of element located by By.xpath: //div[text()=&apos;Device Created Successfully&apos;] (tried for 40 second(s) with 500 milliseconds interval)
Build info: version: &apos;4.12.1&apos;, revision: &apos;8e34639b11&apos;
System info: os.name: &apos;Windows 11&apos;, os.arch: &apos;amd64&apos;, os.version: &apos;10.0&apos;, java.version: &apos;17.0.8.1&apos;
Driver info: org.openqa.selenium.chrome.ChromeDriver
Capabilities {acceptInsecureCerts: false, browserName: chrome, browserVersion: 131.0.6778.140, chrome: {chromedriverVersion: 131.0.6778.108 (3b014839fbc..., userDataDir: C:\Users\EXTERN~1\AppData\L...}, fedcm:accounts: true, goog:chromeOptions: {debuggerAddress: localhost:63334}, networkConnectionEnabled: false, pageLoadStrategy: normal, platformName: windows, proxy: Proxy(), se:cdp: ws://localhost:63334/devtoo..., se:cdpVersion: 131.0.6778.140, setWindowRect: true, strictFileInteractability: false, timeouts: {implicit: 0, pageLoad: 300000, script: 30000}, unhandledPromptBehavior: dismiss and notify, webauthn:extension:credBlob: true, webauthn:extension:largeBlob: true, webauthn:extension:minPinLength: true, webauthn:extension:prf: true, webauthn:virtualAuthenticators: true}
Session ID: d7dd6f6e555474a3527e68a73c54a04d
	at org.testng.asserts.SoftAssert.assertAll(SoftAssert.java:46)
	at org.testng.asserts.SoftAssert.assertAll(SoftAssert.java:30)
	at Test_Device.Verify_to_create_Horizontalbead_mill_machine(Test_Device.java:97)
	at java.base/jdk.internal.reflect.NativeMethodAccessorImpl.invoke0(Native Method)
	at java.base/jdk.internal.reflect.NativeMethodAccessorImpl.invoke(NativeMethodAccessorImpl.java:77)
	at java.base/jdk.internal.reflect.DelegatingMethodAccessorImpl.invoke(DelegatingMethodAccessorImpl.java:43)
	at java.base/java.lang.reflect.Method.invoke(Method.java:568)
	at org.testng.internal.invokers.MethodInvocationHelper.invokeMethod(MethodInvocationHelper.java:139)
	at org.testng.internal.invokers.TestInvoker.invokeMethod(TestInvoker.java:664)
	at org.testng.internal.invokers.TestInvoker.invokeTestMethod(TestInvoker.java:227)
	at org.testng.internal.invokers.MethodRunner.runInSequence(MethodRunner.java:50)
	at org.testng.internal.invokers.TestInvoker$MethodInvocationAgent.invoke(TestInvoker.java:957)
	at org.testng.internal.invokers.TestInvoker.invokeTestMethods(TestInvoker.java:200)
	at org.testng.internal.invokers.TestMethodWorker.invokeTestMethods(TestMethodWorker.java:148)
	at org.testng.internal.invokers.TestMethodWorker.run(TestMethodWorker.java:128)
	at java.base/java.util.ArrayList.forEach(ArrayList.java:1511)
	at org.testng.TestRunner.privateRun(TestRunner.java:848)
	at org.testng.TestRunner.run(TestRunner.java:621)
	at org.testng.SuiteRunner.runTest(SuiteRunner.java:443)
	at org.testng.SuiteRunner.runSequentially(SuiteRunner.java:437)
	at org.testng.SuiteRunner.privateRun(SuiteRunner.java:397)
	at org.testng.SuiteRunner.run(SuiteRunner.java:336)
	at org.testng.SuiteRunnerWorker.runSuite(SuiteRunnerWorker.java:52)
	at org.testng.SuiteRunnerWorker.run(SuiteRunnerWorker.java:95)
	at org.testng.TestNG.runSuitesSequentially(TestNG.java:1280)
	at org.testng.TestNG.runSuitesLocally(TestNG.java:1200)
	at org.testng.TestNG.runSuites(TestNG.java:1114)
	at org.testng.TestNG.run(TestNG.java:1082)
	at org.testng.remote.AbstractRemoteTestNG.run(AbstractRemoteTestNG.java:115)
	at org.testng.remote.RemoteTestNG.initAndRun(RemoteTestNG.java:251)
	at org.testng.remote.RemoteTestNG.main(RemoteTestNG.java:77)
</pre></div></td>
<td>57</td>
<td>Test_Device@24c1b2d2</td></tr>
<tr>
<td title='Device_TC.Verify_to_check_tipco_logo_is_visible_or_not_in_device_create_page()'><b>Verify_to_check_tipco_logo_is_visible_or_not_in_device_create_page</b><br>Test class: Device_TC</td>
<td><div><pre>java.lang.AssertionError: The following asserts failed:
	Exception: no such element: Unable to locate element: {&quot;method&quot;:&quot;xpath&quot;,&quot;selector&quot;:&quot;//span[@class=&apos;mainLogo&apos;]&quot;}
  (Session info: chrome=131.0.6778.140)
For documentation on this error, please visit: https://www.selenium.dev/documentation/webdriver/troubleshooting/errors#no-such-element-exception
Build info: version: &apos;4.12.1&apos;, revision: &apos;8e34639b11&apos;
System info: os.name: &apos;Windows 11&apos;, os.arch: &apos;amd64&apos;, os.version: &apos;10.0&apos;, java.version: &apos;17.0.8.1&apos;
Driver info: org.openqa.selenium.chrome.ChromeDriver
Command: [7d9e96df2b124a133cfebd69a05a2a34, findElement {using=xpath, value=//span[@class=&apos;mainLogo&apos;]}]
Capabilities {acceptInsecureCerts: false, browserName: chrome, browserVersion: 131.0.6778.140, chrome: {chromedriverVersion: 131.0.6778.108 (3b014839fbc..., userDataDir: C:\Users\EXTERN~1\AppData\L...}, fedcm:accounts: true, goog:chromeOptions: {debuggerAddress: localhost:65102}, networkConnectionEnabled: false, pageLoadStrategy: normal, platformName: windows, proxy: Proxy(), se:cdp: ws://localhost:65102/devtoo..., se:cdpVersion: 131.0.6778.140, setWindowRect: true, strictFileInteractability: false, timeouts: {implicit: 0, pageLoad: 300000, script: 30000}, unhandledPromptBehavior: dismiss and notify, webauthn:extension:credBlob: true, webauthn:extension:largeBlob: true, webauthn:extension:minPinLength: true, webauthn:extension:prf: true, webauthn:virtualAuthenticators: true}
Session ID: 7d9e96df2b124a133cfebd69a05a2a34
	at Device_TC.Verify_to_check_tipco_logo_is_visible_or_not_in_device_create_page(Device_TC.java:314)
	at java.base/java.util.ArrayList.forEach(ArrayList.java:1511)
... Removed 29 stack frames</pre></div><a href='#' onClick='toggleBox("stack-trace1876681529", this, "Click to show all stack frames", "Click to hide stack frames")'>Click to show all stack frames</a>
<div class='stack-trace' id='stack-trace1876681529'><pre>java.lang.AssertionError: The following asserts failed:
	Exception: no such element: Unable to locate element: {&quot;method&quot;:&quot;xpath&quot;,&quot;selector&quot;:&quot;//span[@class=&apos;mainLogo&apos;]&quot;}
  (Session info: chrome=131.0.6778.140)
For documentation on this error, please visit: https://www.selenium.dev/documentation/webdriver/troubleshooting/errors#no-such-element-exception
Build info: version: &apos;4.12.1&apos;, revision: &apos;8e34639b11&apos;
System info: os.name: &apos;Windows 11&apos;, os.arch: &apos;amd64&apos;, os.version: &apos;10.0&apos;, java.version: &apos;17.0.8.1&apos;
Driver info: org.openqa.selenium.chrome.ChromeDriver
Command: [7d9e96df2b124a133cfebd69a05a2a34, findElement {using=xpath, value=//span[@class=&apos;mainLogo&apos;]}]
Capabilities {acceptInsecureCerts: false, browserName: chrome, browserVersion: 131.0.6778.140, chrome: {chromedriverVersion: 131.0.6778.108 (3b014839fbc..., userDataDir: C:\Users\EXTERN~1\AppData\L...}, fedcm:accounts: true, goog:chromeOptions: {debuggerAddress: localhost:65102}, networkConnectionEnabled: false, pageLoadStrategy: normal, platformName: windows, proxy: Proxy(), se:cdp: ws://localhost:65102/devtoo..., se:cdpVersion: 131.0.6778.140, setWindowRect: true, strictFileInteractability: false, timeouts: {implicit: 0, pageLoad: 300000, script: 30000}, unhandledPromptBehavior: dismiss and notify, webauthn:extension:credBlob: true, webauthn:extension:largeBlob: true, webauthn:extension:minPinLength: true, webauthn:extension:prf: true, webauthn:virtualAuthenticators: true}
Session ID: 7d9e96df2b124a133cfebd69a05a2a34
	at org.testng.asserts.SoftAssert.assertAll(SoftAssert.java:46)
	at org.testng.asserts.SoftAssert.assertAll(SoftAssert.java:30)
	at Device_TC.Verify_to_check_tipco_logo_is_visible_or_not_in_device_create_page(Device_TC.java:314)
	at java.base/jdk.internal.reflect.NativeMethodAccessorImpl.invoke0(Native Method)
	at java.base/jdk.internal.reflect.NativeMethodAccessorImpl.invoke(NativeMethodAccessorImpl.java:77)
	at java.base/jdk.internal.reflect.DelegatingMethodAccessorImpl.invoke(DelegatingMethodAccessorImpl.java:43)
	at java.base/java.lang.reflect.Method.invoke(Method.java:568)
	at org.testng.internal.invokers.MethodInvocationHelper.invokeMethod(MethodInvocationHelper.java:139)
	at org.testng.internal.invokers.TestInvoker.invokeMethod(TestInvoker.java:664)
	at org.testng.internal.invokers.TestInvoker.invokeTestMethod(TestInvoker.java:227)
	at org.testng.internal.invokers.MethodRunner.runInSequence(MethodRunner.java:50)
	at org.testng.internal.invokers.TestInvoker$MethodInvocationAgent.invoke(TestInvoker.java:957)
	at org.testng.internal.invokers.TestInvoker.invokeTestMethods(TestInvoker.java:200)
	at org.testng.internal.invokers.TestMethodWorker.invokeTestMethods(TestMethodWorker.java:148)
	at org.testng.internal.invokers.TestMethodWorker.run(TestMethodWorker.java:128)
	at java.base/java.util.ArrayList.forEach(ArrayList.java:1511)
	at org.testng.TestRunner.privateRun(TestRunner.java:848)
	at org.testng.TestRunner.run(TestRunner.java:621)
	at org.testng.SuiteRunner.runTest(SuiteRunner.java:443)
	at org.testng.SuiteRunner.runSequentially(SuiteRunner.java:437)
	at org.testng.SuiteRunner.privateRun(SuiteRunner.java:397)
	at org.testng.SuiteRunner.run(SuiteRunner.java:336)
	at org.testng.SuiteRunnerWorker.runSuite(SuiteRunnerWorker.java:52)
	at org.testng.SuiteRunnerWorker.run(SuiteRunnerWorker.java:95)
	at org.testng.TestNG.runSuitesSequentially(TestNG.java:1280)
	at org.testng.TestNG.runSuitesLocally(TestNG.java:1200)
	at org.testng.TestNG.runSuites(TestNG.java:1114)
	at org.testng.TestNG.run(TestNG.java:1082)
	at org.testng.remote.AbstractRemoteTestNG.run(AbstractRemoteTestNG.java:115)
	at org.testng.remote.RemoteTestNG.initAndRun(RemoteTestNG.java:251)
	at org.testng.remote.RemoteTestNG.main(RemoteTestNG.java:77)
</pre></div></td>
<td>23</td>
<td>Device_TC@508dec2b</td></tr>
<tr>
<td title='Device_TC.Verify_to_check_and_click_prvious_pagebutton_of_the_device_page()'><b>Verify_to_check_and_click_prvious_pagebutton_of_the_device_page</b><br>Test class: Device_TC</td>
<td><div><pre>java.lang.AssertionError: The following asserts failed:
	Exception: element click intercepted: Element &lt;a class=&quot;page-link &quot; tabindex=&quot;-1&quot; role=&quot;button&quot; aria-disabled=&quot;true&quot; aria-label=&quot;... page&quot; rel=&quot;prev&quot;&gt;Previous&lt;/a&gt; is not clickable at point (596, 659). Other element would receive the click: &lt;div class=&quot;login-box&quot;&gt;...&lt;/div&gt;
  (Session info: chrome=131.0.6778.140)
Build info: version: &apos;4.12.1&apos;, revision: &apos;8e34639b11&apos;
System info: os.name: &apos;Windows 11&apos;, os.arch: &apos;amd64&apos;, os.version: &apos;10.0&apos;, java.version: &apos;17.0.8.1&apos;
Driver info: org.openqa.selenium.chrome.ChromeDriver
Command: [7d9e96df2b124a133cfebd69a05a2a34, clickElement {id=f.1E7B21661485009247F24CE87F9ADD3F.d.642CE4333506E4CA5CA04D824A6BF975.e.115}]
Capabilities {acceptInsecureCerts: false, browserName: chrome, browserVersion: 131.0.6778.140, chrome: {chromedriverVersion: 131.0.6778.108 (3b014839fbc..., userDataDir: C:\Users\EXTERN~1\AppData\L...}, fedcm:accounts: true, goog:chromeOptions: {debuggerAddress: localhost:65102}, networkConnectionEnabled: false, pageLoadStrategy: normal, platformName: windows, proxy: Proxy(), se:cdp: ws://localhost:65102/devtoo..., se:cdpVersion: 131.0.6778.140, setWindowRect: true, strictFileInteractability: false, timeouts: {implicit: 0, pageLoad: 300000, script: 30000}, unhandledPromptBehavior: dismiss and notify, webauthn:extension:credBlob: true, webauthn:extension:largeBlob: true, webauthn:extension:minPinLength: true, webauthn:extension:prf: true, webauthn:virtualAuthenticators: true}
Element: [[ChromeDriver: chrome on windows (7d9e96df2b124a133cfebd69a05a2a34)] -&gt; xpath: //a[text()=&apos;Previous&apos;]]
Session ID: 7d9e96df2b124a133cfebd69a05a2a34
	at Device_TC.Verify_to_check_and_click_prvious_pagebutton_of_the_device_page(Device_TC.java:361)
	at java.base/java.util.ArrayList.forEach(ArrayList.java:1511)
... Removed 29 stack frames</pre></div><a href='#' onClick='toggleBox("stack-trace2133061670", this, "Click to show all stack frames", "Click to hide stack frames")'>Click to show all stack frames</a>
<div class='stack-trace' id='stack-trace2133061670'><pre>java.lang.AssertionError: The following asserts failed:
	Exception: element click intercepted: Element &lt;a class=&quot;page-link &quot; tabindex=&quot;-1&quot; role=&quot;button&quot; aria-disabled=&quot;true&quot; aria-label=&quot;... page&quot; rel=&quot;prev&quot;&gt;Previous&lt;/a&gt; is not clickable at point (596, 659). Other element would receive the click: &lt;div class=&quot;login-box&quot;&gt;...&lt;/div&gt;
  (Session info: chrome=131.0.6778.140)
Build info: version: &apos;4.12.1&apos;, revision: &apos;8e34639b11&apos;
System info: os.name: &apos;Windows 11&apos;, os.arch: &apos;amd64&apos;, os.version: &apos;10.0&apos;, java.version: &apos;17.0.8.1&apos;
Driver info: org.openqa.selenium.chrome.ChromeDriver
Command: [7d9e96df2b124a133cfebd69a05a2a34, clickElement {id=f.1E7B21661485009247F24CE87F9ADD3F.d.642CE4333506E4CA5CA04D824A6BF975.e.115}]
Capabilities {acceptInsecureCerts: false, browserName: chrome, browserVersion: 131.0.6778.140, chrome: {chromedriverVersion: 131.0.6778.108 (3b014839fbc..., userDataDir: C:\Users\EXTERN~1\AppData\L...}, fedcm:accounts: true, goog:chromeOptions: {debuggerAddress: localhost:65102}, networkConnectionEnabled: false, pageLoadStrategy: normal, platformName: windows, proxy: Proxy(), se:cdp: ws://localhost:65102/devtoo..., se:cdpVersion: 131.0.6778.140, setWindowRect: true, strictFileInteractability: false, timeouts: {implicit: 0, pageLoad: 300000, script: 30000}, unhandledPromptBehavior: dismiss and notify, webauthn:extension:credBlob: true, webauthn:extension:largeBlob: true, webauthn:extension:minPinLength: true, webauthn:extension:prf: true, webauthn:virtualAuthenticators: true}
Element: [[ChromeDriver: chrome on windows (7d9e96df2b124a133cfebd69a05a2a34)] -&gt; xpath: //a[text()=&apos;Previous&apos;]]
Session ID: 7d9e96df2b124a133cfebd69a05a2a34
	at org.testng.asserts.SoftAssert.assertAll(SoftAssert.java:46)
	at org.testng.asserts.SoftAssert.assertAll(SoftAssert.java:30)
	at Device_TC.Verify_to_check_and_click_prvious_pagebutton_of_the_device_page(Device_TC.java:361)
	at java.base/jdk.internal.reflect.NativeMethodAccessorImpl.invoke0(Native Method)
	at java.base/jdk.internal.reflect.NativeMethodAccessorImpl.invoke(NativeMethodAccessorImpl.java:77)
	at java.base/jdk.internal.reflect.DelegatingMethodAccessorImpl.invoke(DelegatingMethodAccessorImpl.java:43)
	at java.base/java.lang.reflect.Method.invoke(Method.java:568)
	at org.testng.internal.invokers.MethodInvocationHelper.invokeMethod(MethodInvocationHelper.java:139)
	at org.testng.internal.invokers.TestInvoker.invokeMethod(TestInvoker.java:664)
	at org.testng.internal.invokers.TestInvoker.invokeTestMethod(TestInvoker.java:227)
	at org.testng.internal.invokers.MethodRunner.runInSequence(MethodRunner.java:50)
	at org.testng.internal.invokers.TestInvoker$MethodInvocationAgent.invoke(TestInvoker.java:957)
	at org.testng.internal.invokers.TestInvoker.invokeTestMethods(TestInvoker.java:200)
	at org.testng.internal.invokers.TestMethodWorker.invokeTestMethods(TestMethodWorker.java:148)
	at org.testng.internal.invokers.TestMethodWorker.run(TestMethodWorker.java:128)
	at java.base/java.util.ArrayList.forEach(ArrayList.java:1511)
	at org.testng.TestRunner.privateRun(TestRunner.java:848)
	at org.testng.TestRunner.run(TestRunner.java:621)
	at org.testng.SuiteRunner.runTest(SuiteRunner.java:443)
	at org.testng.SuiteRunner.runSequentially(SuiteRunner.java:437)
	at org.testng.SuiteRunner.privateRun(SuiteRunner.java:397)
	at org.testng.SuiteRunner.run(SuiteRunner.java:336)
	at org.testng.SuiteRunnerWorker.runSuite(SuiteRunnerWorker.java:52)
	at org.testng.SuiteRunnerWorker.run(SuiteRunnerWorker.java:95)
	at org.testng.TestNG.runSuitesSequentially(TestNG.java:1280)
	at org.testng.TestNG.runSuitesLocally(TestNG.java:1200)
	at org.testng.TestNG.runSuites(TestNG.java:1114)
	at org.testng.TestNG.run(TestNG.java:1082)
	at org.testng.remote.AbstractRemoteTestNG.run(AbstractRemoteTestNG.java:115)
	at org.testng.remote.RemoteTestNG.initAndRun(RemoteTestNG.java:251)
	at org.testng.remote.RemoteTestNG.main(RemoteTestNG.java:77)
</pre></div></td>
<td>14</td>
<td>Device_TC@508dec2b</td></tr>
<tr>
<td title='Device_TC.Verify_to_check_sr_number_column_of_the_device_in_device_page()'><b>Verify_to_check_sr_number_column_of_the_device_in_device_page</b><br>Test class: Device_TC</td>
<td><div><pre>java.lang.AssertionError: The following asserts failed:
	Exception: Expected condition failed: waiting for element to be clickable: By.xpath: //th[text()=&apos;S. No.&apos;] (tried for 40 second(s) with 500 milliseconds interval)
Build info: version: &apos;4.12.1&apos;, revision: &apos;8e34639b11&apos;
System info: os.name: &apos;Windows 11&apos;, os.arch: &apos;amd64&apos;, os.version: &apos;10.0&apos;, java.version: &apos;17.0.8.1&apos;
Driver info: org.openqa.selenium.chrome.ChromeDriver
Capabilities {acceptInsecureCerts: false, browserName: chrome, browserVersion: 131.0.6778.140, chrome: {chromedriverVersion: 131.0.6778.108 (3b014839fbc..., userDataDir: C:\Users\EXTERN~1\AppData\L...}, fedcm:accounts: true, goog:chromeOptions: {debuggerAddress: localhost:65102}, networkConnectionEnabled: false, pageLoadStrategy: normal, platformName: windows, proxy: Proxy(), se:cdp: ws://localhost:65102/devtoo..., se:cdpVersion: 131.0.6778.140, setWindowRect: true, strictFileInteractability: false, timeouts: {implicit: 0, pageLoad: 300000, script: 30000}, unhandledPromptBehavior: dismiss and notify, webauthn:extension:credBlob: true, webauthn:extension:largeBlob: true, webauthn:extension:minPinLength: true, webauthn:extension:prf: true, webauthn:virtualAuthenticators: true}
Session ID: 7d9e96df2b124a133cfebd69a05a2a34
	at Device_TC.Verify_to_check_sr_number_column_of_the_device_in_device_page(Device_TC.java:385)
	at java.base/java.util.ArrayList.forEach(ArrayList.java:1511)
... Removed 29 stack frames</pre></div><a href='#' onClick='toggleBox("stack-trace600675723", this, "Click to show all stack frames", "Click to hide stack frames")'>Click to show all stack frames</a>
<div class='stack-trace' id='stack-trace600675723'><pre>java.lang.AssertionError: The following asserts failed:
	Exception: Expected condition failed: waiting for element to be clickable: By.xpath: //th[text()=&apos;S. No.&apos;] (tried for 40 second(s) with 500 milliseconds interval)
Build info: version: &apos;4.12.1&apos;, revision: &apos;8e34639b11&apos;
System info: os.name: &apos;Windows 11&apos;, os.arch: &apos;amd64&apos;, os.version: &apos;10.0&apos;, java.version: &apos;17.0.8.1&apos;
Driver info: org.openqa.selenium.chrome.ChromeDriver
Capabilities {acceptInsecureCerts: false, browserName: chrome, browserVersion: 131.0.6778.140, chrome: {chromedriverVersion: 131.0.6778.108 (3b014839fbc..., userDataDir: C:\Users\EXTERN~1\AppData\L...}, fedcm:accounts: true, goog:chromeOptions: {debuggerAddress: localhost:65102}, networkConnectionEnabled: false, pageLoadStrategy: normal, platformName: windows, proxy: Proxy(), se:cdp: ws://localhost:65102/devtoo..., se:cdpVersion: 131.0.6778.140, setWindowRect: true, strictFileInteractability: false, timeouts: {implicit: 0, pageLoad: 300000, script: 30000}, unhandledPromptBehavior: dismiss and notify, webauthn:extension:credBlob: true, webauthn:extension:largeBlob: true, webauthn:extension:minPinLength: true, webauthn:extension:prf: true, webauthn:virtualAuthenticators: true}
Session ID: 7d9e96df2b124a133cfebd69a05a2a34
	at org.testng.asserts.SoftAssert.assertAll(SoftAssert.java:46)
	at org.testng.asserts.SoftAssert.assertAll(SoftAssert.java:30)
	at Device_TC.Verify_to_check_sr_number_column_of_the_device_in_device_page(Device_TC.java:385)
	at java.base/jdk.internal.reflect.NativeMethodAccessorImpl.invoke0(Native Method)
	at java.base/jdk.internal.reflect.NativeMethodAccessorImpl.invoke(NativeMethodAccessorImpl.java:77)
	at java.base/jdk.internal.reflect.DelegatingMethodAccessorImpl.invoke(DelegatingMethodAccessorImpl.java:43)
	at java.base/java.lang.reflect.Method.invoke(Method.java:568)
	at org.testng.internal.invokers.MethodInvocationHelper.invokeMethod(MethodInvocationHelper.java:139)
	at org.testng.internal.invokers.TestInvoker.invokeMethod(TestInvoker.java:664)
	at org.testng.internal.invokers.TestInvoker.invokeTestMethod(TestInvoker.java:227)
	at org.testng.internal.invokers.MethodRunner.runInSequence(MethodRunner.java:50)
	at org.testng.internal.invokers.TestInvoker$MethodInvocationAgent.invoke(TestInvoker.java:957)
	at org.testng.internal.invokers.TestInvoker.invokeTestMethods(TestInvoker.java:200)
	at org.testng.internal.invokers.TestMethodWorker.invokeTestMethods(TestMethodWorker.java:148)
	at org.testng.internal.invokers.TestMethodWorker.run(TestMethodWorker.java:128)
	at java.base/java.util.ArrayList.forEach(ArrayList.java:1511)
	at org.testng.TestRunner.privateRun(TestRunner.java:848)
	at org.testng.TestRunner.run(TestRunner.java:621)
	at org.testng.SuiteRunner.runTest(SuiteRunner.java:443)
	at org.testng.SuiteRunner.runSequentially(SuiteRunner.java:437)
	at org.testng.SuiteRunner.privateRun(SuiteRunner.java:397)
	at org.testng.SuiteRunner.run(SuiteRunner.java:336)
	at org.testng.SuiteRunnerWorker.runSuite(SuiteRunnerWorker.java:52)
	at org.testng.SuiteRunnerWorker.run(SuiteRunnerWorker.java:95)
	at org.testng.TestNG.runSuitesSequentially(TestNG.java:1280)
	at org.testng.TestNG.runSuitesLocally(TestNG.java:1200)
	at org.testng.TestNG.runSuites(TestNG.java:1114)
	at org.testng.TestNG.run(TestNG.java:1082)
	at org.testng.remote.AbstractRemoteTestNG.run(AbstractRemoteTestNG.java:115)
	at org.testng.remote.RemoteTestNG.initAndRun(RemoteTestNG.java:251)
	at org.testng.remote.RemoteTestNG.main(RemoteTestNG.java:77)
</pre></div></td>
<td>51</td>
<td>Device_TC@508dec2b</td></tr>
<tr>
<td title='Device_TC.Verify_to_check_clear_all_fields_and_click_on_submit_in_update_form()'><b>Verify_to_check_clear_all_fields_and_click_on_submit_in_update_form</b><br>Test class: Device_TC</td>
<td><div><pre>java.lang.AssertionError: The following asserts failed:
	Exception: element click intercepted: Element &lt;span&gt;...&lt;/span&gt; is not clickable at point (1322, 314). Other element would receive the click: &lt;div class=&quot;create-supervisor-organizationpopup&quot;&gt;...&lt;/div&gt;
  (Session info: chrome=131.0.6778.140)
Build info: version: &apos;4.12.1&apos;, revision: &apos;8e34639b11&apos;
System info: os.name: &apos;Windows 11&apos;, os.arch: &apos;amd64&apos;, os.version: &apos;10.0&apos;, java.version: &apos;17.0.8.1&apos;
Driver info: org.openqa.selenium.chrome.ChromeDriver
Command: [7d9e96df2b124a133cfebd69a05a2a34, clickElement {id=f.1E7B21661485009247F24CE87F9ADD3F.d.642CE4333506E4CA5CA04D824A6BF975.e.48}]
Capabilities {acceptInsecureCerts: false, browserName: chrome, browserVersion: 131.0.6778.140, chrome: {chromedriverVersion: 131.0.6778.108 (3b014839fbc..., userDataDir: C:\Users\EXTERN~1\AppData\L...}, fedcm:accounts: true, goog:chromeOptions: {debuggerAddress: localhost:65102}, networkConnectionEnabled: false, pageLoadStrategy: normal, platformName: windows, proxy: Proxy(), se:cdp: ws://localhost:65102/devtoo..., se:cdpVersion: 131.0.6778.140, setWindowRect: true, strictFileInteractability: false, timeouts: {implicit: 0, pageLoad: 300000, script: 30000}, unhandledPromptBehavior: dismiss and notify, webauthn:extension:credBlob: true, webauthn:extension:largeBlob: true, webauthn:extension:minPinLength: true, webauthn:extension:prf: true, webauthn:virtualAuthenticators: true}
Element: [[ChromeDriver: chrome on windows (7d9e96df2b124a133cfebd69a05a2a34)] -&gt; xpath: //td[@class=&apos;actionIcon&apos;]/span]
Session ID: 7d9e96df2b124a133cfebd69a05a2a34
	at Device_TC.Verify_to_check_clear_all_fields_and_click_on_submit_in_update_form(Device_TC.java:292)
	at java.base/java.util.ArrayList.forEach(ArrayList.java:1511)
... Removed 29 stack frames</pre></div><a href='#' onClick='toggleBox("stack-trace1210197898", this, "Click to show all stack frames", "Click to hide stack frames")'>Click to show all stack frames</a>
<div class='stack-trace' id='stack-trace1210197898'><pre>java.lang.AssertionError: The following asserts failed:
	Exception: element click intercepted: Element &lt;span&gt;...&lt;/span&gt; is not clickable at point (1322, 314). Other element would receive the click: &lt;div class=&quot;create-supervisor-organizationpopup&quot;&gt;...&lt;/div&gt;
  (Session info: chrome=131.0.6778.140)
Build info: version: &apos;4.12.1&apos;, revision: &apos;8e34639b11&apos;
System info: os.name: &apos;Windows 11&apos;, os.arch: &apos;amd64&apos;, os.version: &apos;10.0&apos;, java.version: &apos;17.0.8.1&apos;
Driver info: org.openqa.selenium.chrome.ChromeDriver
Command: [7d9e96df2b124a133cfebd69a05a2a34, clickElement {id=f.1E7B21661485009247F24CE87F9ADD3F.d.642CE4333506E4CA5CA04D824A6BF975.e.48}]
Capabilities {acceptInsecureCerts: false, browserName: chrome, browserVersion: 131.0.6778.140, chrome: {chromedriverVersion: 131.0.6778.108 (3b014839fbc..., userDataDir: C:\Users\EXTERN~1\AppData\L...}, fedcm:accounts: true, goog:chromeOptions: {debuggerAddress: localhost:65102}, networkConnectionEnabled: false, pageLoadStrategy: normal, platformName: windows, proxy: Proxy(), se:cdp: ws://localhost:65102/devtoo..., se:cdpVersion: 131.0.6778.140, setWindowRect: true, strictFileInteractability: false, timeouts: {implicit: 0, pageLoad: 300000, script: 30000}, unhandledPromptBehavior: dismiss and notify, webauthn:extension:credBlob: true, webauthn:extension:largeBlob: true, webauthn:extension:minPinLength: true, webauthn:extension:prf: true, webauthn:virtualAuthenticators: true}
Element: [[ChromeDriver: chrome on windows (7d9e96df2b124a133cfebd69a05a2a34)] -&gt; xpath: //td[@class=&apos;actionIcon&apos;]/span]
Session ID: 7d9e96df2b124a133cfebd69a05a2a34
	at org.testng.asserts.SoftAssert.assertAll(SoftAssert.java:46)
	at org.testng.asserts.SoftAssert.assertAll(SoftAssert.java:30)
	at Device_TC.Verify_to_check_clear_all_fields_and_click_on_submit_in_update_form(Device_TC.java:292)
	at java.base/jdk.internal.reflect.NativeMethodAccessorImpl.invoke0(Native Method)
	at java.base/jdk.internal.reflect.NativeMethodAccessorImpl.invoke(NativeMethodAccessorImpl.java:77)
	at java.base/jdk.internal.reflect.DelegatingMethodAccessorImpl.invoke(DelegatingMethodAccessorImpl.java:43)
	at java.base/java.lang.reflect.Method.invoke(Method.java:568)
	at org.testng.internal.invokers.MethodInvocationHelper.invokeMethod(MethodInvocationHelper.java:139)
	at org.testng.internal.invokers.TestInvoker.invokeMethod(TestInvoker.java:664)
	at org.testng.internal.invokers.TestInvoker.invokeTestMethod(TestInvoker.java:227)
	at org.testng.internal.invokers.MethodRunner.runInSequence(MethodRunner.java:50)
	at org.testng.internal.invokers.TestInvoker$MethodInvocationAgent.invoke(TestInvoker.java:957)
	at org.testng.internal.invokers.TestInvoker.invokeTestMethods(TestInvoker.java:200)
	at org.testng.internal.invokers.TestMethodWorker.invokeTestMethods(TestMethodWorker.java:148)
	at org.testng.internal.invokers.TestMethodWorker.run(TestMethodWorker.java:128)
	at java.base/java.util.ArrayList.forEach(ArrayList.java:1511)
	at org.testng.TestRunner.privateRun(TestRunner.java:848)
	at org.testng.TestRunner.run(TestRunner.java:621)
	at org.testng.SuiteRunner.runTest(SuiteRunner.java:443)
	at org.testng.SuiteRunner.runSequentially(SuiteRunner.java:437)
	at org.testng.SuiteRunner.privateRun(SuiteRunner.java:397)
	at org.testng.SuiteRunner.run(SuiteRunner.java:336)
	at org.testng.SuiteRunnerWorker.runSuite(SuiteRunnerWorker.java:52)
	at org.testng.SuiteRunnerWorker.run(SuiteRunnerWorker.java:95)
	at org.testng.TestNG.runSuitesSequentially(TestNG.java:1280)
	at org.testng.TestNG.runSuitesLocally(TestNG.java:1200)
	at org.testng.TestNG.runSuites(TestNG.java:1114)
	at org.testng.TestNG.run(TestNG.java:1082)
	at org.testng.remote.AbstractRemoteTestNG.run(AbstractRemoteTestNG.java:115)
	at org.testng.remote.RemoteTestNG.initAndRun(RemoteTestNG.java:251)
	at org.testng.remote.RemoteTestNG.main(RemoteTestNG.java:77)
</pre></div></td>
<td>14</td>
<td>Device_TC@508dec2b</td></tr>
<tr>
<td title='Test_Supervisor.Verify_to_check_click_on_previous_page_button_of_supervisor_page()'><b>Verify_to_check_click_on_previous_page_button_of_supervisor_page</b><br>Test class: Test_Supervisor</td>
<td><div><pre>java.lang.AssertionError: The following asserts failed:
	Exception  element click intercepted: Element &lt;a class=&quot;page-link &quot; tabindex=&quot;-1&quot; role=&quot;button&quot; aria-disabled=&quot;true&quot; aria-label=&quot;... page&quot; rel=&quot;prev&quot;&gt;Previous&lt;/a&gt; is not clickable at point (596, 660). Other element would receive the click: &lt;li class=&quot;page-item disabled&quot;&gt;...&lt;/li&gt;
  (Session info: chrome=131.0.6778.140)
Build info: version: &apos;4.12.1&apos;, revision: &apos;8e34639b11&apos;
System info: os.name: &apos;Windows 11&apos;, os.arch: &apos;amd64&apos;, os.version: &apos;10.0&apos;, java.version: &apos;17.0.8.1&apos;
Driver info: org.openqa.selenium.chrome.ChromeDriver
Command: [17bb77cfbad2bd3cd3ebc4acb171a0a8, clickElement {id=f.117F7FA1A3CB160652F930C24184D0F4.d.4F95FCF04EB4613DB6B48B1F66AA52D7.e.881}]
Capabilities {acceptInsecureCerts: false, browserName: chrome, browserVersion: 131.0.6778.140, chrome: {chromedriverVersion: 131.0.6778.108 (3b014839fbc..., userDataDir: C:\Users\EXTERN~1\AppData\L...}, fedcm:accounts: true, goog:chromeOptions: {debuggerAddress: localhost:61725}, networkConnectionEnabled: false, pageLoadStrategy: normal, platformName: windows, proxy: Proxy(), se:cdp: ws://localhost:61725/devtoo..., se:cdpVersion: 131.0.6778.140, setWindowRect: true, strictFileInteractability: false, timeouts: {implicit: 0, pageLoad: 300000, script: 30000}, unhandledPromptBehavior: dismiss and notify, webauthn:extension:credBlob: true, webauthn:extension:largeBlob: true, webauthn:extension:minPinLength: true, webauthn:extension:prf: true, webauthn:virtualAuthenticators: true}
Element: [[ChromeDriver: chrome on windows (17bb77cfbad2bd3cd3ebc4acb171a0a8)] -&gt; xpath: //a[text()=&apos;Previous&apos;]]
Session ID: 17bb77cfbad2bd3cd3ebc4acb171a0a8
	at Test_Supervisor.Verify_to_check_click_on_previous_page_button_of_supervisor_page(Test_Supervisor.java:1207)
	at java.base/java.util.ArrayList.forEach(ArrayList.java:1511)
... Removed 29 stack frames</pre></div><a href='#' onClick='toggleBox("stack-trace821725803", this, "Click to show all stack frames", "Click to hide stack frames")'>Click to show all stack frames</a>
<div class='stack-trace' id='stack-trace821725803'><pre>java.lang.AssertionError: The following asserts failed:
	Exception  element click intercepted: Element &lt;a class=&quot;page-link &quot; tabindex=&quot;-1&quot; role=&quot;button&quot; aria-disabled=&quot;true&quot; aria-label=&quot;... page&quot; rel=&quot;prev&quot;&gt;Previous&lt;/a&gt; is not clickable at point (596, 660). Other element would receive the click: &lt;li class=&quot;page-item disabled&quot;&gt;...&lt;/li&gt;
  (Session info: chrome=131.0.6778.140)
Build info: version: &apos;4.12.1&apos;, revision: &apos;8e34639b11&apos;
System info: os.name: &apos;Windows 11&apos;, os.arch: &apos;amd64&apos;, os.version: &apos;10.0&apos;, java.version: &apos;17.0.8.1&apos;
Driver info: org.openqa.selenium.chrome.ChromeDriver
Command: [17bb77cfbad2bd3cd3ebc4acb171a0a8, clickElement {id=f.117F7FA1A3CB160652F930C24184D0F4.d.4F95FCF04EB4613DB6B48B1F66AA52D7.e.881}]
Capabilities {acceptInsecureCerts: false, browserName: chrome, browserVersion: 131.0.6778.140, chrome: {chromedriverVersion: 131.0.6778.108 (3b014839fbc..., userDataDir: C:\Users\EXTERN~1\AppData\L...}, fedcm:accounts: true, goog:chromeOptions: {debuggerAddress: localhost:61725}, networkConnectionEnabled: false, pageLoadStrategy: normal, platformName: windows, proxy: Proxy(), se:cdp: ws://localhost:61725/devtoo..., se:cdpVersion: 131.0.6778.140, setWindowRect: true, strictFileInteractability: false, timeouts: {implicit: 0, pageLoad: 300000, script: 30000}, unhandledPromptBehavior: dismiss and notify, webauthn:extension:credBlob: true, webauthn:extension:largeBlob: true, webauthn:extension:minPinLength: true, webauthn:extension:prf: true, webauthn:virtualAuthenticators: true}
Element: [[ChromeDriver: chrome on windows (17bb77cfbad2bd3cd3ebc4acb171a0a8)] -&gt; xpath: //a[text()=&apos;Previous&apos;]]
Session ID: 17bb77cfbad2bd3cd3ebc4acb171a0a8
	at org.testng.asserts.SoftAssert.assertAll(SoftAssert.java:46)
	at org.testng.asserts.SoftAssert.assertAll(SoftAssert.java:30)
	at Test_Supervisor.Verify_to_check_click_on_previous_page_button_of_supervisor_page(Test_Supervisor.java:1207)
	at java.base/jdk.internal.reflect.NativeMethodAccessorImpl.invoke0(Native Method)
	at java.base/jdk.internal.reflect.NativeMethodAccessorImpl.invoke(NativeMethodAccessorImpl.java:77)
	at java.base/jdk.internal.reflect.DelegatingMethodAccessorImpl.invoke(DelegatingMethodAccessorImpl.java:43)
	at java.base/java.lang.reflect.Method.invoke(Method.java:568)
	at org.testng.internal.invokers.MethodInvocationHelper.invokeMethod(MethodInvocationHelper.java:139)
	at org.testng.internal.invokers.TestInvoker.invokeMethod(TestInvoker.java:664)
	at org.testng.internal.invokers.TestInvoker.invokeTestMethod(TestInvoker.java:227)
	at org.testng.internal.invokers.MethodRunner.runInSequence(MethodRunner.java:50)
	at org.testng.internal.invokers.TestInvoker$MethodInvocationAgent.invoke(TestInvoker.java:957)
	at org.testng.internal.invokers.TestInvoker.invokeTestMethods(TestInvoker.java:200)
	at org.testng.internal.invokers.TestMethodWorker.invokeTestMethods(TestMethodWorker.java:148)
	at org.testng.internal.invokers.TestMethodWorker.run(TestMethodWorker.java:128)
	at java.base/java.util.ArrayList.forEach(ArrayList.java:1511)
	at org.testng.TestRunner.privateRun(TestRunner.java:848)
	at org.testng.TestRunner.run(TestRunner.java:621)
	at org.testng.SuiteRunner.runTest(SuiteRunner.java:443)
	at org.testng.SuiteRunner.runSequentially(SuiteRunner.java:437)
	at org.testng.SuiteRunner.privateRun(SuiteRunner.java:397)
	at org.testng.SuiteRunner.run(SuiteRunner.java:336)
	at org.testng.SuiteRunnerWorker.runSuite(SuiteRunnerWorker.java:52)
	at org.testng.SuiteRunnerWorker.run(SuiteRunnerWorker.java:95)
	at org.testng.TestNG.runSuitesSequentially(TestNG.java:1280)
	at org.testng.TestNG.runSuitesLocally(TestNG.java:1200)
	at org.testng.TestNG.runSuites(TestNG.java:1114)
	at org.testng.TestNG.run(TestNG.java:1082)
	at org.testng.remote.AbstractRemoteTestNG.run(AbstractRemoteTestNG.java:115)
	at org.testng.remote.RemoteTestNG.initAndRun(RemoteTestNG.java:251)
	at org.testng.remote.RemoteTestNG.main(RemoteTestNG.java:77)
</pre></div></td>
<td>14</td>
<td>Test_Supervisor@41330d4f</td></tr>
<tr>
<td title='Device_TC.Verify_and_check_to_update_devicezone_by_selecting_other_country_from_dropdown()'><b>Verify_and_check_to_update_devicezone_by_selecting_other_country_from_dropdown</b><br>Test class: Device_TC</td>
<td><div><pre>java.lang.AssertionError: The following asserts failed:
	Exception: Expected condition failed: waiting for visibility of element located by By.xpath: //div[text()=&apos;Device Updated Successfully&apos;] (tried for 40 second(s) with 500 milliseconds interval)
Build info: version: &apos;4.12.1&apos;, revision: &apos;8e34639b11&apos;
System info: os.name: &apos;Windows 11&apos;, os.arch: &apos;amd64&apos;, os.version: &apos;10.0&apos;, java.version: &apos;17.0.8.1&apos;
Driver info: org.openqa.selenium.chrome.ChromeDriver
Capabilities {acceptInsecureCerts: false, browserName: chrome, browserVersion: 131.0.6778.140, chrome: {chromedriverVersion: 131.0.6778.108 (3b014839fbc..., userDataDir: C:\Users\EXTERN~1\AppData\L...}, fedcm:accounts: true, goog:chromeOptions: {debuggerAddress: localhost:65102}, networkConnectionEnabled: false, pageLoadStrategy: normal, platformName: windows, proxy: Proxy(), se:cdp: ws://localhost:65102/devtoo..., se:cdpVersion: 131.0.6778.140, setWindowRect: true, strictFileInteractability: false, timeouts: {implicit: 0, pageLoad: 300000, script: 30000}, unhandledPromptBehavior: dismiss and notify, webauthn:extension:credBlob: true, webauthn:extension:largeBlob: true, webauthn:extension:minPinLength: true, webauthn:extension:prf: true, webauthn:virtualAuthenticators: true}
Session ID: 7d9e96df2b124a133cfebd69a05a2a34
	at Device_TC.Verify_and_check_to_update_devicezone_by_selecting_other_country_from_dropdown(Device_TC.java:139)
	at java.base/java.util.ArrayList.forEach(ArrayList.java:1511)
... Removed 29 stack frames</pre></div><a href='#' onClick='toggleBox("stack-trace700896309", this, "Click to show all stack frames", "Click to hide stack frames")'>Click to show all stack frames</a>
<div class='stack-trace' id='stack-trace700896309'><pre>java.lang.AssertionError: The following asserts failed:
	Exception: Expected condition failed: waiting for visibility of element located by By.xpath: //div[text()=&apos;Device Updated Successfully&apos;] (tried for 40 second(s) with 500 milliseconds interval)
Build info: version: &apos;4.12.1&apos;, revision: &apos;8e34639b11&apos;
System info: os.name: &apos;Windows 11&apos;, os.arch: &apos;amd64&apos;, os.version: &apos;10.0&apos;, java.version: &apos;17.0.8.1&apos;
Driver info: org.openqa.selenium.chrome.ChromeDriver
Capabilities {acceptInsecureCerts: false, browserName: chrome, browserVersion: 131.0.6778.140, chrome: {chromedriverVersion: 131.0.6778.108 (3b014839fbc..., userDataDir: C:\Users\EXTERN~1\AppData\L...}, fedcm:accounts: true, goog:chromeOptions: {debuggerAddress: localhost:65102}, networkConnectionEnabled: false, pageLoadStrategy: normal, platformName: windows, proxy: Proxy(), se:cdp: ws://localhost:65102/devtoo..., se:cdpVersion: 131.0.6778.140, setWindowRect: true, strictFileInteractability: false, timeouts: {implicit: 0, pageLoad: 300000, script: 30000}, unhandledPromptBehavior: dismiss and notify, webauthn:extension:credBlob: true, webauthn:extension:largeBlob: true, webauthn:extension:minPinLength: true, webauthn:extension:prf: true, webauthn:virtualAuthenticators: true}
Session ID: 7d9e96df2b124a133cfebd69a05a2a34
	at org.testng.asserts.SoftAssert.assertAll(SoftAssert.java:46)
	at org.testng.asserts.SoftAssert.assertAll(SoftAssert.java:30)
	at Device_TC.Verify_and_check_to_update_devicezone_by_selecting_other_country_from_dropdown(Device_TC.java:139)
	at java.base/jdk.internal.reflect.NativeMethodAccessorImpl.invoke0(Native Method)
	at java.base/jdk.internal.reflect.NativeMethodAccessorImpl.invoke(NativeMethodAccessorImpl.java:77)
	at java.base/jdk.internal.reflect.DelegatingMethodAccessorImpl.invoke(DelegatingMethodAccessorImpl.java:43)
	at java.base/java.lang.reflect.Method.invoke(Method.java:568)
	at org.testng.internal.invokers.MethodInvocationHelper.invokeMethod(MethodInvocationHelper.java:139)
	at org.testng.internal.invokers.TestInvoker.invokeMethod(TestInvoker.java:664)
	at org.testng.internal.invokers.TestInvoker.invokeTestMethod(TestInvoker.java:227)
	at org.testng.internal.invokers.MethodRunner.runInSequence(MethodRunner.java:50)
	at org.testng.internal.invokers.TestInvoker$MethodInvocationAgent.invoke(TestInvoker.java:957)
	at org.testng.internal.invokers.TestInvoker.invokeTestMethods(TestInvoker.java:200)
	at org.testng.internal.invokers.TestMethodWorker.invokeTestMethods(TestMethodWorker.java:148)
	at org.testng.internal.invokers.TestMethodWorker.run(TestMethodWorker.java:128)
	at java.base/java.util.ArrayList.forEach(ArrayList.java:1511)
	at org.testng.TestRunner.privateRun(TestRunner.java:848)
	at org.testng.TestRunner.run(TestRunner.java:621)
	at org.testng.SuiteRunner.runTest(SuiteRunner.java:443)
	at org.testng.SuiteRunner.runSequentially(SuiteRunner.java:437)
	at org.testng.SuiteRunner.privateRun(SuiteRunner.java:397)
	at org.testng.SuiteRunner.run(SuiteRunner.java:336)
	at org.testng.SuiteRunnerWorker.runSuite(SuiteRunnerWorker.java:52)
	at org.testng.SuiteRunnerWorker.run(SuiteRunnerWorker.java:95)
	at org.testng.TestNG.runSuitesSequentially(TestNG.java:1280)
	at org.testng.TestNG.runSuitesLocally(TestNG.java:1200)
	at org.testng.TestNG.runSuites(TestNG.java:1114)
	at org.testng.TestNG.run(TestNG.java:1082)
	at org.testng.remote.AbstractRemoteTestNG.run(AbstractRemoteTestNG.java:115)
	at org.testng.remote.RemoteTestNG.initAndRun(RemoteTestNG.java:251)
	at org.testng.remote.RemoteTestNG.main(RemoteTestNG.java:77)
</pre></div></td>
<td>64</td>
<td>Device_TC@508dec2b</td></tr>
<tr>
<td title='Device_TC.Verify_and_check_orgnization_field_disable_in_update_form()'><b>Verify_and_check_orgnization_field_disable_in_update_form</b><br>Test class: Device_TC</td>
<td><div><pre>java.lang.AssertionError: The following asserts failed:
	Exception: element click intercepted: Element &lt;span&gt;...&lt;/span&gt; is not clickable at point (1322, 314). Other element would receive the click: &lt;div class=&quot;create-supervisor-organizationpopup&quot;&gt;...&lt;/div&gt;
  (Session info: chrome=131.0.6778.140)
Build info: version: &apos;4.12.1&apos;, revision: &apos;8e34639b11&apos;
System info: os.name: &apos;Windows 11&apos;, os.arch: &apos;amd64&apos;, os.version: &apos;10.0&apos;, java.version: &apos;17.0.8.1&apos;
Driver info: org.openqa.selenium.chrome.ChromeDriver
Command: [7d9e96df2b124a133cfebd69a05a2a34, clickElement {id=f.1E7B21661485009247F24CE87F9ADD3F.d.642CE4333506E4CA5CA04D824A6BF975.e.48}]
Capabilities {acceptInsecureCerts: false, browserName: chrome, browserVersion: 131.0.6778.140, chrome: {chromedriverVersion: 131.0.6778.108 (3b014839fbc..., userDataDir: C:\Users\EXTERN~1\AppData\L...}, fedcm:accounts: true, goog:chromeOptions: {debuggerAddress: localhost:65102}, networkConnectionEnabled: false, pageLoadStrategy: normal, platformName: windows, proxy: Proxy(), se:cdp: ws://localhost:65102/devtoo..., se:cdpVersion: 131.0.6778.140, setWindowRect: true, strictFileInteractability: false, timeouts: {implicit: 0, pageLoad: 300000, script: 30000}, unhandledPromptBehavior: dismiss and notify, webauthn:extension:credBlob: true, webauthn:extension:largeBlob: true, webauthn:extension:minPinLength: true, webauthn:extension:prf: true, webauthn:virtualAuthenticators: true}
Element: [[ChromeDriver: chrome on windows (7d9e96df2b124a133cfebd69a05a2a34)] -&gt; xpath: //td[@class=&apos;actionIcon&apos;]/span]
Session ID: 7d9e96df2b124a133cfebd69a05a2a34
	at Device_TC.Verify_and_check_orgnization_field_disable_in_update_form(Device_TC.java:251)
	at java.base/java.util.ArrayList.forEach(ArrayList.java:1511)
... Removed 29 stack frames</pre></div><a href='#' onClick='toggleBox("stack-trace53740801", this, "Click to show all stack frames", "Click to hide stack frames")'>Click to show all stack frames</a>
<div class='stack-trace' id='stack-trace53740801'><pre>java.lang.AssertionError: The following asserts failed:
	Exception: element click intercepted: Element &lt;span&gt;...&lt;/span&gt; is not clickable at point (1322, 314). Other element would receive the click: &lt;div class=&quot;create-supervisor-organizationpopup&quot;&gt;...&lt;/div&gt;
  (Session info: chrome=131.0.6778.140)
Build info: version: &apos;4.12.1&apos;, revision: &apos;8e34639b11&apos;
System info: os.name: &apos;Windows 11&apos;, os.arch: &apos;amd64&apos;, os.version: &apos;10.0&apos;, java.version: &apos;17.0.8.1&apos;
Driver info: org.openqa.selenium.chrome.ChromeDriver
Command: [7d9e96df2b124a133cfebd69a05a2a34, clickElement {id=f.1E7B21661485009247F24CE87F9ADD3F.d.642CE4333506E4CA5CA04D824A6BF975.e.48}]
Capabilities {acceptInsecureCerts: false, browserName: chrome, browserVersion: 131.0.6778.140, chrome: {chromedriverVersion: 131.0.6778.108 (3b014839fbc..., userDataDir: C:\Users\EXTERN~1\AppData\L...}, fedcm:accounts: true, goog:chromeOptions: {debuggerAddress: localhost:65102}, networkConnectionEnabled: false, pageLoadStrategy: normal, platformName: windows, proxy: Proxy(), se:cdp: ws://localhost:65102/devtoo..., se:cdpVersion: 131.0.6778.140, setWindowRect: true, strictFileInteractability: false, timeouts: {implicit: 0, pageLoad: 300000, script: 30000}, unhandledPromptBehavior: dismiss and notify, webauthn:extension:credBlob: true, webauthn:extension:largeBlob: true, webauthn:extension:minPinLength: true, webauthn:extension:prf: true, webauthn:virtualAuthenticators: true}
Element: [[ChromeDriver: chrome on windows (7d9e96df2b124a133cfebd69a05a2a34)] -&gt; xpath: //td[@class=&apos;actionIcon&apos;]/span]
Session ID: 7d9e96df2b124a133cfebd69a05a2a34
	at org.testng.asserts.SoftAssert.assertAll(SoftAssert.java:46)
	at org.testng.asserts.SoftAssert.assertAll(SoftAssert.java:30)
	at Device_TC.Verify_and_check_orgnization_field_disable_in_update_form(Device_TC.java:251)
	at java.base/jdk.internal.reflect.NativeMethodAccessorImpl.invoke0(Native Method)
	at java.base/jdk.internal.reflect.NativeMethodAccessorImpl.invoke(NativeMethodAccessorImpl.java:77)
	at java.base/jdk.internal.reflect.DelegatingMethodAccessorImpl.invoke(DelegatingMethodAccessorImpl.java:43)
	at java.base/java.lang.reflect.Method.invoke(Method.java:568)
	at org.testng.internal.invokers.MethodInvocationHelper.invokeMethod(MethodInvocationHelper.java:139)
	at org.testng.internal.invokers.TestInvoker.invokeMethod(TestInvoker.java:664)
	at org.testng.internal.invokers.TestInvoker.invokeTestMethod(TestInvoker.java:227)
	at org.testng.internal.invokers.MethodRunner.runInSequence(MethodRunner.java:50)
	at org.testng.internal.invokers.TestInvoker$MethodInvocationAgent.invoke(TestInvoker.java:957)
	at org.testng.internal.invokers.TestInvoker.invokeTestMethods(TestInvoker.java:200)
	at org.testng.internal.invokers.TestMethodWorker.invokeTestMethods(TestMethodWorker.java:148)
	at org.testng.internal.invokers.TestMethodWorker.run(TestMethodWorker.java:128)
	at java.base/java.util.ArrayList.forEach(ArrayList.java:1511)
	at org.testng.TestRunner.privateRun(TestRunner.java:848)
	at org.testng.TestRunner.run(TestRunner.java:621)
	at org.testng.SuiteRunner.runTest(SuiteRunner.java:443)
	at org.testng.SuiteRunner.runSequentially(SuiteRunner.java:437)
	at org.testng.SuiteRunner.privateRun(SuiteRunner.java:397)
	at org.testng.SuiteRunner.run(SuiteRunner.java:336)
	at org.testng.SuiteRunnerWorker.runSuite(SuiteRunnerWorker.java:52)
	at org.testng.SuiteRunnerWorker.run(SuiteRunnerWorker.java:95)
	at org.testng.TestNG.runSuitesSequentially(TestNG.java:1280)
	at org.testng.TestNG.runSuitesLocally(TestNG.java:1200)
	at org.testng.TestNG.runSuites(TestNG.java:1114)
	at org.testng.TestNG.run(TestNG.java:1082)
	at org.testng.remote.AbstractRemoteTestNG.run(AbstractRemoteTestNG.java:115)
	at org.testng.remote.RemoteTestNG.initAndRun(RemoteTestNG.java:251)
	at org.testng.remote.RemoteTestNG.main(RemoteTestNG.java:77)
</pre></div></td>
<td>14</td>
<td>Device_TC@508dec2b</td></tr>
<tr>
<td title='Device_TC.Verify_to_check_click_on_update_and_click_on_submit_button()'><b>Verify_to_check_click_on_update_and_click_on_submit_button</b><br>Test class: Device_TC</td>
<td><div><pre>java.lang.AssertionError: The following asserts failed:
	Exception: Expected condition failed: waiting for visibility of element located by By.xpath: //div[text()=&apos;Device Updated Successfully&apos;] (tried for 40 second(s) with 500 milliseconds interval)
Build info: version: &apos;4.12.1&apos;, revision: &apos;8e34639b11&apos;
System info: os.name: &apos;Windows 11&apos;, os.arch: &apos;amd64&apos;, os.version: &apos;10.0&apos;, java.version: &apos;17.0.8.1&apos;
Driver info: org.openqa.selenium.chrome.ChromeDriver
Capabilities {acceptInsecureCerts: false, browserName: chrome, browserVersion: 131.0.6778.140, chrome: {chromedriverVersion: 131.0.6778.108 (3b014839fbc..., userDataDir: C:\Users\EXTERN~1\AppData\L...}, fedcm:accounts: true, goog:chromeOptions: {debuggerAddress: localhost:65102}, networkConnectionEnabled: false, pageLoadStrategy: normal, platformName: windows, proxy: Proxy(), se:cdp: ws://localhost:65102/devtoo..., se:cdpVersion: 131.0.6778.140, setWindowRect: true, strictFileInteractability: false, timeouts: {implicit: 0, pageLoad: 300000, script: 30000}, unhandledPromptBehavior: dismiss and notify, webauthn:extension:credBlob: true, webauthn:extension:largeBlob: true, webauthn:extension:minPinLength: true, webauthn:extension:prf: true, webauthn:virtualAuthenticators: true}
Session ID: 7d9e96df2b124a133cfebd69a05a2a34
	at Device_TC.Verify_to_check_click_on_update_and_click_on_submit_button(Device_TC.java:64)
	at java.base/java.util.ArrayList.forEach(ArrayList.java:1511)
... Removed 29 stack frames</pre></div><a href='#' onClick='toggleBox("stack-trace1663937947", this, "Click to show all stack frames", "Click to hide stack frames")'>Click to show all stack frames</a>
<div class='stack-trace' id='stack-trace1663937947'><pre>java.lang.AssertionError: The following asserts failed:
	Exception: Expected condition failed: waiting for visibility of element located by By.xpath: //div[text()=&apos;Device Updated Successfully&apos;] (tried for 40 second(s) with 500 milliseconds interval)
Build info: version: &apos;4.12.1&apos;, revision: &apos;8e34639b11&apos;
System info: os.name: &apos;Windows 11&apos;, os.arch: &apos;amd64&apos;, os.version: &apos;10.0&apos;, java.version: &apos;17.0.8.1&apos;
Driver info: org.openqa.selenium.chrome.ChromeDriver
Capabilities {acceptInsecureCerts: false, browserName: chrome, browserVersion: 131.0.6778.140, chrome: {chromedriverVersion: 131.0.6778.108 (3b014839fbc..., userDataDir: C:\Users\EXTERN~1\AppData\L...}, fedcm:accounts: true, goog:chromeOptions: {debuggerAddress: localhost:65102}, networkConnectionEnabled: false, pageLoadStrategy: normal, platformName: windows, proxy: Proxy(), se:cdp: ws://localhost:65102/devtoo..., se:cdpVersion: 131.0.6778.140, setWindowRect: true, strictFileInteractability: false, timeouts: {implicit: 0, pageLoad: 300000, script: 30000}, unhandledPromptBehavior: dismiss and notify, webauthn:extension:credBlob: true, webauthn:extension:largeBlob: true, webauthn:extension:minPinLength: true, webauthn:extension:prf: true, webauthn:virtualAuthenticators: true}
Session ID: 7d9e96df2b124a133cfebd69a05a2a34
	at org.testng.asserts.SoftAssert.assertAll(SoftAssert.java:46)
	at org.testng.asserts.SoftAssert.assertAll(SoftAssert.java:30)
	at Device_TC.Verify_to_check_click_on_update_and_click_on_submit_button(Device_TC.java:64)
	at java.base/jdk.internal.reflect.NativeMethodAccessorImpl.invoke0(Native Method)
	at java.base/jdk.internal.reflect.NativeMethodAccessorImpl.invoke(NativeMethodAccessorImpl.java:77)
	at java.base/jdk.internal.reflect.DelegatingMethodAccessorImpl.invoke(DelegatingMethodAccessorImpl.java:43)
	at java.base/java.lang.reflect.Method.invoke(Method.java:568)
	at org.testng.internal.invokers.MethodInvocationHelper.invokeMethod(MethodInvocationHelper.java:139)
	at org.testng.internal.invokers.TestInvoker.invokeMethod(TestInvoker.java:664)
	at org.testng.internal.invokers.TestInvoker.invokeTestMethod(TestInvoker.java:227)
	at org.testng.internal.invokers.MethodRunner.runInSequence(MethodRunner.java:50)
	at org.testng.internal.invokers.TestInvoker$MethodInvocationAgent.invoke(TestInvoker.java:957)
	at org.testng.internal.invokers.TestInvoker.invokeTestMethods(TestInvoker.java:200)
	at org.testng.internal.invokers.TestMethodWorker.invokeTestMethods(TestMethodWorker.java:148)
	at org.testng.internal.invokers.TestMethodWorker.run(TestMethodWorker.java:128)
	at java.base/java.util.ArrayList.forEach(ArrayList.java:1511)
	at org.testng.TestRunner.privateRun(TestRunner.java:848)
	at org.testng.TestRunner.run(TestRunner.java:621)
	at org.testng.SuiteRunner.runTest(SuiteRunner.java:443)
	at org.testng.SuiteRunner.runSequentially(SuiteRunner.java:437)
	at org.testng.SuiteRunner.privateRun(SuiteRunner.java:397)
	at org.testng.SuiteRunner.run(SuiteRunner.java:336)
	at org.testng.SuiteRunnerWorker.runSuite(SuiteRunnerWorker.java:52)
	at org.testng.SuiteRunnerWorker.run(SuiteRunnerWorker.java:95)
	at org.testng.TestNG.runSuitesSequentially(TestNG.java:1280)
	at org.testng.TestNG.runSuitesLocally(TestNG.java:1200)
	at org.testng.TestNG.runSuites(TestNG.java:1114)
	at org.testng.TestNG.run(TestNG.java:1082)
	at org.testng.remote.AbstractRemoteTestNG.run(AbstractRemoteTestNG.java:115)
	at org.testng.remote.RemoteTestNG.initAndRun(RemoteTestNG.java:251)
	at org.testng.remote.RemoteTestNG.main(RemoteTestNG.java:77)
</pre></div></td>
<td>56</td>
<td>Device_TC@508dec2b</td></tr>
<tr>
<td title='Device_TC.Verify_and_check_to_type_on_timezone_field_but_the_country_are_not_present_in_dropbox()'><b>Verify_and_check_to_type_on_timezone_field_but_the_country_are_not_present_in_dropbox</b><br>Test class: Device_TC</td>
<td><div><pre>java.lang.AssertionError: The following asserts failed:
	Exception: element click intercepted: Element &lt;div class=&quot;img-box &quot; id=&quot;toggle-id&quot;&gt;...&lt;/div&gt; is not clickable at point (1442, 57). Other element would receive the click: &lt;div class=&quot;create-supervisor-organizationpopup&quot;&gt;...&lt;/div&gt;
  (Session info: chrome=131.0.6778.140)
Build info: version: &apos;4.12.1&apos;, revision: &apos;8e34639b11&apos;
System info: os.name: &apos;Windows 11&apos;, os.arch: &apos;amd64&apos;, os.version: &apos;10.0&apos;, java.version: &apos;17.0.8.1&apos;
Driver info: org.openqa.selenium.chrome.ChromeDriver
Command: [7d9e96df2b124a133cfebd69a05a2a34, clickElement {id=f.1E7B21661485009247F24CE87F9ADD3F.d.642CE4333506E4CA5CA04D824A6BF975.e.108}]
Capabilities {acceptInsecureCerts: false, browserName: chrome, browserVersion: 131.0.6778.140, chrome: {chromedriverVersion: 131.0.6778.108 (3b014839fbc..., userDataDir: C:\Users\EXTERN~1\AppData\L...}, fedcm:accounts: true, goog:chromeOptions: {debuggerAddress: localhost:65102}, networkConnectionEnabled: false, pageLoadStrategy: normal, platformName: windows, proxy: Proxy(), se:cdp: ws://localhost:65102/devtoo..., se:cdpVersion: 131.0.6778.140, setWindowRect: true, strictFileInteractability: false, timeouts: {implicit: 0, pageLoad: 300000, script: 30000}, unhandledPromptBehavior: dismiss and notify, webauthn:extension:credBlob: true, webauthn:extension:largeBlob: true, webauthn:extension:minPinLength: true, webauthn:extension:prf: true, webauthn:virtualAuthenticators: true}
Element: [[ChromeDriver: chrome on windows (7d9e96df2b124a133cfebd69a05a2a34)] -&gt; xpath: //div[@id=&apos;toggle-id&apos;]]
Session ID: 7d9e96df2b124a133cfebd69a05a2a34
	at Device_TC.Verify_and_check_to_type_on_timezone_field_but_the_country_are_not_present_in_dropbox(Device_TC.java:219)
	at java.base/java.util.ArrayList.forEach(ArrayList.java:1511)
... Removed 29 stack frames</pre></div><a href='#' onClick='toggleBox("stack-trace335677813", this, "Click to show all stack frames", "Click to hide stack frames")'>Click to show all stack frames</a>
<div class='stack-trace' id='stack-trace335677813'><pre>java.lang.AssertionError: The following asserts failed:
	Exception: element click intercepted: Element &lt;div class=&quot;img-box &quot; id=&quot;toggle-id&quot;&gt;...&lt;/div&gt; is not clickable at point (1442, 57). Other element would receive the click: &lt;div class=&quot;create-supervisor-organizationpopup&quot;&gt;...&lt;/div&gt;
  (Session info: chrome=131.0.6778.140)
Build info: version: &apos;4.12.1&apos;, revision: &apos;8e34639b11&apos;
System info: os.name: &apos;Windows 11&apos;, os.arch: &apos;amd64&apos;, os.version: &apos;10.0&apos;, java.version: &apos;17.0.8.1&apos;
Driver info: org.openqa.selenium.chrome.ChromeDriver
Command: [7d9e96df2b124a133cfebd69a05a2a34, clickElement {id=f.1E7B21661485009247F24CE87F9ADD3F.d.642CE4333506E4CA5CA04D824A6BF975.e.108}]
Capabilities {acceptInsecureCerts: false, browserName: chrome, browserVersion: 131.0.6778.140, chrome: {chromedriverVersion: 131.0.6778.108 (3b014839fbc..., userDataDir: C:\Users\EXTERN~1\AppData\L...}, fedcm:accounts: true, goog:chromeOptions: {debuggerAddress: localhost:65102}, networkConnectionEnabled: false, pageLoadStrategy: normal, platformName: windows, proxy: Proxy(), se:cdp: ws://localhost:65102/devtoo..., se:cdpVersion: 131.0.6778.140, setWindowRect: true, strictFileInteractability: false, timeouts: {implicit: 0, pageLoad: 300000, script: 30000}, unhandledPromptBehavior: dismiss and notify, webauthn:extension:credBlob: true, webauthn:extension:largeBlob: true, webauthn:extension:minPinLength: true, webauthn:extension:prf: true, webauthn:virtualAuthenticators: true}
Element: [[ChromeDriver: chrome on windows (7d9e96df2b124a133cfebd69a05a2a34)] -&gt; xpath: //div[@id=&apos;toggle-id&apos;]]
Session ID: 7d9e96df2b124a133cfebd69a05a2a34
	at org.testng.asserts.SoftAssert.assertAll(SoftAssert.java:46)
	at org.testng.asserts.SoftAssert.assertAll(SoftAssert.java:30)
	at Device_TC.Verify_and_check_to_type_on_timezone_field_but_the_country_are_not_present_in_dropbox(Device_TC.java:219)
	at java.base/jdk.internal.reflect.NativeMethodAccessorImpl.invoke0(Native Method)
	at java.base/jdk.internal.reflect.NativeMethodAccessorImpl.invoke(NativeMethodAccessorImpl.java:77)
	at java.base/jdk.internal.reflect.DelegatingMethodAccessorImpl.invoke(DelegatingMethodAccessorImpl.java:43)
	at java.base/java.lang.reflect.Method.invoke(Method.java:568)
	at org.testng.internal.invokers.MethodInvocationHelper.invokeMethod(MethodInvocationHelper.java:139)
	at org.testng.internal.invokers.TestInvoker.invokeMethod(TestInvoker.java:664)
	at org.testng.internal.invokers.TestInvoker.invokeTestMethod(TestInvoker.java:227)
	at org.testng.internal.invokers.MethodRunner.runInSequence(MethodRunner.java:50)
	at org.testng.internal.invokers.TestInvoker$MethodInvocationAgent.invoke(TestInvoker.java:957)
	at org.testng.internal.invokers.TestInvoker.invokeTestMethods(TestInvoker.java:200)
	at org.testng.internal.invokers.TestMethodWorker.invokeTestMethods(TestMethodWorker.java:148)
	at org.testng.internal.invokers.TestMethodWorker.run(TestMethodWorker.java:128)
	at java.base/java.util.ArrayList.forEach(ArrayList.java:1511)
	at org.testng.TestRunner.privateRun(TestRunner.java:848)
	at org.testng.TestRunner.run(TestRunner.java:621)
	at org.testng.SuiteRunner.runTest(SuiteRunner.java:443)
	at org.testng.SuiteRunner.runSequentially(SuiteRunner.java:437)
	at org.testng.SuiteRunner.privateRun(SuiteRunner.java:397)
	at org.testng.SuiteRunner.run(SuiteRunner.java:336)
	at org.testng.SuiteRunnerWorker.runSuite(SuiteRunnerWorker.java:52)
	at org.testng.SuiteRunnerWorker.run(SuiteRunnerWorker.java:95)
	at org.testng.TestNG.runSuitesSequentially(TestNG.java:1280)
	at org.testng.TestNG.runSuitesLocally(TestNG.java:1200)
	at org.testng.TestNG.runSuites(TestNG.java:1114)
	at org.testng.TestNG.run(TestNG.java:1082)
	at org.testng.remote.AbstractRemoteTestNG.run(AbstractRemoteTestNG.java:115)
	at org.testng.remote.RemoteTestNG.initAndRun(RemoteTestNG.java:251)
	at org.testng.remote.RemoteTestNG.main(RemoteTestNG.java:77)
</pre></div></td>
<td>13</td>
<td>Device_TC@508dec2b</td></tr>
<tr>
<td title='TesttipcoLogin.verify_to_login_with_valid_mail_and_Password()'><b>verify_to_login_with_valid_mail_and_Password</b><br>Test class: TesttipcoLogin</td>
<td><div><pre>java.lang.AssertionError: The following asserts failed:
	Exception occurred: Expected condition failed: waiting for visibility of element located by By.xpath: //span[@class=&apos;mainLogo&apos;] (tried for 40 second(s) with 500 milliseconds interval)
Build info: version: &apos;4.12.1&apos;, revision: &apos;8e34639b11&apos;
System info: os.name: &apos;Windows 11&apos;, os.arch: &apos;amd64&apos;, os.version: &apos;10.0&apos;, java.version: &apos;17.0.8.1&apos;
Driver info: org.openqa.selenium.chrome.ChromeDriver
Capabilities {acceptInsecureCerts: false, browserName: chrome, browserVersion: 131.0.6778.140, chrome: {chromedriverVersion: 131.0.6778.108 (3b014839fbc..., userDataDir: C:\Users\EXTERN~1\AppData\L...}, fedcm:accounts: true, goog:chromeOptions: {debuggerAddress: localhost:61629}, networkConnectionEnabled: false, pageLoadStrategy: normal, platformName: windows, proxy: Proxy(), se:cdp: ws://localhost:61629/devtoo..., se:cdpVersion: 131.0.6778.140, setWindowRect: true, strictFileInteractability: false, timeouts: {implicit: 0, pageLoad: 300000, script: 30000}, unhandledPromptBehavior: dismiss and notify, webauthn:extension:credBlob: true, webauthn:extension:largeBlob: true, webauthn:extension:minPinLength: true, webauthn:extension:prf: true, webauthn:virtualAuthenticators: true}
Session ID: 5a49a25235bda4621274d49e254b0c5f
	at TesttipcoLogin.verify_to_login_with_valid_mail_and_Password(TesttipcoLogin.java:80)
	at java.base/java.util.ArrayList.forEach(ArrayList.java:1511)
... Removed 29 stack frames</pre></div><a href='#' onClick='toggleBox("stack-trace1100004490", this, "Click to show all stack frames", "Click to hide stack frames")'>Click to show all stack frames</a>
<div class='stack-trace' id='stack-trace1100004490'><pre>java.lang.AssertionError: The following asserts failed:
	Exception occurred: Expected condition failed: waiting for visibility of element located by By.xpath: //span[@class=&apos;mainLogo&apos;] (tried for 40 second(s) with 500 milliseconds interval)
Build info: version: &apos;4.12.1&apos;, revision: &apos;8e34639b11&apos;
System info: os.name: &apos;Windows 11&apos;, os.arch: &apos;amd64&apos;, os.version: &apos;10.0&apos;, java.version: &apos;17.0.8.1&apos;
Driver info: org.openqa.selenium.chrome.ChromeDriver
Capabilities {acceptInsecureCerts: false, browserName: chrome, browserVersion: 131.0.6778.140, chrome: {chromedriverVersion: 131.0.6778.108 (3b014839fbc..., userDataDir: C:\Users\EXTERN~1\AppData\L...}, fedcm:accounts: true, goog:chromeOptions: {debuggerAddress: localhost:61629}, networkConnectionEnabled: false, pageLoadStrategy: normal, platformName: windows, proxy: Proxy(), se:cdp: ws://localhost:61629/devtoo..., se:cdpVersion: 131.0.6778.140, setWindowRect: true, strictFileInteractability: false, timeouts: {implicit: 0, pageLoad: 300000, script: 30000}, unhandledPromptBehavior: dismiss and notify, webauthn:extension:credBlob: true, webauthn:extension:largeBlob: true, webauthn:extension:minPinLength: true, webauthn:extension:prf: true, webauthn:virtualAuthenticators: true}
Session ID: 5a49a25235bda4621274d49e254b0c5f
	at org.testng.asserts.SoftAssert.assertAll(SoftAssert.java:46)
	at org.testng.asserts.SoftAssert.assertAll(SoftAssert.java:30)
	at TesttipcoLogin.verify_to_login_with_valid_mail_and_Password(TesttipcoLogin.java:80)
	at java.base/jdk.internal.reflect.NativeMethodAccessorImpl.invoke0(Native Method)
	at java.base/jdk.internal.reflect.NativeMethodAccessorImpl.invoke(NativeMethodAccessorImpl.java:77)
	at java.base/jdk.internal.reflect.DelegatingMethodAccessorImpl.invoke(DelegatingMethodAccessorImpl.java:43)
	at java.base/java.lang.reflect.Method.invoke(Method.java:568)
	at org.testng.internal.invokers.MethodInvocationHelper.invokeMethod(MethodInvocationHelper.java:139)
	at org.testng.internal.invokers.TestInvoker.invokeMethod(TestInvoker.java:664)
	at org.testng.internal.invokers.TestInvoker.invokeTestMethod(TestInvoker.java:227)
	at org.testng.internal.invokers.MethodRunner.runInSequence(MethodRunner.java:50)
	at org.testng.internal.invokers.TestInvoker$MethodInvocationAgent.invoke(TestInvoker.java:957)
	at org.testng.internal.invokers.TestInvoker.invokeTestMethods(TestInvoker.java:200)
	at org.testng.internal.invokers.TestMethodWorker.invokeTestMethods(TestMethodWorker.java:148)
	at org.testng.internal.invokers.TestMethodWorker.run(TestMethodWorker.java:128)
	at java.base/java.util.ArrayList.forEach(ArrayList.java:1511)
	at org.testng.TestRunner.privateRun(TestRunner.java:848)
	at org.testng.TestRunner.run(TestRunner.java:621)
	at org.testng.SuiteRunner.runTest(SuiteRunner.java:443)
	at org.testng.SuiteRunner.runSequentially(SuiteRunner.java:437)
	at org.testng.SuiteRunner.privateRun(SuiteRunner.java:397)
	at org.testng.SuiteRunner.run(SuiteRunner.java:336)
	at org.testng.SuiteRunnerWorker.runSuite(SuiteRunnerWorker.java:52)
	at org.testng.SuiteRunnerWorker.run(SuiteRunnerWorker.java:95)
	at org.testng.TestNG.runSuitesSequentially(TestNG.java:1280)
	at org.testng.TestNG.runSuitesLocally(TestNG.java:1200)
	at org.testng.TestNG.runSuites(TestNG.java:1114)
	at org.testng.TestNG.run(TestNG.java:1082)
	at org.testng.remote.AbstractRemoteTestNG.run(AbstractRemoteTestNG.java:115)
	at org.testng.remote.RemoteTestNG.initAndRun(RemoteTestNG.java:251)
	at org.testng.remote.RemoteTestNG.main(RemoteTestNG.java:77)
</pre></div></td>
<td>50</td>
<td>TesttipcoLogin@2254127a</td></tr>
<tr>
<td title='Device_TC.Verify_to_check_and_click_next_page_of_the_device_page()'><b>Verify_to_check_and_click_next_page_of_the_device_page</b><br>Test class: Device_TC</td>
<td><div><pre>java.lang.AssertionError: The following asserts failed:
	Exception: element click intercepted: Element &lt;a class=&quot;page-link&quot; tabindex=&quot;0&quot; role=&quot;button&quot; aria-disabled=&quot;false&quot; aria-label=&quot;... page&quot; rel=&quot;next&quot;&gt;Next&lt;/a&gt; is not clickable at point (937, 660). Other element would receive the click: &lt;div class=&quot;login-box&quot;&gt;...&lt;/div&gt;
  (Session info: chrome=131.0.6778.140)
Build info: version: &apos;4.12.1&apos;, revision: &apos;8e34639b11&apos;
System info: os.name: &apos;Windows 11&apos;, os.arch: &apos;amd64&apos;, os.version: &apos;10.0&apos;, java.version: &apos;17.0.8.1&apos;
Driver info: org.openqa.selenium.chrome.ChromeDriver
Command: [7d9e96df2b124a133cfebd69a05a2a34, clickElement {id=f.1E7B21661485009247F24CE87F9ADD3F.d.642CE4333506E4CA5CA04D824A6BF975.e.109}]
Capabilities {acceptInsecureCerts: false, browserName: chrome, browserVersion: 131.0.6778.140, chrome: {chromedriverVersion: 131.0.6778.108 (3b014839fbc..., userDataDir: C:\Users\EXTERN~1\AppData\L...}, fedcm:accounts: true, goog:chromeOptions: {debuggerAddress: localhost:65102}, networkConnectionEnabled: false, pageLoadStrategy: normal, platformName: windows, proxy: Proxy(), se:cdp: ws://localhost:65102/devtoo..., se:cdpVersion: 131.0.6778.140, setWindowRect: true, strictFileInteractability: false, timeouts: {implicit: 0, pageLoad: 300000, script: 30000}, unhandledPromptBehavior: dismiss and notify, webauthn:extension:credBlob: true, webauthn:extension:largeBlob: true, webauthn:extension:minPinLength: true, webauthn:extension:prf: true, webauthn:virtualAuthenticators: true}
Element: [[ChromeDriver: chrome on windows (7d9e96df2b124a133cfebd69a05a2a34)] -&gt; xpath: //a[text()=&apos;Next&apos;]]
Session ID: 7d9e96df2b124a133cfebd69a05a2a34
	at Device_TC.Verify_to_check_and_click_next_page_of_the_device_page(Device_TC.java:337)
	at java.base/java.util.ArrayList.forEach(ArrayList.java:1511)
... Removed 29 stack frames</pre></div><a href='#' onClick='toggleBox("stack-trace833104434", this, "Click to show all stack frames", "Click to hide stack frames")'>Click to show all stack frames</a>
<div class='stack-trace' id='stack-trace833104434'><pre>java.lang.AssertionError: The following asserts failed:
	Exception: element click intercepted: Element &lt;a class=&quot;page-link&quot; tabindex=&quot;0&quot; role=&quot;button&quot; aria-disabled=&quot;false&quot; aria-label=&quot;... page&quot; rel=&quot;next&quot;&gt;Next&lt;/a&gt; is not clickable at point (937, 660). Other element would receive the click: &lt;div class=&quot;login-box&quot;&gt;...&lt;/div&gt;
  (Session info: chrome=131.0.6778.140)
Build info: version: &apos;4.12.1&apos;, revision: &apos;8e34639b11&apos;
System info: os.name: &apos;Windows 11&apos;, os.arch: &apos;amd64&apos;, os.version: &apos;10.0&apos;, java.version: &apos;17.0.8.1&apos;
Driver info: org.openqa.selenium.chrome.ChromeDriver
Command: [7d9e96df2b124a133cfebd69a05a2a34, clickElement {id=f.1E7B21661485009247F24CE87F9ADD3F.d.642CE4333506E4CA5CA04D824A6BF975.e.109}]
Capabilities {acceptInsecureCerts: false, browserName: chrome, browserVersion: 131.0.6778.140, chrome: {chromedriverVersion: 131.0.6778.108 (3b014839fbc..., userDataDir: C:\Users\EXTERN~1\AppData\L...}, fedcm:accounts: true, goog:chromeOptions: {debuggerAddress: localhost:65102}, networkConnectionEnabled: false, pageLoadStrategy: normal, platformName: windows, proxy: Proxy(), se:cdp: ws://localhost:65102/devtoo..., se:cdpVersion: 131.0.6778.140, setWindowRect: true, strictFileInteractability: false, timeouts: {implicit: 0, pageLoad: 300000, script: 30000}, unhandledPromptBehavior: dismiss and notify, webauthn:extension:credBlob: true, webauthn:extension:largeBlob: true, webauthn:extension:minPinLength: true, webauthn:extension:prf: true, webauthn:virtualAuthenticators: true}
Element: [[ChromeDriver: chrome on windows (7d9e96df2b124a133cfebd69a05a2a34)] -&gt; xpath: //a[text()=&apos;Next&apos;]]
Session ID: 7d9e96df2b124a133cfebd69a05a2a34
	at org.testng.asserts.SoftAssert.assertAll(SoftAssert.java:46)
	at org.testng.asserts.SoftAssert.assertAll(SoftAssert.java:30)
	at Device_TC.Verify_to_check_and_click_next_page_of_the_device_page(Device_TC.java:337)
	at java.base/jdk.internal.reflect.NativeMethodAccessorImpl.invoke0(Native Method)
	at java.base/jdk.internal.reflect.NativeMethodAccessorImpl.invoke(NativeMethodAccessorImpl.java:77)
	at java.base/jdk.internal.reflect.DelegatingMethodAccessorImpl.invoke(DelegatingMethodAccessorImpl.java:43)
	at java.base/java.lang.reflect.Method.invoke(Method.java:568)
	at org.testng.internal.invokers.MethodInvocationHelper.invokeMethod(MethodInvocationHelper.java:139)
	at org.testng.internal.invokers.TestInvoker.invokeMethod(TestInvoker.java:664)
	at org.testng.internal.invokers.TestInvoker.invokeTestMethod(TestInvoker.java:227)
	at org.testng.internal.invokers.MethodRunner.runInSequence(MethodRunner.java:50)
	at org.testng.internal.invokers.TestInvoker$MethodInvocationAgent.invoke(TestInvoker.java:957)
	at org.testng.internal.invokers.TestInvoker.invokeTestMethods(TestInvoker.java:200)
	at org.testng.internal.invokers.TestMethodWorker.invokeTestMethods(TestMethodWorker.java:148)
	at org.testng.internal.invokers.TestMethodWorker.run(TestMethodWorker.java:128)
	at java.base/java.util.ArrayList.forEach(ArrayList.java:1511)
	at org.testng.TestRunner.privateRun(TestRunner.java:848)
	at org.testng.TestRunner.run(TestRunner.java:621)
	at org.testng.SuiteRunner.runTest(SuiteRunner.java:443)
	at org.testng.SuiteRunner.runSequentially(SuiteRunner.java:437)
	at org.testng.SuiteRunner.privateRun(SuiteRunner.java:397)
	at org.testng.SuiteRunner.run(SuiteRunner.java:336)
	at org.testng.SuiteRunnerWorker.runSuite(SuiteRunnerWorker.java:52)
	at org.testng.SuiteRunnerWorker.run(SuiteRunnerWorker.java:95)
	at org.testng.TestNG.runSuitesSequentially(TestNG.java:1280)
	at org.testng.TestNG.runSuitesLocally(TestNG.java:1200)
	at org.testng.TestNG.runSuites(TestNG.java:1114)
	at org.testng.TestNG.run(TestNG.java:1082)
	at org.testng.remote.AbstractRemoteTestNG.run(AbstractRemoteTestNG.java:115)
	at org.testng.remote.RemoteTestNG.initAndRun(RemoteTestNG.java:251)
	at org.testng.remote.RemoteTestNG.main(RemoteTestNG.java:77)
</pre></div></td>
<td>4</td>
<td>Device_TC@508dec2b</td></tr>
<tr>
<td title='Test_Device.verify_to_create_twinsaftdisperser()'><b>verify_to_create_twinsaftdisperser</b><br>Test class: Test_Device</td>
<td><div><pre>java.lang.AssertionError: The following asserts failed:
	Exception Expected condition failed: waiting for visibility of element located by By.xpath: //div[text()=&apos;Device Created Successfully&apos;] (tried for 40 second(s) with 500 milliseconds interval)
Build info: version: &apos;4.12.1&apos;, revision: &apos;8e34639b11&apos;
System info: os.name: &apos;Windows 11&apos;, os.arch: &apos;amd64&apos;, os.version: &apos;10.0&apos;, java.version: &apos;17.0.8.1&apos;
Driver info: org.openqa.selenium.chrome.ChromeDriver
Capabilities {acceptInsecureCerts: false, browserName: chrome, browserVersion: 131.0.6778.140, chrome: {chromedriverVersion: 131.0.6778.108 (3b014839fbc..., userDataDir: C:\Users\EXTERN~1\AppData\L...}, fedcm:accounts: true, goog:chromeOptions: {debuggerAddress: localhost:63334}, networkConnectionEnabled: false, pageLoadStrategy: normal, platformName: windows, proxy: Proxy(), se:cdp: ws://localhost:63334/devtoo..., se:cdpVersion: 131.0.6778.140, setWindowRect: true, strictFileInteractability: false, timeouts: {implicit: 0, pageLoad: 300000, script: 30000}, unhandledPromptBehavior: dismiss and notify, webauthn:extension:credBlob: true, webauthn:extension:largeBlob: true, webauthn:extension:minPinLength: true, webauthn:extension:prf: true, webauthn:virtualAuthenticators: true}
Session ID: d7dd6f6e555474a3527e68a73c54a04d
	at Test_Device.verify_to_create_twinsaftdisperser(Test_Device.java:161)
	at java.base/java.util.ArrayList.forEach(ArrayList.java:1511)
... Removed 29 stack frames</pre></div><a href='#' onClick='toggleBox("stack-trace466950667", this, "Click to show all stack frames", "Click to hide stack frames")'>Click to show all stack frames</a>
<div class='stack-trace' id='stack-trace466950667'><pre>java.lang.AssertionError: The following asserts failed:
	Exception Expected condition failed: waiting for visibility of element located by By.xpath: //div[text()=&apos;Device Created Successfully&apos;] (tried for 40 second(s) with 500 milliseconds interval)
Build info: version: &apos;4.12.1&apos;, revision: &apos;8e34639b11&apos;
System info: os.name: &apos;Windows 11&apos;, os.arch: &apos;amd64&apos;, os.version: &apos;10.0&apos;, java.version: &apos;17.0.8.1&apos;
Driver info: org.openqa.selenium.chrome.ChromeDriver
Capabilities {acceptInsecureCerts: false, browserName: chrome, browserVersion: 131.0.6778.140, chrome: {chromedriverVersion: 131.0.6778.108 (3b014839fbc..., userDataDir: C:\Users\EXTERN~1\AppData\L...}, fedcm:accounts: true, goog:chromeOptions: {debuggerAddress: localhost:63334}, networkConnectionEnabled: false, pageLoadStrategy: normal, platformName: windows, proxy: Proxy(), se:cdp: ws://localhost:63334/devtoo..., se:cdpVersion: 131.0.6778.140, setWindowRect: true, strictFileInteractability: false, timeouts: {implicit: 0, pageLoad: 300000, script: 30000}, unhandledPromptBehavior: dismiss and notify, webauthn:extension:credBlob: true, webauthn:extension:largeBlob: true, webauthn:extension:minPinLength: true, webauthn:extension:prf: true, webauthn:virtualAuthenticators: true}
Session ID: d7dd6f6e555474a3527e68a73c54a04d
	at org.testng.asserts.SoftAssert.assertAll(SoftAssert.java:46)
	at org.testng.asserts.SoftAssert.assertAll(SoftAssert.java:30)
	at Test_Device.verify_to_create_twinsaftdisperser(Test_Device.java:161)
	at java.base/jdk.internal.reflect.NativeMethodAccessorImpl.invoke0(Native Method)
	at java.base/jdk.internal.reflect.NativeMethodAccessorImpl.invoke(NativeMethodAccessorImpl.java:77)
	at java.base/jdk.internal.reflect.DelegatingMethodAccessorImpl.invoke(DelegatingMethodAccessorImpl.java:43)
	at java.base/java.lang.reflect.Method.invoke(Method.java:568)
	at org.testng.internal.invokers.MethodInvocationHelper.invokeMethod(MethodInvocationHelper.java:139)
	at org.testng.internal.invokers.TestInvoker.invokeMethod(TestInvoker.java:664)
	at org.testng.internal.invokers.TestInvoker.invokeTestMethod(TestInvoker.java:227)
	at org.testng.internal.invokers.MethodRunner.runInSequence(MethodRunner.java:50)
	at org.testng.internal.invokers.TestInvoker$MethodInvocationAgent.invoke(TestInvoker.java:957)
	at org.testng.internal.invokers.TestInvoker.invokeTestMethods(TestInvoker.java:200)
	at org.testng.internal.invokers.TestMethodWorker.invokeTestMethods(TestMethodWorker.java:148)
	at org.testng.internal.invokers.TestMethodWorker.run(TestMethodWorker.java:128)
	at java.base/java.util.ArrayList.forEach(ArrayList.java:1511)
	at org.testng.TestRunner.privateRun(TestRunner.java:848)
	at org.testng.TestRunner.run(TestRunner.java:621)
	at org.testng.SuiteRunner.runTest(SuiteRunner.java:443)
	at org.testng.SuiteRunner.runSequentially(SuiteRunner.java:437)
	at org.testng.SuiteRunner.privateRun(SuiteRunner.java:397)
	at org.testng.SuiteRunner.run(SuiteRunner.java:336)
	at org.testng.SuiteRunnerWorker.runSuite(SuiteRunnerWorker.java:52)
	at org.testng.SuiteRunnerWorker.run(SuiteRunnerWorker.java:95)
	at org.testng.TestNG.runSuitesSequentially(TestNG.java:1280)
	at org.testng.TestNG.runSuitesLocally(TestNG.java:1200)
	at org.testng.TestNG.runSuites(TestNG.java:1114)
	at org.testng.TestNG.run(TestNG.java:1082)
	at org.testng.remote.AbstractRemoteTestNG.run(AbstractRemoteTestNG.java:115)
	at org.testng.remote.RemoteTestNG.initAndRun(RemoteTestNG.java:251)
	at org.testng.remote.RemoteTestNG.main(RemoteTestNG.java:77)
</pre></div></td>
<td>56</td>
<td>Test_Device@24c1b2d2</td></tr>
<tr>
<td title='Device_TC.Verify_and_check_to_type_on_timezone_field_and_select_from_list_box()'><b>Verify_and_check_to_type_on_timezone_field_and_select_from_list_box</b><br>Test class: Device_TC</td>
<td><div><pre>java.lang.AssertionError: The following asserts failed:
	Exception: Expected condition failed: waiting for visibility of element located by By.xpath: //div[text()=&apos;Device Updated Successfully&apos;] (tried for 40 second(s) with 500 milliseconds interval)
Build info: version: &apos;4.12.1&apos;, revision: &apos;8e34639b11&apos;
System info: os.name: &apos;Windows 11&apos;, os.arch: &apos;amd64&apos;, os.version: &apos;10.0&apos;, java.version: &apos;17.0.8.1&apos;
Driver info: org.openqa.selenium.chrome.ChromeDriver
Capabilities {acceptInsecureCerts: false, browserName: chrome, browserVersion: 131.0.6778.140, chrome: {chromedriverVersion: 131.0.6778.108 (3b014839fbc..., userDataDir: C:\Users\EXTERN~1\AppData\L...}, fedcm:accounts: true, goog:chromeOptions: {debuggerAddress: localhost:65102}, networkConnectionEnabled: false, pageLoadStrategy: normal, platformName: windows, proxy: Proxy(), se:cdp: ws://localhost:65102/devtoo..., se:cdpVersion: 131.0.6778.140, setWindowRect: true, strictFileInteractability: false, timeouts: {implicit: 0, pageLoad: 300000, script: 30000}, unhandledPromptBehavior: dismiss and notify, webauthn:extension:credBlob: true, webauthn:extension:largeBlob: true, webauthn:extension:minPinLength: true, webauthn:extension:prf: true, webauthn:virtualAuthenticators: true}
Session ID: 7d9e96df2b124a133cfebd69a05a2a34
	at Device_TC.Verify_and_check_to_type_on_timezone_field_and_select_from_list_box(Device_TC.java:177)
	at java.base/java.util.ArrayList.forEach(ArrayList.java:1511)
... Removed 29 stack frames</pre></div><a href='#' onClick='toggleBox("stack-trace660328677", this, "Click to show all stack frames", "Click to hide stack frames")'>Click to show all stack frames</a>
<div class='stack-trace' id='stack-trace660328677'><pre>java.lang.AssertionError: The following asserts failed:
	Exception: Expected condition failed: waiting for visibility of element located by By.xpath: //div[text()=&apos;Device Updated Successfully&apos;] (tried for 40 second(s) with 500 milliseconds interval)
Build info: version: &apos;4.12.1&apos;, revision: &apos;8e34639b11&apos;
System info: os.name: &apos;Windows 11&apos;, os.arch: &apos;amd64&apos;, os.version: &apos;10.0&apos;, java.version: &apos;17.0.8.1&apos;
Driver info: org.openqa.selenium.chrome.ChromeDriver
Capabilities {acceptInsecureCerts: false, browserName: chrome, browserVersion: 131.0.6778.140, chrome: {chromedriverVersion: 131.0.6778.108 (3b014839fbc..., userDataDir: C:\Users\EXTERN~1\AppData\L...}, fedcm:accounts: true, goog:chromeOptions: {debuggerAddress: localhost:65102}, networkConnectionEnabled: false, pageLoadStrategy: normal, platformName: windows, proxy: Proxy(), se:cdp: ws://localhost:65102/devtoo..., se:cdpVersion: 131.0.6778.140, setWindowRect: true, strictFileInteractability: false, timeouts: {implicit: 0, pageLoad: 300000, script: 30000}, unhandledPromptBehavior: dismiss and notify, webauthn:extension:credBlob: true, webauthn:extension:largeBlob: true, webauthn:extension:minPinLength: true, webauthn:extension:prf: true, webauthn:virtualAuthenticators: true}
Session ID: 7d9e96df2b124a133cfebd69a05a2a34
	at org.testng.asserts.SoftAssert.assertAll(SoftAssert.java:46)
	at org.testng.asserts.SoftAssert.assertAll(SoftAssert.java:30)
	at Device_TC.Verify_and_check_to_type_on_timezone_field_and_select_from_list_box(Device_TC.java:177)
	at java.base/jdk.internal.reflect.NativeMethodAccessorImpl.invoke0(Native Method)
	at java.base/jdk.internal.reflect.NativeMethodAccessorImpl.invoke(NativeMethodAccessorImpl.java:77)
	at java.base/jdk.internal.reflect.DelegatingMethodAccessorImpl.invoke(DelegatingMethodAccessorImpl.java:43)
	at java.base/java.lang.reflect.Method.invoke(Method.java:568)
	at org.testng.internal.invokers.MethodInvocationHelper.invokeMethod(MethodInvocationHelper.java:139)
	at org.testng.internal.invokers.TestInvoker.invokeMethod(TestInvoker.java:664)
	at org.testng.internal.invokers.TestInvoker.invokeTestMethod(TestInvoker.java:227)
	at org.testng.internal.invokers.MethodRunner.runInSequence(MethodRunner.java:50)
	at org.testng.internal.invokers.TestInvoker$MethodInvocationAgent.invoke(TestInvoker.java:957)
	at org.testng.internal.invokers.TestInvoker.invokeTestMethods(TestInvoker.java:200)
	at org.testng.internal.invokers.TestMethodWorker.invokeTestMethods(TestMethodWorker.java:148)
	at org.testng.internal.invokers.TestMethodWorker.run(TestMethodWorker.java:128)
	at java.base/java.util.ArrayList.forEach(ArrayList.java:1511)
	at org.testng.TestRunner.privateRun(TestRunner.java:848)
	at org.testng.TestRunner.run(TestRunner.java:621)
	at org.testng.SuiteRunner.runTest(SuiteRunner.java:443)
	at org.testng.SuiteRunner.runSequentially(SuiteRunner.java:437)
	at org.testng.SuiteRunner.privateRun(SuiteRunner.java:397)
	at org.testng.SuiteRunner.run(SuiteRunner.java:336)
	at org.testng.SuiteRunnerWorker.runSuite(SuiteRunnerWorker.java:52)
	at org.testng.SuiteRunnerWorker.run(SuiteRunnerWorker.java:95)
	at org.testng.TestNG.runSuitesSequentially(TestNG.java:1280)
	at org.testng.TestNG.runSuitesLocally(TestNG.java:1200)
	at org.testng.TestNG.runSuites(TestNG.java:1114)
	at org.testng.TestNG.run(TestNG.java:1082)
	at org.testng.remote.AbstractRemoteTestNG.run(AbstractRemoteTestNG.java:115)
	at org.testng.remote.RemoteTestNG.initAndRun(RemoteTestNG.java:251)
	at org.testng.remote.RemoteTestNG.main(RemoteTestNG.java:77)
</pre></div></td>
<td>67</td>
<td>Device_TC@508dec2b</td></tr>
<tr>
<td title='Test_Orgnization.Ensure_that_the_organization_update_fails_when_enter_invalidGSTnumberfield()'><b>Ensure_that_the_organization_update_fails_when_enter_invalidGSTnumberfield</b><br>Test class: Test_Orgnization</td>
<td><div><pre>java.lang.AssertionError: The following asserts failed:
	An exception Expected condition failed: waiting for element to no longer be visible: By.cssSelector: .loader (tried for 20 second(s) with 500 milliseconds interval)
Build info: version: &apos;4.12.1&apos;, revision: &apos;8e34639b11&apos;
System info: os.name: &apos;Windows 11&apos;, os.arch: &apos;amd64&apos;, os.version: &apos;10.0&apos;, java.version: &apos;17.0.8.1&apos;
Driver info: org.openqa.selenium.chrome.ChromeDriver
Capabilities {acceptInsecureCerts: false, browserName: chrome, browserVersion: 131.0.6778.140, chrome: {chromedriverVersion: 131.0.6778.108 (3b014839fbc..., userDataDir: C:\Users\EXTERN~1\AppData\L...}, fedcm:accounts: true, goog:chromeOptions: {debuggerAddress: localhost:61895}, networkConnectionEnabled: false, pageLoadStrategy: normal, platformName: windows, proxy: Proxy(), se:cdp: ws://localhost:61895/devtoo..., se:cdpVersion: 131.0.6778.140, setWindowRect: true, strictFileInteractability: false, timeouts: {implicit: 0, pageLoad: 300000, script: 30000}, unhandledPromptBehavior: dismiss and notify, webauthn:extension:credBlob: true, webauthn:extension:largeBlob: true, webauthn:extension:minPinLength: true, webauthn:extension:prf: true, webauthn:virtualAuthenticators: true}
Session ID: efea4a20c58904e2c8b76f5464ec9d57
	at Test_Orgnization.Ensure_that_the_organization_update_fails_when_enter_invalidGSTnumberfield(Test_Orgnization.java:1277)
	at java.base/java.util.ArrayList.forEach(ArrayList.java:1511)
... Removed 29 stack frames</pre></div><a href='#' onClick='toggleBox("stack-trace1813565287", this, "Click to show all stack frames", "Click to hide stack frames")'>Click to show all stack frames</a>
<div class='stack-trace' id='stack-trace1813565287'><pre>java.lang.AssertionError: The following asserts failed:
	An exception Expected condition failed: waiting for element to no longer be visible: By.cssSelector: .loader (tried for 20 second(s) with 500 milliseconds interval)
Build info: version: &apos;4.12.1&apos;, revision: &apos;8e34639b11&apos;
System info: os.name: &apos;Windows 11&apos;, os.arch: &apos;amd64&apos;, os.version: &apos;10.0&apos;, java.version: &apos;17.0.8.1&apos;
Driver info: org.openqa.selenium.chrome.ChromeDriver
Capabilities {acceptInsecureCerts: false, browserName: chrome, browserVersion: 131.0.6778.140, chrome: {chromedriverVersion: 131.0.6778.108 (3b014839fbc..., userDataDir: C:\Users\EXTERN~1\AppData\L...}, fedcm:accounts: true, goog:chromeOptions: {debuggerAddress: localhost:61895}, networkConnectionEnabled: false, pageLoadStrategy: normal, platformName: windows, proxy: Proxy(), se:cdp: ws://localhost:61895/devtoo..., se:cdpVersion: 131.0.6778.140, setWindowRect: true, strictFileInteractability: false, timeouts: {implicit: 0, pageLoad: 300000, script: 30000}, unhandledPromptBehavior: dismiss and notify, webauthn:extension:credBlob: true, webauthn:extension:largeBlob: true, webauthn:extension:minPinLength: true, webauthn:extension:prf: true, webauthn:virtualAuthenticators: true}
Session ID: efea4a20c58904e2c8b76f5464ec9d57
	at org.testng.asserts.SoftAssert.assertAll(SoftAssert.java:46)
	at org.testng.asserts.SoftAssert.assertAll(SoftAssert.java:30)
	at Test_Orgnization.Ensure_that_the_organization_update_fails_when_enter_invalidGSTnumberfield(Test_Orgnization.java:1277)
	at java.base/jdk.internal.reflect.NativeMethodAccessorImpl.invoke0(Native Method)
	at java.base/jdk.internal.reflect.NativeMethodAccessorImpl.invoke(NativeMethodAccessorImpl.java:77)
	at java.base/jdk.internal.reflect.DelegatingMethodAccessorImpl.invoke(DelegatingMethodAccessorImpl.java:43)
	at java.base/java.lang.reflect.Method.invoke(Method.java:568)
	at org.testng.internal.invokers.MethodInvocationHelper.invokeMethod(MethodInvocationHelper.java:139)
	at org.testng.internal.invokers.TestInvoker.invokeMethod(TestInvoker.java:664)
	at org.testng.internal.invokers.TestInvoker.invokeTestMethod(TestInvoker.java:227)
	at org.testng.internal.invokers.MethodRunner.runInSequence(MethodRunner.java:50)
	at org.testng.internal.invokers.TestInvoker$MethodInvocationAgent.invoke(TestInvoker.java:957)
	at org.testng.internal.invokers.TestInvoker.invokeTestMethods(TestInvoker.java:200)
	at org.testng.internal.invokers.TestMethodWorker.invokeTestMethods(TestMethodWorker.java:148)
	at org.testng.internal.invokers.TestMethodWorker.run(TestMethodWorker.java:128)
	at java.base/java.util.ArrayList.forEach(ArrayList.java:1511)
	at org.testng.TestRunner.privateRun(TestRunner.java:848)
	at org.testng.TestRunner.run(TestRunner.java:621)
	at org.testng.SuiteRunner.runTest(SuiteRunner.java:443)
	at org.testng.SuiteRunner.runSequentially(SuiteRunner.java:437)
	at org.testng.SuiteRunner.privateRun(SuiteRunner.java:397)
	at org.testng.SuiteRunner.run(SuiteRunner.java:336)
	at org.testng.SuiteRunnerWorker.runSuite(SuiteRunnerWorker.java:52)
	at org.testng.SuiteRunnerWorker.run(SuiteRunnerWorker.java:95)
	at org.testng.TestNG.runSuitesSequentially(TestNG.java:1280)
	at org.testng.TestNG.runSuitesLocally(TestNG.java:1200)
	at org.testng.TestNG.runSuites(TestNG.java:1114)
	at org.testng.TestNG.run(TestNG.java:1082)
	at org.testng.remote.AbstractRemoteTestNG.run(AbstractRemoteTestNG.java:115)
	at org.testng.remote.RemoteTestNG.initAndRun(RemoteTestNG.java:251)
	at org.testng.remote.RemoteTestNG.main(RemoteTestNG.java:77)
</pre></div></td>
<td>20</td>
<td>Test_Orgnization@1b66c0fb</td></tr>
</table><p>
<table width='100%' border='1' class='invocation-passed'>
<tr><td colspan='4' align='center'><b>PASSED TESTS</b></td></tr>
<tr><td><b>Test method</b></td>
<td><b>Attribute(s)</b></td>
<td width="30%"><b>Exception</b></td>
<td width="10%"><b>Time (seconds)</b></td>
<td><b>Instance</b></td>
</tr>
<tr>
<td title='Test_Device.Verify_that_the_Max_pressure__field_take_blnak_and_see_error()'><b>Verify_that_the_Max_pressure__field_take_blnak_and_see_error</b><br>Test class: Test_Device</td>
<td></td>
<td>20</td>
<td>Test_Device@24c1b2d2</td></tr>
<tr>
<td title='Test_dashboard.Verify_that_select_twin_shaftdisperser_machine_and_check_temperature2_is_displayed()'><b>Verify_that_select_twin_shaftdisperser_machine_and_check_temperature2_is_displayed</b><br>Test class: Test_dashboard</td>
<td></td>
<td>13</td>
<td>Test_dashboard@37313c65</td></tr>
<tr>
<td title='Device_update_TC.verify_that_to_update_device_with_above_range_of_the_vibration()'><b>verify_that_to_update_device_with_above_range_of_the_vibration</b><br>Test class: Device_update_TC</td>
<td></td>
<td>35</td>
<td>Device_update_TC@7dc19a70</td></tr>
<tr>
<td title='Test_dashboard.Verify_that_select_twin_saft_disperser_machine_and_check_main_motor_on_off()'><b>Verify_that_select_twin_saft_disperser_machine_and_check_main_motor_on_off</b><br>Test class: Test_dashboard</td>
<td></td>
<td>23</td>
<td>Test_dashboard@37313c65</td></tr>
<tr>
<td title='Test_Supervisor.Verify_to_check_and_click_on_next_page_button_of_supervisor()'><b>Verify_to_check_and_click_on_next_page_button_of_supervisor</b><br>Test class: Test_Supervisor</td>
<td></td>
<td>18</td>
<td>Test_Supervisor@41330d4f</td></tr>
<tr>
<td title='Test_Supervisor.Verify_the_maximum_and_minimum_length_of_the_full_name()'><b>Verify_the_maximum_and_minimum_length_of_the_full_name</b><br>Test class: Test_Supervisor</td>
<td></td>
<td>23</td>
<td>Test_Supervisor@41330d4f</td></tr>
<tr>
<td title='Test_editprofile.Verify_to_check_select_other_country_code_and_enter_invalid_phone()'><b>Verify_to_check_select_other_country_code_and_enter_invalid_phone</b><br>Test class: Test_editprofile</td>
<td></td>
<td>40</td>
<td>Test_editprofile@1e4f4a5c</td></tr>
<tr>
<td title='Test_editprofile.Verify_to_close_popup_to_click_on_cross_button_of_the_popup()'><b>Verify_to_close_popup_to_click_on_cross_button_of_the_popup</b><br>Test class: Test_editprofile</td>
<td></td>
<td>33</td>
<td>Test_editprofile@1e4f4a5c</td></tr>
<tr>
<td title='Test_dashboard.Verify_that_select_twin_shaftdisperser_machine_and_check_main_motor_motor_RPM_is_displayed()'><b>Verify_that_select_twin_shaftdisperser_machine_and_check_main_motor_motor_RPM_is_displayed</b><br>Test class: Test_dashboard</td>
<td></td>
<td>14</td>
<td>Test_dashboard@37313c65</td></tr>
<tr>
<td title='Test_dashboard.Verify_that_select_high_speed_disperser_machine_and_check_the_main_motor_RPM_is_displayed()'><b>Verify_that_select_high_speed_disperser_machine_and_check_the_main_motor_RPM_is_displayed</b><br>Test class: Test_dashboard</td>
<td></td>
<td>14</td>
<td>Test_dashboard@37313c65</td></tr>
<tr>
<td title='Test_Orgnization2.Ensure_that_the_organization_update_fails_with_enter_max_length_of_GSTnumberfield()'><b>Ensure_that_the_organization_update_fails_with_enter_max_length_of_GSTnumberfield</b><br>Test class: Test_Orgnization2</td>
<td></td>
<td>39</td>
<td>Test_Orgnization2@3e0e1046</td></tr>
<tr>
<td title='Test_dashboard.Verify_that_select_Horizontal_bead_mill_machine_and_check_product_pump_motor_RPM_is_displayed()'><b>Verify_that_select_Horizontal_bead_mill_machine_and_check_product_pump_motor_RPM_is_displayed</b><br>Test class: Test_dashboard</td>
<td></td>
<td>15</td>
<td>Test_dashboard@37313c65</td></tr>
<tr>
<td title='Test_Supervisor.Verify_that_the_mobile_number_field_does_not_accept_alphabetic_or_special_characters()'><b>Verify_that_the_mobile_number_field_does_not_accept_alphabetic_or_special_characters</b><br>Test class: Test_Supervisor</td>
<td></td>
<td>23</td>
<td>Test_Supervisor@41330d4f</td></tr>
<tr>
<td title='Test_Orgnization.Verify_that_an_organization_cannot_be_created_without_enter_state()'><b>Verify_that_an_organization_cannot_be_created_without_enter_state</b><br>Test class: Test_Orgnization</td>
<td></td>
<td>32</td>
<td>Test_Orgnization@1b66c0fb</td></tr>
<tr>
<td title='Test_Orgnization2.Verify_that_an_editorgnizationtext_in_update_orgnization_page()'><b>Verify_that_an_editorgnizationtext_in_update_orgnization_page</b><br>Test class: Test_Orgnization2</td>
<td></td>
<td>16</td>
<td>Test_Orgnization2@3e0e1046</td></tr>
<tr>
<td title='Test_dashboard.Verify_that_select_twin_shaftdisperser_machine_and_check_vibration_is_displayed()'><b>Verify_that_select_twin_shaftdisperser_machine_and_check_vibration_is_displayed</b><br>Test class: Test_dashboard</td>
<td></td>
<td>13</td>
<td>Test_dashboard@37313c65</td></tr>
<tr>
<td title='Test_Orgnization2.Verify_that_an_editorgnization_page_and_click_on_cross_button()'><b>Verify_that_an_editorgnization_page_and_click_on_cross_button</b><br>Test class: Test_Orgnization2</td>
<td></td>
<td>25</td>
<td>Test_Orgnization2@3e0e1046</td></tr>
<tr>
<td title='Test_Device.Verify_that_the_Max_Temperature_2_field_does_not_greater_than_100()'><b>Verify_that_the_Max_Temperature_2_field_does_not_greater_than_100</b><br>Test class: Test_Device</td>
<td></td>
<td>40</td>
<td>Test_Device@24c1b2d2</td></tr>
<tr>
<td title='Test_Device.Verify_that_the_Max_vibration_field_take_blank_and_see_error_message()'><b>Verify_that_the_Max_vibration_field_take_blank_and_see_error_message</b><br>Test class: Test_Device</td>
<td></td>
<td>40</td>
<td>Test_Device@24c1b2d2</td></tr>
<tr>
<td title='Test_Device.Verify_that_temp1_field_should_not_accept_alphabet()'><b>Verify_that_temp1_field_should_not_accept_alphabet</b><br>Test class: Test_Device</td>
<td></td>
<td>39</td>
<td>Test_Device@24c1b2d2</td></tr>
<tr>
<td title='Test_editprofile.Verify_to_check_edit_full_namefield_and_enter_numericvalue_fullname()'><b>Verify_to_check_edit_full_namefield_and_enter_numericvalue_fullname</b><br>Test class: Test_editprofile</td>
<td></td>
<td>39</td>
<td>Test_editprofile@1e4f4a5c</td></tr>
<tr>
<td title='Test_Supervisor.Enter_an_email_without_a_domain_and_verify_that_an_error_message_is_displayed()'><b>Enter_an_email_without_a_domain_and_verify_that_an_error_message_is_displayed</b><br>Test class: Test_Supervisor</td>
<td></td>
<td>30</td>
<td>Test_Supervisor@41330d4f</td></tr>
<tr>
<td title='Test_Orgnization2.Ensure_that_the_organization_update_fails_with_minimum_length_of_pincode()'><b>Ensure_that_the_organization_update_fails_with_minimum_length_of_pincode</b><br>Test class: Test_Orgnization2</td>
<td></td>
<td>22</td>
<td>Test_Orgnization2@3e0e1046</td></tr>
<tr>
<td title='Test_Device.Verify_that_the_text_of_Device_page()'><b>Verify_that_the_text_of_Device_page</b><br>Test class: Test_Device</td>
<td></td>
<td>4</td>
<td>Test_Device@24c1b2d2</td></tr>
<tr>
<td title='Test_dashboard.Verify_that_select_high_speed_disperser_machine_and_check_hydraulic_motor_on_off()'><b>Verify_that_select_high_speed_disperser_machine_and_check_hydraulic_motor_on_off</b><br>Test class: Test_dashboard</td>
<td></td>
<td>13</td>
<td>Test_dashboard@37313c65</td></tr>
<tr>
<td title='Test_editprofile.Verify_to_check_edit_profile_to_entermax_length_ofemail_field_more_than_50char()'><b>Verify_to_check_edit_profile_to_entermax_length_ofemail_field_more_than_50char</b><br>Test class: Test_editprofile</td>
<td></td>
<td>86</td>
<td>Test_editprofile@1e4f4a5c</td></tr>
<tr>
<td title='TesttipcoLogin.verify_to_check_that_Sign_in_text_is_present_at_signin_page()'><b>verify_to_check_that_Sign_in_text_is_present_at_signin_page</b><br>Test class: TesttipcoLogin</td>
<td></td>
<td>4</td>
<td>TesttipcoLogin@2254127a</td></tr>
<tr>
<td title='Test_Orgnization.Ensure_that_the_organization_update_fails_when_enter_min_length_of_orgname_field()'><b>Ensure_that_the_organization_update_fails_when_enter_min_length_of_orgname_field</b><br>Test class: Test_Orgnization</td>
<td></td>
<td>22</td>
<td>Test_Orgnization@1b66c0fb</td></tr>
<tr>
<td title='Test_dashboard.Verify_that_select_Horizontal_bead_mill_machine_and_check_product_pump_motor_Last_on_off_date_isDisplayed()'><b>Verify_that_select_Horizontal_bead_mill_machine_and_check_product_pump_motor_Last_on_off_date_isDisplayed</b><br>Test class: Test_dashboard</td>
<td></td>
<td>15</td>
<td>Test_dashboard@37313c65</td></tr>
<tr>
<td title='Test_Orgnization.verify_and_check_to_create_orgnization_with_upload_Logo()'><b>verify_and_check_to_create_orgnization_with_upload_Logo</b><br>Test class: Test_Orgnization</td>
<td></td>
<td>32</td>
<td>Test_Orgnization@1b66c0fb</td></tr>
<tr>
<td title='Device_update_TC.verify_that_to_update_device_and_enter_temp1_below_the_range()'><b>verify_that_to_update_device_and_enter_temp1_below_the_range</b><br>Test class: Device_update_TC</td>
<td></td>
<td>44</td>
<td>Device_update_TC@7dc19a70</td></tr>
<tr>
<td title='Test_Orgnization2.Verify_that_to_check_city_columnname_is_present_in_orgniozation_create_page()'><b>Verify_that_to_check_city_columnname_is_present_in_orgniozation_create_page</b><br>Test class: Test_Orgnization2</td>
<td></td>
<td>16</td>
<td>Test_Orgnization2@3e0e1046</td></tr>
<tr>
<td title='TesttipcoLogin.verify_to_login_with_blankmail_and_valid_password()'><b>verify_to_login_with_blankmail_and_valid_password</b><br>Test class: TesttipcoLogin</td>
<td></td>
<td>8</td>
<td>TesttipcoLogin@2254127a</td></tr>
<tr>
<td title='TesttipcoLogin.verify_to_check_tipco_enginnering_logo_is_present_at_forgot_password_page()'><b>verify_to_check_tipco_enginnering_logo_is_present_at_forgot_password_page</b><br>Test class: TesttipcoLogin</td>
<td></td>
<td>12</td>
<td>TesttipcoLogin@2254127a</td></tr>
<tr>
<td title='Test_Orgnization.Verify_that_an_organization_cannot_be_created_with_a_numeric_city_name()'><b>Verify_that_an_organization_cannot_be_created_with_a_numeric_city_name</b><br>Test class: Test_Orgnization</td>
<td></td>
<td>23</td>
<td>Test_Orgnization@1b66c0fb</td></tr>
<tr>
<td title='Test_dashboard.Verify_that_select_Horizontal_bead_mill_machine_and_check_milli_motor_Last_on_off_date_isDisplayed()'><b>Verify_that_select_Horizontal_bead_mill_machine_and_check_milli_motor_Last_on_off_date_isDisplayed</b><br>Test class: Test_dashboard</td>
<td></td>
<td>15</td>
<td>Test_dashboard@37313c65</td></tr>
<tr>
<td title='Test_Orgnization.Verify_that_an_organization_cannot_be_created_with_a_name_that_already_exists()'><b>Verify_that_an_organization_cannot_be_created_with_a_name_that_already_exists</b><br>Test class: Test_Orgnization</td>
<td></td>
<td>24</td>
<td>Test_Orgnization@1b66c0fb</td></tr>
<tr>
<td title='Test_Device.Verify_that_the_Device_ID_field_does_not_accept_with_minimum_length_of_2_characters()'><b>Verify_that_the_Device_ID_field_does_not_accept_with_minimum_length_of_2_characters</b><br>Test class: Test_Device</td>
<td></td>
<td>22</td>
<td>Test_Device@24c1b2d2</td></tr>
<tr>
<td title='Test_Supervisor.Verify_that_the_user_can_type_in_the_mobile_number_after_selecting_the_country_code()'><b>Verify_that_the_user_can_type_in_the_mobile_number_after_selecting_the_country_code</b><br>Test class: Test_Supervisor</td>
<td></td>
<td>28</td>
<td>Test_Supervisor@41330d4f</td></tr>
<tr>
<td title='Test_Orgnization2.Ensure_that_the_organization_update_fails_withOut_selecting_refresh_rate()'><b>Ensure_that_the_organization_update_fails_withOut_selecting_refresh_rate</b><br>Test class: Test_Orgnization2</td>
<td></td>
<td>43</td>
<td>Test_Orgnization2@3e0e1046</td></tr>
<tr>
<td title='Test_dashboard.Verify_that_select_Horizontal_bead_mill_machine_and_check_Milli_motor_Last_on_off_time_isDisplayed()'><b>Verify_that_select_Horizontal_bead_mill_machine_and_check_Milli_motor_Last_on_off_time_isDisplayed</b><br>Test class: Test_dashboard</td>
<td></td>
<td>15</td>
<td>Test_dashboard@37313c65</td></tr>
<tr>
<td title='Test_dashboard.Verify_that_select_Horizontal_bead_mill_machine_and_check_temperature_isDisplayed()'><b>Verify_that_select_Horizontal_bead_mill_machine_and_check_temperature_isDisplayed</b><br>Test class: Test_dashboard</td>
<td></td>
<td>34</td>
<td>Test_dashboard@37313c65</td></tr>
<tr>
<td title='Test_Device.Verify_that_clickon_submit_button_when_all_the_fields_are_blank()'><b>Verify_that_clickon_submit_button_when_all_the_fields_are_blank</b><br>Test class: Test_Device</td>
<td></td>
<td>36</td>
<td>Test_Device@24c1b2d2</td></tr>
<tr>
<td title='TesttipcoLogin.Verify_to_login_with_invalidmail_and_password()'><b>Verify_to_login_with_invalidmail_and_password</b><br>Test class: TesttipcoLogin</td>
<td></td>
<td>11</td>
<td>TesttipcoLogin@2254127a</td></tr>
<tr>
<td title='Test_Orgnization2.Verify_that_an_updateorganization_without__city()'><b>Verify_that_an_updateorganization_without__city</b><br>Test class: Test_Orgnization2</td>
<td></td>
<td>22</td>
<td>Test_Orgnization2@3e0e1046</td></tr>
<tr>
<td title='Test_Orgnization.Ensure_that_the_organization_update_fails_when_enter_special_char_in_GSTnumberfield()'><b>Ensure_that_the_organization_update_fails_when_enter_special_char_in_GSTnumberfield</b><br>Test class: Test_Orgnization</td>
<td></td>
<td>36</td>
<td>Test_Orgnization@1b66c0fb</td></tr>
<tr>
<td title='Test_Supervisor.Verify_to_check_orgnizationname_column_is_present_in_supervisor_page()'><b>Verify_to_check_orgnizationname_column_is_present_in_supervisor_page</b><br>Test class: Test_Supervisor</td>
<td></td>
<td>16</td>
<td>Test_Supervisor@41330d4f</td></tr>
<tr>
<td title='Device_update_TC.verify_that_to_update_device_with_below_range_of_the_vibration()'><b>verify_that_to_update_device_with_below_range_of_the_vibration</b><br>Test class: Device_update_TC</td>
<td></td>
<td>53</td>
<td>Device_update_TC@7dc19a70</td></tr>
<tr>
<td title='Test_Orgnization2.Ensure_that_the_organization_update_fails_with_using_undercurse_and_at_the_rate_in_state()'><b>Ensure_that_the_organization_update_fails_with_using_undercurse_and_at_the_rate_in_state</b><br>Test class: Test_Orgnization2</td>
<td></td>
<td>22</td>
<td>Test_Orgnization2@3e0e1046</td></tr>
<tr>
<td title='Test_Orgnization.Verify_that_an_organization_cannot_be_created_without_Address_field()'><b>Verify_that_an_organization_cannot_be_created_without_Address_field</b><br>Test class: Test_Orgnization</td>
<td></td>
<td>23</td>
<td>Test_Orgnization@1b66c0fb</td></tr>
<tr>
<td title='Test_Supervisor.Verify_to_update_supervisor_with_max_char_in_full_name_field()'><b>Verify_to_update_supervisor_with_max_char_in_full_name_field</b><br>Test class: Test_Supervisor</td>
<td></td>
<td>22</td>
<td>Test_Supervisor@41330d4f</td></tr>
<tr>
<td title='Test_Orgnization2.Ensure_that_the_organization_update_fails_with_max_length_Of_city()'><b>Ensure_that_the_organization_update_fails_with_max_length_Of_city</b><br>Test class: Test_Orgnization2</td>
<td></td>
<td>22</td>
<td>Test_Orgnization2@3e0e1046</td></tr>
<tr>
<td title='Device_update_TC.verify_that_to_update_device_with_enter_special_char_in_temp1_field()'><b>verify_that_to_update_device_with_enter_special_char_in_temp1_field</b><br>Test class: Device_update_TC</td>
<td></td>
<td>26</td>
<td>Device_update_TC@7dc19a70</td></tr>
<tr>
<td title='Test_dashboard.Verify_that_select_twin_shaftdisperser_machine_and_check_scrapper_motor_last_on_off_date_is_displayed()'><b>Verify_that_select_twin_shaftdisperser_machine_and_check_scrapper_motor_last_on_off_date_is_displayed</b><br>Test class: Test_dashboard</td>
<td></td>
<td>17</td>
<td>Test_dashboard@37313c65</td></tr>
<tr>
<td title='Test_Supervisor.Verify_that_the_user_can_type_and_select_an_organization_name_if_it_is_not_listed_in_the_dropdown()'><b>Verify_that_the_user_can_type_and_select_an_organization_name_if_it_is_not_listed_in_the_dropdown</b><br>Test class: Test_Supervisor</td>
<td></td>
<td>20</td>
<td>Test_Supervisor@41330d4f</td></tr>
<tr>
<td title='Device_update_TC.verify_that_to_update_device_with_maxtemp3_above_the_range()'><b>verify_that_to_update_device_with_maxtemp3_above_the_range</b><br>Test class: Device_update_TC</td>
<td></td>
<td>24</td>
<td>Device_update_TC@7dc19a70</td></tr>
<tr>
<td title='Device_update_TC.verify_that_to_update_device_with0ut_enter_maxtpresser_field()'><b>verify_that_to_update_device_with0ut_enter_maxtpresser_field</b><br>Test class: Device_update_TC</td>
<td></td>
<td>27</td>
<td>Device_update_TC@7dc19a70</td></tr>
<tr>
<td title='Test_dashboard.Verify_that_select_Horizontal_bead_mill_machine_and_check_horizontal_bead_mill_machine_isDisplayed()'><b>Verify_that_select_Horizontal_bead_mill_machine_and_check_horizontal_bead_mill_machine_isDisplayed</b><br>Test class: Test_dashboard</td>
<td></td>
<td>49</td>
<td>Test_dashboard@37313c65</td></tr>
<tr>
<td title='Device_update_TC.verify_that_to_update_device_with_above_range_of_the_maxpresser()'><b>verify_that_to_update_device_with_above_range_of_the_maxpresser</b><br>Test class: Device_update_TC</td>
<td></td>
<td>27</td>
<td>Device_update_TC@7dc19a70</td></tr>
<tr>
<td title='Test_Supervisor.Verify_to_check_createsupervisor_that_are_already_exist()'><b>Verify_to_check_createsupervisor_that_are_already_exist</b><br>Test class: Test_Supervisor</td>
<td></td>
<td>26</td>
<td>Test_Supervisor@41330d4f</td></tr>
<tr>
<td title='Test_dashboard.Verify_that_select_high_speed_disperser_machine_and_check_main_motor_on_off()'><b>Verify_that_select_high_speed_disperser_machine_and_check_main_motor_on_off</b><br>Test class: Test_dashboard</td>
<td></td>
<td>18</td>
<td>Test_dashboard@37313c65</td></tr>
<tr>
<td title='Test_dashboard.Verify_that_select_Horizontal_bead_mill_machine_and_check_weight_isDisplayed()'><b>Verify_that_select_Horizontal_bead_mill_machine_and_check_weight_isDisplayed</b><br>Test class: Test_dashboard</td>
<td></td>
<td>15</td>
<td>Test_dashboard@37313c65</td></tr>
<tr>
<td title='TesttipcoLogin.verify_to_check_mail_field_take_blank_and_see_valid_error_message()'><b>verify_to_check_mail_field_take_blank_and_see_valid_error_message</b><br>Test class: TesttipcoLogin</td>
<td></td>
<td>15</td>
<td>TesttipcoLogin@2254127a</td></tr>
<tr>
<td title='Test_Supervisor.Verify_that_to_select_orgnization_from_filter_and_see_supervisor()'><b>Verify_that_to_select_orgnization_from_filter_and_see_supervisor</b><br>Test class: Test_Supervisor</td>
<td></td>
<td>19</td>
<td>Test_Supervisor@41330d4f</td></tr>
<tr>
<td title='Test_Device.Verify_that_the_Max_pressure_field_does_not_accept_values_less_than_1()'><b>Verify_that_the_Max_pressure_field_does_not_accept_values_less_than_1</b><br>Test class: Test_Device</td>
<td></td>
<td>20</td>
<td>Test_Device@24c1b2d2</td></tr>
<tr>
<td title='Test_dashboard.Verify_that_select_Horizontal_bead_mill_machine_and_check_coolant_motor_Last_on_off_date_isDisplayed()'><b>Verify_that_select_Horizontal_bead_mill_machine_and_check_coolant_motor_Last_on_off_date_isDisplayed</b><br>Test class: Test_dashboard</td>
<td></td>
<td>15</td>
<td>Test_dashboard@37313c65</td></tr>
<tr>
<td title='Test_Orgnization2.Verify_that_to_check_action_columnname_is_present_in_orgniozation_create_page()'><b>Verify_that_to_check_action_columnname_is_present_in_orgniozation_create_page</b><br>Test class: Test_Orgnization2</td>
<td></td>
<td>20</td>
<td>Test_Orgnization2@3e0e1046</td></tr>
<tr>
<td title='Test_Orgnization2.Verify_that_orgnization_text_present_in_orgnizationpage()'><b>Verify_that_orgnization_text_present_in_orgnizationpage</b><br>Test class: Test_Orgnization2</td>
<td></td>
<td>27</td>
<td>Test_Orgnization2@3e0e1046</td></tr>
<tr>
<td title='Device_update_TC.verify_that_to_update_device_with_enter_alphabet_in_maxtemp3_field()'><b>verify_that_to_update_device_with_enter_alphabet_in_maxtemp3_field</b><br>Test class: Device_update_TC</td>
<td></td>
<td>27</td>
<td>Device_update_TC@7dc19a70</td></tr>
<tr>
<td title='Device_update_TC.verify_that_to_clickon_update_device_and_click_on_cross_button_of_the_popup()'><b>verify_that_to_clickon_update_device_and_click_on_cross_button_of_the_popup</b><br>Test class: Device_update_TC</td>
<td></td>
<td>16</td>
<td>Device_update_TC@7dc19a70</td></tr>
<tr>
<td title='Device_TC.Verify_to_check_selected_orgnization_should_not_change_in_update()'><b>Verify_to_check_selected_orgnization_should_not_change_in_update</b><br>Test class: Device_TC</td>
<td></td>
<td>20</td>
<td>Device_TC@508dec2b</td></tr>
<tr>
<td title='Device_TC.Verify_to_check_click_on_any_intermediate_page_of_device_page()'><b>Verify_to_check_click_on_any_intermediate_page_of_device_page</b><br>Test class: Device_TC</td>
<td></td>
<td>18</td>
<td>Device_TC@508dec2b</td></tr>
<tr>
<td title='Device_TC.Verify_to_check_Organization_Namecolumn_of_the_device_in_device_page()'><b>Verify_to_check_Organization_Namecolumn_of_the_device_in_device_page</b><br>Test class: Device_TC</td>
<td></td>
<td>13</td>
<td>Device_TC@508dec2b</td></tr>
<tr>
<td title='Test_Orgnization.Verify_to_add_orgnization_with_minimum_length_of_orgname()'><b>Verify_to_add_orgnization_with_minimum_length_of_orgname</b><br>Test class: Test_Orgnization</td>
<td></td>
<td>23</td>
<td>Test_Orgnization@1b66c0fb</td></tr>
<tr>
<td title='Test_editprofile.Verify_to_check_edit_profile_with_invalid_email_formate()'><b>Verify_to_check_edit_profile_with_invalid_email_formate</b><br>Test class: Test_editprofile</td>
<td></td>
<td>38</td>
<td>Test_editprofile@1e4f4a5c</td></tr>
<tr>
<td title='Test_dashboard.Verify_that_select_Horizontal_bead_mill_machine_and_check_pressure_isDisplayed()'><b>Verify_that_select_Horizontal_bead_mill_machine_and_check_pressure_isDisplayed</b><br>Test class: Test_dashboard</td>
<td></td>
<td>15</td>
<td>Test_dashboard@37313c65</td></tr>
<tr>
<td title='Test_Orgnization.Verify_that_an_organization_cannot_be_created_without__pincode()'><b>Verify_that_an_organization_cannot_be_created_without__pincode</b><br>Test class: Test_Orgnization</td>
<td></td>
<td>23</td>
<td>Test_Orgnization@1b66c0fb</td></tr>
<tr>
<td title='Test_Orgnization2.Verify_that_to_check_state_columnname_is_present_in_orgniozation_create_page()'><b>Verify_that_to_check_state_columnname_is_present_in_orgniozation_create_page</b><br>Test class: Test_Orgnization2</td>
<td></td>
<td>17</td>
<td>Test_Orgnization2@3e0e1046</td></tr>
<tr>
<td title='Test_Orgnization.Ensure_that_the_organization_update_fails_when_enter_special_char_in_orgname_field()'><b>Ensure_that_the_organization_update_fails_when_enter_special_char_in_orgname_field</b><br>Test class: Test_Orgnization</td>
<td></td>
<td>22</td>
<td>Test_Orgnization@1b66c0fb</td></tr>
<tr>
<td title='Test_Device.Verify_to_check__Device_ID_Field_with_special_characters()'><b>Verify_to_check__Device_ID_Field_with_special_characters</b><br>Test class: Test_Device</td>
<td></td>
<td>36</td>
<td>Test_Device@24c1b2d2</td></tr>
<tr>
<td title='Test_Orgnization.Verify_to_add_orgnization_with_special_charcter_in_org_name_field()'><b>Verify_to_add_orgnization_with_special_charcter_in_org_name_field</b><br>Test class: Test_Orgnization</td>
<td></td>
<td>24</td>
<td>Test_Orgnization@1b66c0fb</td></tr>
<tr>
<td title='Device_update_TC.verify_that_to_update_device_with_enter_maxtemp2_above_the_range()'><b>verify_that_to_update_device_with_enter_maxtemp2_above_the_range</b><br>Test class: Device_update_TC</td>
<td></td>
<td>26</td>
<td>Device_update_TC@7dc19a70</td></tr>
<tr>
<td title='Test_Supervisor.Verify_that_the_full_name_field_does_not_accept_numeric_or_special_characters_accept_only_character()'><b>Verify_that_the_full_name_field_does_not_accept_numeric_or_special_characters_accept_only_character</b><br>Test class: Test_Supervisor</td>
<td></td>
<td>40</td>
<td>Test_Supervisor@41330d4f</td></tr>
<tr>
<td title='Test_Supervisor.Verify_to_check_Email_column_is_present_in_supervisor_page()'><b>Verify_to_check_Email_column_is_present_in_supervisor_page</b><br>Test class: Test_Supervisor</td>
<td></td>
<td>16</td>
<td>Test_Supervisor@41330d4f</td></tr>
<tr>
<td title='Test_Supervisor.Verify_that_the_organization_name_can_be_selected_from_a_dropdown_menu()'><b>Verify_that_the_organization_name_can_be_selected_from_a_dropdown_menu</b><br>Test class: Test_Supervisor</td>
<td></td>
<td>23</td>
<td>Test_Supervisor@41330d4f</td></tr>
<tr>
<td title='Test_Orgnization.Verify_that_an_organization_cannot_be_created_without_an_organization_name()'><b>Verify_that_an_organization_cannot_be_created_without_an_organization_name</b><br>Test class: Test_Orgnization</td>
<td></td>
<td>21</td>
<td>Test_Orgnization@1b66c0fb</td></tr>
<tr>
<td title='Test_Orgnization.verify_to_create_orgnization_with_all_valid_data_of_orgnization()'><b>verify_to_create_orgnization_with_all_valid_data_of_orgnization</b><br>Test class: Test_Orgnization</td>
<td></td>
<td>28</td>
<td>Test_Orgnization@1b66c0fb</td></tr>
<tr>
<td title='Device_update_TC.verify_that_to_update_device_with_enter_specialchar_in_maxvibration_field()'><b>verify_that_to_update_device_with_enter_specialchar_in_maxvibration_field</b><br>Test class: Device_update_TC</td>
<td></td>
<td>28</td>
<td>Device_update_TC@7dc19a70</td></tr>
<tr>
<td title='Test_dashboard.Verify_that_to_zoom_In_the_graph()'><b>Verify_that_to_zoom_In_the_graph</b><br>Test class: Test_dashboard</td>
<td></td>
<td>53</td>
<td>Test_dashboard@37313c65</td></tr>
<tr>
<td title='Test_Orgnization2.Verify_that_an_updateorganization_with_a_name_that_already_exists()'><b>Verify_that_an_updateorganization_with_a_name_that_already_exists</b><br>Test class: Test_Orgnization2</td>
<td></td>
<td>41</td>
<td>Test_Orgnization2@3e0e1046</td></tr>
<tr>
<td title='TesttipcoLogin.verify_to_validmail_and_space_in_password_field()'><b>verify_to_validmail_and_space_in_password_field</b><br>Test class: TesttipcoLogin</td>
<td></td>
<td>8</td>
<td>TesttipcoLogin@2254127a</td></tr>
<tr>
<td title='TesttipcoLogin.Verify_to_login_with_validmail_and_blankpass()'><b>Verify_to_login_with_validmail_and_blankpass</b><br>Test class: TesttipcoLogin</td>
<td></td>
<td>11</td>
<td>TesttipcoLogin@2254127a</td></tr>
<tr>
<td title='Test_Supervisor.Verify_to_check_sr_no_column_is_present_in_supervisor_page()'><b>Verify_to_check_sr_no_column_is_present_in_supervisor_page</b><br>Test class: Test_Supervisor</td>
<td></td>
<td>16</td>
<td>Test_Supervisor@41330d4f</td></tr>
<tr>
<td title='Device_update_TC.verify_that_to_update_device_with_enter_alphabet_in_maxvibration_field()'><b>verify_that_to_update_device_with_enter_alphabet_in_maxvibration_field</b><br>Test class: Device_update_TC</td>
<td></td>
<td>27</td>
<td>Device_update_TC@7dc19a70</td></tr>
<tr>
<td title='Test_Orgnization.Ensure_that_the_organization_is_successfully_updated_with_valid_inputs_for_organization_name_GST_number_address()'><b>Ensure_that_the_organization_is_successfully_updated_with_valid_inputs_for_organization_name_GST_number_address</b><br>Test class: Test_Orgnization</td>
<td></td>
<td>22</td>
<td>Test_Orgnization@1b66c0fb</td></tr>
<tr>
<td title='Test_dashboard.Verify_that_select_high_speed_disperser_machine_and_check_main_motor_Last_on_off_time()'><b>Verify_that_select_high_speed_disperser_machine_and_check_main_motor_Last_on_off_time</b><br>Test class: Test_dashboard</td>
<td></td>
<td>13</td>
<td>Test_dashboard@37313c65</td></tr>
<tr>
<td title='Test_editprofile.Verify_to_check_edit_full_namefield_and_enter_max_length_of_fullname()'><b>Verify_to_check_edit_full_namefield_and_enter_max_length_of_fullname</b><br>Test class: Test_editprofile</td>
<td></td>
<td>26</td>
<td>Test_editprofile@1e4f4a5c</td></tr>
<tr>
<td title='Test_Device.Verify_that_the_Max_pressure_field_does_not_accept_values__greater_than_10()'><b>Verify_that_the_Max_pressure_field_does_not_accept_values__greater_than_10</b><br>Test class: Test_Device</td>
<td></td>
<td>20</td>
<td>Test_Device@24c1b2d2</td></tr>
<tr>
<td title='Test_Orgnization.Verify_that_an_organization_cannot_be_created_with_max_length_of_Address_field()'><b>Verify_that_an_organization_cannot_be_created_with_max_length_of_Address_field</b><br>Test class: Test_Orgnization</td>
<td></td>
<td>23</td>
<td>Test_Orgnization@1b66c0fb</td></tr>
<tr>
<td title='Device_update_TC.verify_to_check_clickon_update_device_and_check_the_text_ofthe_page()'><b>verify_to_check_clickon_update_device_and_check_the_text_ofthe_page</b><br>Test class: Device_update_TC</td>
<td></td>
<td>20</td>
<td>Device_update_TC@7dc19a70</td></tr>
<tr>
<td title='Test_Supervisor.check_to_update_supervisor_without_enter_mandatory_field()'><b>check_to_update_supervisor_without_enter_mandatory_field</b><br>Test class: Test_Supervisor</td>
<td></td>
<td>22</td>
<td>Test_Supervisor@41330d4f</td></tr>
<tr>
<td title='Test_Supervisor.Create_Supervisor_with_valid_email()'><b>Create_Supervisor_with_valid_email</b><br>Test class: Test_Supervisor</td>
<td></td>
<td>22</td>
<td>Test_Supervisor@41330d4f</td></tr>
<tr>
<td title='Test_dashboard.Verify_that_select_high_speed_disperser_machine_and_check_the_weight_is_visible()'><b>Verify_that_select_high_speed_disperser_machine_and_check_the_weight_is_visible</b><br>Test class: Test_dashboard</td>
<td></td>
<td>16</td>
<td>Test_dashboard@37313c65</td></tr>
<tr>
<td title='Test_dashboard.Verify_that_select_twin_shaftdisperser_machine_and_check_main_motor_motor_Last_on_off_date_is_displayed()'><b>Verify_that_select_twin_shaftdisperser_machine_and_check_main_motor_motor_Last_on_off_date_is_displayed</b><br>Test class: Test_dashboard</td>
<td></td>
<td>13</td>
<td>Test_dashboard@37313c65</td></tr>
<tr>
<td title='Test_editprofile.Verify_to_check_edit_profile_without_enter_phone_number()'><b>Verify_to_check_edit_profile_without_enter_phone_number</b><br>Test class: Test_editprofile</td>
<td></td>
<td>36</td>
<td>Test_editprofile@1e4f4a5c</td></tr>
<tr>
<td title='Test_Supervisor.verify_that_createSupervisor_with_invalid_email()'><b>verify_that_createSupervisor_with_invalid_email</b><br>Test class: Test_Supervisor</td>
<td></td>
<td>65</td>
<td>Test_Supervisor@41330d4f</td></tr>
<tr>
<td title='Test_dashboard.Verify_that_select_twin_shaftdisperser_machine_and_check_scrapper_motor_on_off_is_displayed()'><b>Verify_that_select_twin_shaftdisperser_machine_and_check_scrapper_motor_on_off_is_displayed</b><br>Test class: Test_dashboard</td>
<td></td>
<td>21</td>
<td>Test_dashboard@37313c65</td></tr>
<tr>
<td title='Test_Device.Verify_to_check__Device_IDfield_with_spaces()'><b>Verify_to_check__Device_IDfield_with_spaces</b><br>Test class: Test_Device</td>
<td></td>
<td>31</td>
<td>Test_Device@24c1b2d2</td></tr>
<tr>
<td title='Test_Orgnization.Verify_that_an_organization_cannot_be_created_without_enter_city_field()'><b>Verify_that_an_organization_cannot_be_created_without_enter_city_field</b><br>Test class: Test_Orgnization</td>
<td></td>
<td>23</td>
<td>Test_Orgnization@1b66c0fb</td></tr>
<tr>
<td title='Test_Orgnization2.Ensure_that_the_organization_update_fails_with_max_length_of_address_fields()'><b>Ensure_that_the_organization_update_fails_with_max_length_of_address_fields</b><br>Test class: Test_Orgnization2</td>
<td></td>
<td>31</td>
<td>Test_Orgnization2@3e0e1046</td></tr>
<tr>
<td title='TesttipcoLogin.verify_to_check_and_invalid_mail_in_forgot_password_field()'><b>verify_to_check_and_invalid_mail_in_forgot_password_field</b><br>Test class: TesttipcoLogin</td>
<td></td>
<td>18</td>
<td>TesttipcoLogin@2254127a</td></tr>
<tr>
<td title='Test_dashboard.Verify_that_select_high_speed_disperser_machine_and_check_the_text_of_high_speed_disperser_is_visible()'><b>Verify_that_select_high_speed_disperser_machine_and_check_the_text_of_high_speed_disperser_is_visible</b><br>Test class: Test_dashboard</td>
<td></td>
<td>21</td>
<td>Test_dashboard@37313c65</td></tr>
<tr>
<td title='Device_update_TC.verify_that_to_update_device_and_take_deviceId_field_blank()'><b>verify_that_to_update_device_and_take_deviceId_field_blank</b><br>Test class: Device_update_TC</td>
<td></td>
<td>39</td>
<td>Device_update_TC@7dc19a70</td></tr>
<tr>
<td title='Test_dashboard.Verify_that_select_twin_shaftdisperser_machine_and_check_scrapper_motor_RPM_is_displayed()'><b>Verify_that_select_twin_shaftdisperser_machine_and_check_scrapper_motor_RPM_is_displayed</b><br>Test class: Test_dashboard</td>
<td></td>
<td>16</td>
<td>Test_dashboard@37313c65</td></tr>
<tr>
<td title='TesttipcoLogin.Verify_that_not_able_to_Login_with_incorrect_password()'><b>Verify_that_not_able_to_Login_with_incorrect_password</b><br>Test class: TesttipcoLogin</td>
<td></td>
<td>37</td>
<td>TesttipcoLogin@2254127a</td></tr>
<tr>
<td title='Test_Supervisor.Verify_that_click_on_tipco_Logo_from_supervisor_page_and_redirect_on_dashborad()'><b>Verify_that_click_on_tipco_Logo_from_supervisor_page_and_redirect_on_dashborad</b><br>Test class: Test_Supervisor</td>
<td></td>
<td>19</td>
<td>Test_Supervisor@41330d4f</td></tr>
<tr>
<td title='Test_dashboard.Verify_that_select_Horizontal_bead_mill_machine_and_check_milli_motor_on_off()'><b>Verify_that_select_Horizontal_bead_mill_machine_and_check_milli_motor_on_off</b><br>Test class: Test_dashboard</td>
<td></td>
<td>15</td>
<td>Test_dashboard@37313c65</td></tr>
<tr>
<td title='Device_TC.Verify_to_check_selected_option_of_devicetype_in_update_form_is_visible()'><b>Verify_to_check_selected_option_of_devicetype_in_update_form_is_visible</b><br>Test class: Device_TC</td>
<td></td>
<td>20</td>
<td>Device_TC@508dec2b</td></tr>
<tr>
<td title='Device_update_TC.verify_that_to_update_device_and_enter_alphabet_in_maxtemp1_field()'><b>verify_that_to_update_device_and_enter_alphabet_in_maxtemp1_field</b><br>Test class: Device_update_TC</td>
<td></td>
<td>36</td>
<td>Device_update_TC@7dc19a70</td></tr>
<tr>
<td title='Test_dashboard.Verify_that_select_twin_shaftdisperser_machine_and_check_twin_shaft_disperser_machine_text_is_displayed()'><b>Verify_that_select_twin_shaftdisperser_machine_and_check_twin_shaft_disperser_machine_text_is_displayed</b><br>Test class: Test_dashboard</td>
<td></td>
<td>14</td>
<td>Test_dashboard@37313c65</td></tr>
<tr>
<td title='Test_Orgnization.Verify_that_an_organization_cannot_be_created_with_an_max_length_of_pincode()'><b>Verify_that_an_organization_cannot_be_created_with_an_max_length_of_pincode</b><br>Test class: Test_Orgnization</td>
<td></td>
<td>22</td>
<td>Test_Orgnization@1b66c0fb</td></tr>
<tr>
<td title='Test_editprofile.Verify_toupdate_profile_with_all_valid_data()'><b>Verify_toupdate_profile_with_all_valid_data</b><br>Test class: Test_editprofile</td>
<td></td>
<td>34</td>
<td>Test_editprofile@1e4f4a5c</td></tr>
<tr>
<td title='Test_Orgnization.Verify_that_an_organization_cannot_be_created_without_selecting_refresh_time()'><b>Verify_that_an_organization_cannot_be_created_without_selecting_refresh_time</b><br>Test class: Test_Orgnization</td>
<td></td>
<td>23</td>
<td>Test_Orgnization@1b66c0fb</td></tr>
<tr>
<td title='Device_TC.Verify_to_check_Action_column_of_the_device_in_device_page()'><b>Verify_to_check_Action_column_of_the_device_in_device_page</b><br>Test class: Device_TC</td>
<td></td>
<td>13</td>
<td>Device_TC@508dec2b</td></tr>
<tr>
<td title='Test_Device.Verify_that_the_Time_Zone_field_displays_a_dropdown_menu()'><b>Verify_that_the_Time_Zone_field_displays_a_dropdown_menu</b><br>Test class: Test_Device</td>
<td></td>
<td>31</td>
<td>Test_Device@24c1b2d2</td></tr>
<tr>
<td title='TesttipcoLogin.Verify_that_not_able_to_login_with_unregisterdmail()'><b>Verify_that_not_able_to_login_with_unregisterdmail</b><br>Test class: TesttipcoLogin</td>
<td></td>
<td>30</td>
<td>TesttipcoLogin@2254127a</td></tr>
<tr>
<td title='Device_update_TC.verify_that_to_update_device_with_enter_specialchar_in_maxtpresser_field()'><b>verify_that_to_update_device_with_enter_specialchar_in_maxtpresser_field</b><br>Test class: Device_update_TC</td>
<td></td>
<td>27</td>
<td>Device_update_TC@7dc19a70</td></tr>
<tr>
<td title='Test_dashboard.Verify_that_select_twin_shaftdisperser_machine_and_check_weight_is_displayed()'><b>Verify_that_select_twin_shaftdisperser_machine_and_check_weight_is_displayed</b><br>Test class: Test_dashboard</td>
<td></td>
<td>14</td>
<td>Test_dashboard@37313c65</td></tr>
<tr>
<td title='Device_TC.Verify_to_check_selected_option_of_zone_in_update_form_is_visible()'><b>Verify_to_check_selected_option_of_zone_in_update_form_is_visible</b><br>Test class: Device_TC</td>
<td></td>
<td>20</td>
<td>Device_TC@508dec2b</td></tr>
<tr>
<td title='Device_update_TC.verify_that_to_update_device_and_enter_maxtemp1_above_the_range()'><b>verify_that_to_update_device_and_enter_maxtemp1_above_the_range</b><br>Test class: Device_update_TC</td>
<td></td>
<td>40</td>
<td>Device_update_TC@7dc19a70</td></tr>
<tr>
<td title='Test_Supervisor.Verify_the_maximum_and_minimum_length_of_the_mobile_number_for_each_country_code()'><b>Verify_the_maximum_and_minimum_length_of_the_mobile_number_for_each_country_code</b><br>Test class: Test_Supervisor</td>
<td></td>
<td>26</td>
<td>Test_Supervisor@41330d4f</td></tr>
<tr>
<td title='Test_Orgnization.Create_Orgnization_with_invalid_orgnization_name()'><b>Create_Orgnization_with_invalid_orgnization_name</b><br>Test class: Test_Orgnization</td>
<td></td>
<td>75</td>
<td>Test_Orgnization@1b66c0fb</td></tr>
<tr>
<td title='Test_Orgnization2.Verify_that_to_check_to_click_next_page_of_orgnization_page()'><b>Verify_that_to_check_to_click_next_page_of_orgnization_page</b><br>Test class: Test_Orgnization2</td>
<td></td>
<td>17</td>
<td>Test_Orgnization2@3e0e1046</td></tr>
<tr>
<td title='Test_dashboard.Verify_that_select_high_speed_disperser_machine_and_check_the_temperature_is_visible()'><b>Verify_that_select_high_speed_disperser_machine_and_check_the_temperature_is_visible</b><br>Test class: Test_dashboard</td>
<td></td>
<td>14</td>
<td>Test_dashboard@37313c65</td></tr>
<tr>
<td title='Test_Device.check_maxtepm3_does_not_accept_greater_than_100()'><b>check_maxtepm3_does_not_accept_greater_than_100</b><br>Test class: Test_Device</td>
<td></td>
<td>20</td>
<td>Test_Device@24c1b2d2</td></tr>
<tr>
<td title='Test_Device.Verify_to_create_highspeed_disperser_machine()'><b>Verify_to_create_highspeed_disperser_machine</b><br>Test class: Test_Device</td>
<td></td>
<td>45</td>
<td>Test_Device@24c1b2d2</td></tr>
<tr>
<td title='Device_TC.Verify_to_check_devicwID_column_of_the_device_in_device_page()'><b>Verify_to_check_devicwID_column_of_the_device_in_device_page</b><br>Test class: Device_TC</td>
<td></td>
<td>13</td>
<td>Device_TC@508dec2b</td></tr>
<tr>
<td title='Device_update_TC.verify_that_to_update_device_with_enter_maxtemp2_below_the_range()'><b>verify_that_to_update_device_with_enter_maxtemp2_below_the_range</b><br>Test class: Device_update_TC</td>
<td></td>
<td>26</td>
<td>Device_update_TC@7dc19a70</td></tr>
<tr>
<td title='Test_Supervisor.Verify_that_search_the_orgnization_that_are_not_present_in_list_box_and_see_valid_error_message()'><b>Verify_that_search_the_orgnization_that_are_not_present_in_list_box_and_see_valid_error_message</b><br>Test class: Test_Supervisor</td>
<td></td>
<td>20</td>
<td>Test_Supervisor@41330d4f</td></tr>
<tr>
<td title='Test_dashboard.Verify_that_select_twin_shaftdisperser_machine_and_check_scrapper_motor_last_on_off_time_is_displayed()'><b>Verify_that_select_twin_shaftdisperser_machine_and_check_scrapper_motor_last_on_off_time_is_displayed</b><br>Test class: Test_dashboard</td>
<td></td>
<td>14</td>
<td>Test_dashboard@37313c65</td></tr>
<tr>
<td title='Test_Orgnization.Verify_that_an_organization_cannot_be_created_withmax_length_of_city_field()'><b>Verify_that_an_organization_cannot_be_created_withmax_length_of_city_field</b><br>Test class: Test_Orgnization</td>
<td></td>
<td>23</td>
<td>Test_Orgnization@1b66c0fb</td></tr>
<tr>
<td title='Test_Orgnization2.Verify_that_update_orgnization_with_duplicate_GST_number()'><b>Verify_that_update_orgnization_with_duplicate_GST_number</b><br>Test class: Test_Orgnization2</td>
<td></td>
<td>57</td>
<td>Test_Orgnization2@3e0e1046</td></tr>
<tr>
<td title='Test_Supervisor.Verify_that_an_error_message_is_displayed_if_the_save_button_is_clicked_when_mandatory_fields_are_not_filled()'><b>Verify_that_an_error_message_is_displayed_if_the_save_button_is_clicked_when_mandatory_fields_are_not_filled</b><br>Test class: Test_Supervisor</td>
<td></td>
<td>19</td>
<td>Test_Supervisor@41330d4f</td></tr>
<tr>
<td title='Test_Device.Verify_that_temp1_field_take_blank_and_see_the_error_message()'><b>Verify_that_temp1_field_take_blank_and_see_the_error_message</b><br>Test class: Test_Device</td>
<td></td>
<td>31</td>
<td>Test_Device@24c1b2d2</td></tr>
<tr>
<td title='Test_Device.check_maxtemp3_field_does_not_accept_special_char()'><b>check_maxtemp3_field_does_not_accept_special_char</b><br>Test class: Test_Device</td>
<td></td>
<td>20</td>
<td>Test_Device@24c1b2d2</td></tr>
<tr>
<td title='Device_update_TC.verify_that_to_update_device_without_enter_temp2_field()'><b>verify_that_to_update_device_without_enter_temp2_field</b><br>Test class: Device_update_TC</td>
<td></td>
<td>26</td>
<td>Device_update_TC@7dc19a70</td></tr>
<tr>
<td title='Test_Orgnization2.Ensure_that_the_organization_update_fails_without_enter_pincode()'><b>Ensure_that_the_organization_update_fails_without_enter_pincode</b><br>Test class: Test_Orgnization2</td>
<td></td>
<td>26</td>
<td>Test_Orgnization2@3e0e1046</td></tr>
<tr>
<td title='Test_Orgnization.Ensure_that_the_organization_update_fails_when_enter_max_length_of_orgname_field()'><b>Ensure_that_the_organization_update_fails_when_enter_max_length_of_orgname_field</b><br>Test class: Test_Orgnization</td>
<td></td>
<td>22</td>
<td>Test_Orgnization@1b66c0fb</td></tr>
<tr>
<td title='Test_Device.Verify_that_the_Device_ID_field_is_unique_and_does_not_allow_duplicates()'><b>Verify_that_the_Device_ID_field_is_unique_and_does_not_allow_duplicates</b><br>Test class: Test_Device</td>
<td></td>
<td>58</td>
<td>Test_Device@24c1b2d2</td></tr>
<tr>
<td title='Device_update_TC.verify_that_to_update_device_maxtemp3_with_special_char()'><b>verify_that_to_update_device_maxtemp3_with_special_char</b><br>Test class: Device_update_TC</td>
<td></td>
<td>27</td>
<td>Device_update_TC@7dc19a70</td></tr>
<tr>
<td title='Test_dashboard.Verify_that_select_twin_shaftdisperser_machine_and_check_main_motor_motor_Last_on_off_time_is_displayed()'><b>Verify_that_select_twin_shaftdisperser_machine_and_check_main_motor_motor_Last_on_off_time_is_displayed</b><br>Test class: Test_dashboard</td>
<td></td>
<td>14</td>
<td>Test_dashboard@37313c65</td></tr>
<tr>
<td title='Device_update_TC.verify_that_to_update_device_without_enter_maxtemp3()'><b>verify_that_to_update_device_without_enter_maxtemp3</b><br>Test class: Device_update_TC</td>
<td></td>
<td>27</td>
<td>Device_update_TC@7dc19a70</td></tr>
<tr>
<td title='Test_Device.Verify_that_the_Max_Temperature_1_field_accepts_numeric_values_between_1_to_100()'><b>Verify_that_the_Max_Temperature_1_field_accepts_numeric_values_between_1_to_100</b><br>Test class: Test_Device</td>
<td></td>
<td>44</td>
<td>Test_Device@24c1b2d2</td></tr>
<tr>
<td title='Device_update_TC.verify_that_to_update_device_with_below_range_of_the_maxpresser()'><b>verify_that_to_update_device_with_below_range_of_the_maxpresser</b><br>Test class: Device_update_TC</td>
<td></td>
<td>28</td>
<td>Device_update_TC@7dc19a70</td></tr>
<tr>
<td title='Test_Orgnization.Verify_that_an_organization_cannot_be_created_with_using_undercurse_and_attherate_in_state()'><b>Verify_that_an_organization_cannot_be_created_with_using_undercurse_and_attherate_in_state</b><br>Test class: Test_Orgnization</td>
<td></td>
<td>36</td>
<td>Test_Orgnization@1b66c0fb</td></tr>
<tr>
<td title='Test_Orgnization2.Verify_that_an_updateorganization_with_a_numeric_city()'><b>Verify_that_an_updateorganization_with_a_numeric_city</b><br>Test class: Test_Orgnization2</td>
<td></td>
<td>31</td>
<td>Test_Orgnization2@3e0e1046</td></tr>
<tr>
<td title='Test_dashboard.Verify_that_select_high_speed_disperser_machine_and_check_main_motor_Last_on_off_date()'><b>Verify_that_select_high_speed_disperser_machine_and_check_main_motor_Last_on_off_date</b><br>Test class: Test_dashboard</td>
<td></td>
<td>24</td>
<td>Test_dashboard@37313c65</td></tr>
<tr>
<td title='Test_Supervisor.Verify_that_the_mobile_number_field_accepts_different_formats_based_on_the_selected_country_code()'><b>Verify_that_the_mobile_number_field_accepts_different_formats_based_on_the_selected_country_code</b><br>Test class: Test_Supervisor</td>
<td></td>
<td>25</td>
<td>Test_Supervisor@41330d4f</td></tr>
<tr>
<td title='Test_Device.Verify_that_the_Max_Temperature_2_field_does_not_accept_alphabetic_or_any_special_characters()'><b>Verify_that_the_Max_Temperature_2_field_does_not_accept_alphabetic_or_any_special_characters</b><br>Test class: Test_Device</td>
<td></td>
<td>42</td>
<td>Test_Device@24c1b2d2</td></tr>
<tr>
<td title='Test_Orgnization2.Ensure_that_the_organization_update_fails_withOut_enter_state()'><b>Ensure_that_the_organization_update_fails_withOut_enter_state</b><br>Test class: Test_Orgnization2</td>
<td></td>
<td>22</td>
<td>Test_Orgnization2@3e0e1046</td></tr>
<tr>
<td title='Test_Supervisor.Verify_to_check_mobile_number_column_is_present_in_supervisor_page()'><b>Verify_to_check_mobile_number_column_is_present_in_supervisor_page</b><br>Test class: Test_Supervisor</td>
<td></td>
<td>16</td>
<td>Test_Supervisor@41330d4f</td></tr>
<tr>
<td title='Test_Orgnization2.Ensure_that_the_organization_update_fails_without_address_fields()'><b>Ensure_that_the_organization_update_fails_without_address_fields</b><br>Test class: Test_Orgnization2</td>
<td></td>
<td>22</td>
<td>Test_Orgnization2@3e0e1046</td></tr>
<tr>
<td title='Test_Supervisor.Verify_that_the_full_name_field_is_mandatory_and_displays_an_error_message_when_left_empty()'><b>Verify_that_the_full_name_field_is_mandatory_and_displays_an_error_message_when_left_empty</b><br>Test class: Test_Supervisor</td>
<td></td>
<td>23</td>
<td>Test_Supervisor@41330d4f</td></tr>
<tr>
<td title='Device_TC.Verify_to_check_devicetype_column_of_the_device_in_device_page()'><b>Verify_to_check_devicetype_column_of_the_device_in_device_page</b><br>Test class: Device_TC</td>
<td></td>
<td>13</td>
<td>Device_TC@508dec2b</td></tr>
<tr>
<td title='TesttipcoLogin.verify_to_check_click_on_forgott_password_button_and_redirect_on_foergott_password_page()'><b>verify_to_check_click_on_forgott_password_button_and_redirect_on_foergott_password_page</b><br>Test class: TesttipcoLogin</td>
<td></td>
<td>8</td>
<td>TesttipcoLogin@2254127a</td></tr>
<tr>
<td title='TesttipcoLogin.Verify_to_signin_with_blank_mail_and_passwordfield()'><b>Verify_to_signin_with_blank_mail_and_passwordfield</b><br>Test class: TesttipcoLogin</td>
<td></td>
<td>15</td>
<td>TesttipcoLogin@2254127a</td></tr>
<tr>
<td title='Device_update_TC.verify_that_to_update_device_with_enter_alphabet_in_temp2_field()'><b>verify_that_to_update_device_with_enter_alphabet_in_temp2_field</b><br>Test class: Device_update_TC</td>
<td></td>
<td>26</td>
<td>Device_update_TC@7dc19a70</td></tr>
<tr>
<td title='Test_Device.Verify_the_empty_field_of_Device_ID_is_not_saved_and_gets_valid_errormessage()'><b>Verify_the_empty_field_of_Device_ID_is_not_saved_and_gets_valid_errormessage</b><br>Test class: Test_Device</td>
<td></td>
<td>43</td>
<td>Test_Device@24c1b2d2</td></tr>
<tr>
<td title='Test_Device.Verify_that_the_Max_vibration_field_does_not_accept_value_less_than_1()'><b>Verify_that_the_Max_vibration_field_does_not_accept_value_less_than_1</b><br>Test class: Test_Device</td>
<td></td>
<td>43</td>
<td>Test_Device@24c1b2d2</td></tr>
<tr>
<td title='Device_update_TC.verify_that_to_update_device_and_enter_min_length_of_device_ID()'><b>verify_that_to_update_device_and_enter_min_length_of_device_ID</b><br>Test class: Device_update_TC</td>
<td></td>
<td>58</td>
<td>Device_update_TC@7dc19a70</td></tr>
<tr>
<td title='Test_Device.Verify_that_the_Max_vibration_field_does_not_accept_value_greater_than_10000()'><b>Verify_that_the_Max_vibration_field_does_not_accept_value_greater_than_10000</b><br>Test class: Test_Device</td>
<td></td>
<td>43</td>
<td>Test_Device@24c1b2d2</td></tr>
<tr>
<td title='Test_editprofile.Verify_to_check_edit_profile_to_enter_invalid_phoneNumber()'><b>Verify_to_check_edit_profile_to_enter_invalid_phoneNumber</b><br>Test class: Test_editprofile</td>
<td></td>
<td>36</td>
<td>Test_editprofile@1e4f4a5c</td></tr>
<tr>
<td title='Test_Supervisor.check_to_update_supervisor_without_select_orgnization_name()'><b>check_to_update_supervisor_without_select_orgnization_name</b><br>Test class: Test_Supervisor</td>
<td></td>
<td>24</td>
<td>Test_Supervisor@41330d4f</td></tr>
<tr>
<td title='Test_Supervisor.Verify_to_check_action_column_is_present_in_supervisor_page()'><b>Verify_to_check_action_column_is_present_in_supervisor_page</b><br>Test class: Test_Supervisor</td>
<td></td>
<td>16</td>
<td>Test_Supervisor@41330d4f</td></tr>
<tr>
<td title='Test_Device.Verify_that_the_Device_ID_field_does_not_accept_with_max_length()'><b>Verify_that_the_Device_ID_field_does_not_accept_with_max_length</b><br>Test class: Test_Device</td>
<td></td>
<td>26</td>
<td>Test_Device@24c1b2d2</td></tr>
<tr>
<td title='Test_Device.Verify_that_click_on_cross_button_and_close_the_popup()'><b>Verify_that_click_on_cross_button_and_close_the_popup</b><br>Test class: Test_Device</td>
<td></td>
<td>27</td>
<td>Test_Device@24c1b2d2</td></tr>
<tr>
<td title='Test_Orgnization2.Verify_that_to_check_to_click_previous_page_of_orgnization_page()'><b>Verify_that_to_check_to_click_previous_page_of_orgnization_page</b><br>Test class: Test_Orgnization2</td>
<td></td>
<td>20</td>
<td>Test_Orgnization2@3e0e1046</td></tr>
<tr>
<td title='Test_Orgnization.Ensure_that_the_organization_update_fails_when_the_organization_name_is_missing()'><b>Ensure_that_the_organization_update_fails_when_the_organization_name_is_missing</b><br>Test class: Test_Orgnization</td>
<td></td>
<td>22</td>
<td>Test_Orgnization@1b66c0fb</td></tr>
<tr>
<td title='Test_dashboard.Verify_that_select_Horizontal_bead_mill_machine_and_check_product_pump_motor_on_off()'><b>Verify_that_select_Horizontal_bead_mill_machine_and_check_product_pump_motor_on_off</b><br>Test class: Test_dashboard</td>
<td></td>
<td>36</td>
<td>Test_dashboard@37313c65</td></tr>
<tr>
<td title='Test_editprofile.Verify_to_check_edit_full_namefield_and_enter_valid_NAME()'><b>Verify_to_check_edit_full_namefield_and_enter_valid_NAME</b><br>Test class: Test_editprofile</td>
<td></td>
<td>21</td>
<td>Test_editprofile@1e4f4a5c</td></tr>
<tr>
<td title='Test_Orgnization.Verify_that_an_organization_cannot_be_created_with_an_invalid_GST_number_format()'><b>Verify_that_an_organization_cannot_be_created_with_an_invalid_GST_number_format</b><br>Test class: Test_Orgnization</td>
<td></td>
<td>23</td>
<td>Test_Orgnization@1b66c0fb</td></tr>
<tr>
<td title='Test_Orgnization.Verify_that_an_organization_cannot_be_created_with_max_length_of_state()'><b>Verify_that_an_organization_cannot_be_created_with_max_length_of_state</b><br>Test class: Test_Orgnization</td>
<td></td>
<td>42</td>
<td>Test_Orgnization@1b66c0fb</td></tr>
<tr>
<td title='TesttipcoLogin.verify_to_check_that_the_tipcoengineeing_logo_is_present_at_signin_page()'><b>verify_to_check_that_the_tipcoengineeing_logo_is_present_at_signin_page</b><br>Test class: TesttipcoLogin</td>
<td></td>
<td>4</td>
<td>TesttipcoLogin@2254127a</td></tr>
<tr>
<td title='TesttipcoLogin.verify_to_check_click_on_forgot_password_and_then_click_on_cancel()'><b>verify_to_check_click_on_forgot_password_and_then_click_on_cancel</b><br>Test class: TesttipcoLogin</td>
<td></td>
<td>12</td>
<td>TesttipcoLogin@2254127a</td></tr>
<tr>
<td title='Test_Orgnization2.Ensure_that_the_organization_update_fails_with_max_length_of_state()'><b>Ensure_that_the_organization_update_fails_with_max_length_of_state</b><br>Test class: Test_Orgnization2</td>
<td></td>
<td>22</td>
<td>Test_Orgnization2@3e0e1046</td></tr>
<tr>
<td title='Test_dashboard.Verify_that_select_Horizontal_bead_mill_machine_and_check_milli_motor_RPM_is_displayed()'><b>Verify_that_select_Horizontal_bead_mill_machine_and_check_milli_motor_RPM_is_displayed</b><br>Test class: Test_dashboard</td>
<td></td>
<td>15</td>
<td>Test_dashboard@37313c65</td></tr>
<tr>
<td title='Test_dashboard.Verify_that_select_twin_shaftdisperser_machine_and_check_hydraulic_motor_Last_on_off_date_is_displayed()'><b>Verify_that_select_twin_shaftdisperser_machine_and_check_hydraulic_motor_Last_on_off_date_is_displayed</b><br>Test class: Test_dashboard</td>
<td></td>
<td>13</td>
<td>Test_dashboard@37313c65</td></tr>
<tr>
<td title='Test_dashboard.Verify_that_to_click_on_notification_and_cancel_the_notification()'><b>Verify_that_to_click_on_notification_and_cancel_the_notification</b><br>Test class: Test_dashboard</td>
<td></td>
<td>32</td>
<td>Test_dashboard@37313c65</td></tr>
<tr>
<td title='Device_update_TC.verify_that_to_update_device_with_enter_alphabet_in_maxtpresser_field()'><b>verify_that_to_update_device_with_enter_alphabet_in_maxtpresser_field</b><br>Test class: Device_update_TC</td>
<td></td>
<td>28</td>
<td>Device_update_TC@7dc19a70</td></tr>
<tr>
<td title='Test_Device.Verify_the_deice_text_on_add_device_page()'><b>Verify_the_deice_text_on_add_device_page</b><br>Test class: Test_Device</td>
<td></td>
<td>31</td>
<td>Test_Device@24c1b2d2</td></tr>
<tr>
<td title='Test_Supervisor.Verify_that_the_email_field_is_mandatory_and_displays_an_error_message_when_left_empty()'><b>Verify_that_the_email_field_is_mandatory_and_displays_an_error_message_when_left_empty</b><br>Test class: Test_Supervisor</td>
<td></td>
<td>23</td>
<td>Test_Supervisor@41330d4f</td></tr>
<tr>
<td title='Test_Orgnization.Verify_to_add_orgnization_with_max_length_of_orgname()'><b>Verify_to_add_orgnization_with_max_length_of_orgname</b><br>Test class: Test_Orgnization</td>
<td></td>
<td>23</td>
<td>Test_Orgnization@1b66c0fb</td></tr>
<tr>
<td title='TesttipcoLogin.verify_to_check_the_forgot_password_text_is_present_on_forgot_password_page()'><b>verify_to_check_the_forgot_password_text_is_present_on_forgot_password_page</b><br>Test class: TesttipcoLogin</td>
<td></td>
<td>12</td>
<td>TesttipcoLogin@2254127a</td></tr>
<tr>
<td title='Test_Device.Verify_to_create_device_without_select_orgnization()'><b>Verify_to_create_device_without_select_orgnization</b><br>Test class: Test_Device</td>
<td></td>
<td>30</td>
<td>Test_Device@24c1b2d2</td></tr>
<tr>
<td title='Test_editprofile.Verify_to_get_text_of_edit_profile_page()'><b>Verify_to_get_text_of_edit_profile_page</b><br>Test class: Test_editprofile</td>
<td></td>
<td>33</td>
<td>Test_editprofile@1e4f4a5c</td></tr>
<tr>
<td title='Device_TC.Verify_that_the_total_number_of_pages_is_displayed_correctly()'><b>Verify_that_the_total_number_of_pages_is_displayed_correctly</b><br>Test class: Device_TC</td>
<td></td>
<td>17</td>
<td>Device_TC@508dec2b</td></tr>
<tr>
<td title='Test_Supervisor.Verify_that_search_and_select_orgnization_from_filter_and_see_supervisor()'><b>Verify_that_search_and_select_orgnization_from_filter_and_see_supervisor</b><br>Test class: Test_Supervisor</td>
<td></td>
<td>23</td>
<td>Test_Supervisor@41330d4f</td></tr>
<tr>
<td title='Device_update_TC.verify_that_to_update_device_with_enter_special_char_in_temp2_field()'><b>verify_that_to_update_device_with_enter_special_char_in_temp2_field</b><br>Test class: Device_update_TC</td>
<td></td>
<td>23</td>
<td>Device_update_TC@7dc19a70</td></tr>
<tr>
<td title='Test_Supervisor.check_and_update_superviaor_without_using_attherate()'><b>check_and_update_superviaor_without_using_attherate</b><br>Test class: Test_Supervisor</td>
<td></td>
<td>26</td>
<td>Test_Supervisor@41330d4f</td></tr>
<tr>
<td title='Test_dashboard.Verify_that_select_Horizontal_bead_mill_machine_and_check_vibration_isDisplayed()'><b>Verify_that_select_Horizontal_bead_mill_machine_and_check_vibration_isDisplayed</b><br>Test class: Test_dashboard</td>
<td></td>
<td>20</td>
<td>Test_dashboard@37313c65</td></tr>
<tr>
<td title='Test_editprofile.Verify_to_check_edit_full_namefield_and_enterMinimum_length_of_fullname()'><b>Verify_to_check_edit_full_namefield_and_enterMinimum_length_of_fullname</b><br>Test class: Test_editprofile</td>
<td></td>
<td>38</td>
<td>Test_editprofile@1e4f4a5c</td></tr>
<tr>
<td title='Device_update_TC.verify_that_to_update_device_with_maxtemp3_below_the_range()'><b>verify_that_to_update_device_with_maxtemp3_below_the_range</b><br>Test class: Device_update_TC</td>
<td></td>
<td>24</td>
<td>Device_update_TC@7dc19a70</td></tr>
<tr>
<td title='Test_Orgnization.Verify_that_an_organization_cannot_be_created_with_an_minimum_length_of_pincode()'><b>Verify_that_an_organization_cannot_be_created_with_an_minimum_length_of_pincode</b><br>Test class: Test_Orgnization</td>
<td></td>
<td>23</td>
<td>Test_Orgnization@1b66c0fb</td></tr>
<tr>
<td title='Test_Orgnization2.Ensure_that_the_organization_update_fails_without_enter_city()'><b>Ensure_that_the_organization_update_fails_without_enter_city</b><br>Test class: Test_Orgnization2</td>
<td></td>
<td>22</td>
<td>Test_Orgnization2@3e0e1046</td></tr>
<tr>
<td title='Test_editprofile.Verify_to_check_edit_profile_without_enter_email_field()'><b>Verify_to_check_edit_profile_without_enter_email_field</b><br>Test class: Test_editprofile</td>
<td></td>
<td>38</td>
<td>Test_editprofile@1e4f4a5c</td></tr>
<tr>
<td title='Test_dashboard.Verify_that_select_Horizontal_bead_mill_machine_and_check_coolant_motor_Last_on_off_time_isDisplayed()'><b>Verify_that_select_Horizontal_bead_mill_machine_and_check_coolant_motor_Last_on_off_time_isDisplayed</b><br>Test class: Test_dashboard</td>
<td></td>
<td>16</td>
<td>Test_dashboard@37313c65</td></tr>
<tr>
<td title='Test_Orgnization2.Verify_that_to_check_orgnization_name_column_is_present_in_orgniozation_create_page()'><b>Verify_that_to_check_orgnization_name_column_is_present_in_orgniozation_create_page</b><br>Test class: Test_Orgnization2</td>
<td></td>
<td>26</td>
<td>Test_Orgnization2@3e0e1046</td></tr>
<tr>
<td title='TesttipcoLogin.verify_to_check_click_on_password_visibility_button()'><b>verify_to_check_click_on_password_visibility_button</b><br>Test class: TesttipcoLogin</td>
<td></td>
<td>7</td>
<td>TesttipcoLogin@2254127a</td></tr>
<tr>
<td title='Test_dashboard.Verify_that_select_Horizontal_bead_mill_machine_and_check_product_pump_motor_Last_of_off_time_isDisplayed()'><b>Verify_that_select_Horizontal_bead_mill_machine_and_check_product_pump_motor_Last_of_off_time_isDisplayed</b><br>Test class: Test_dashboard</td>
<td></td>
<td>16</td>
<td>Test_dashboard@37313c65</td></tr>
<tr>
<td title='Test_dashboard.Verify_that_select_high_speed_disperser_machine_and_check_hydraulic_motor_last_on_off_date()'><b>Verify_that_select_high_speed_disperser_machine_and_check_hydraulic_motor_last_on_off_date</b><br>Test class: Test_dashboard</td>
<td></td>
<td>13</td>
<td>Test_dashboard@37313c65</td></tr>
<tr>
<td title='Test_Orgnization2.Ensure_that_the_organization_update_fails_with_maximum_length_of_pincode()'><b>Ensure_that_the_organization_update_fails_with_maximum_length_of_pincode</b><br>Test class: Test_Orgnization2</td>
<td></td>
<td>22</td>
<td>Test_Orgnization2@3e0e1046</td></tr>
<tr>
<td title='Test_editprofile.Verify_to_check_edit_profile_without_using_at_the_ratein_name_field()'><b>Verify_to_check_edit_profile_without_using_at_the_ratein_name_field</b><br>Test class: Test_editprofile</td>
<td></td>
<td>37</td>
<td>Test_editprofile@1e4f4a5c</td></tr>
<tr>
<td title='Test_editprofile.Verify_to_check_edit_profile_without_fullname_field()'><b>Verify_to_check_edit_profile_without_fullname_field</b><br>Test class: Test_editprofile</td>
<td></td>
<td>39</td>
<td>Test_editprofile@1e4f4a5c</td></tr>
<tr>
<td title='Test_Device.Verify_that_the_Max_Pressure_1_field_does_not_accept_alphabetic_or_any_speecial_characters()'><b>Verify_that_the_Max_Pressure_1_field_does_not_accept_alphabetic_or_any_speecial_characters</b><br>Test class: Test_Device</td>
<td></td>
<td>20</td>
<td>Test_Device@24c1b2d2</td></tr>
<tr>
<td title='Test_dashboard.Verify_that_select_twin_shaftdisperser_machine_and_check_temperature3_is_displayed()'><b>Verify_that_select_twin_shaftdisperser_machine_and_check_temperature3_is_displayed</b><br>Test class: Test_dashboard</td>
<td></td>
<td>14</td>
<td>Test_dashboard@37313c65</td></tr>
<tr>
<td title='Test_Orgnization2.Verify_that_to_check_sr_no_column_is_present_in_orgniozation_create_page()'><b>Verify_that_to_check_sr_no_column_is_present_in_orgniozation_create_page</b><br>Test class: Test_Orgnization2</td>
<td></td>
<td>16</td>
<td>Test_Orgnization2@3e0e1046</td></tr>
<tr>
<td title='Test_dashboard.Verify_that_select_high_speed_disperser_machine_and_check_the_vibration_is_visible()'><b>Verify_that_select_high_speed_disperser_machine_and_check_the_vibration_is_visible</b><br>Test class: Test_dashboard</td>
<td></td>
<td>13</td>
<td>Test_dashboard@37313c65</td></tr>
<tr>
<td title='Device_update_TC.verify_that_to_update_device_without_enter_maxvibration_field()'><b>verify_that_to_update_device_without_enter_maxvibration_field</b><br>Test class: Device_update_TC</td>
<td></td>
<td>27</td>
<td>Device_update_TC@7dc19a70</td></tr>
<tr>
<td title='Test_dashboard.Verify_that_select_twin_shaftdisperser_machine_and_check_hydraulic_motor__on_off_is_displayed()'><b>Verify_that_select_twin_shaftdisperser_machine_and_check_hydraulic_motor__on_off_is_displayed</b><br>Test class: Test_dashboard</td>
<td></td>
<td>13</td>
<td>Test_dashboard@37313c65</td></tr>
<tr>
<td title='Device_update_TC.verify_that_to_update_device_without_enter_temp1()'><b>verify_that_to_update_device_without_enter_temp1</b><br>Test class: Device_update_TC</td>
<td></td>
<td>40</td>
<td>Device_update_TC@7dc19a70</td></tr>
<tr>
<td title='Test_Supervisor.Verify_to_check_supervisor_name_column_is_present_in_supervisor_page()'><b>Verify_to_check_supervisor_name_column_is_present_in_supervisor_page</b><br>Test class: Test_Supervisor</td>
<td></td>
<td>16</td>
<td>Test_Supervisor@41330d4f</td></tr>
<tr>
<td title='Test_dashboard.Verify_that_select_twin_shaftdisperser_machine_and_check_temperature1_is_displayed()'><b>Verify_that_select_twin_shaftdisperser_machine_and_check_temperature1_is_displayed</b><br>Test class: Test_dashboard</td>
<td></td>
<td>14</td>
<td>Test_dashboard@37313c65</td></tr>
<tr>
<td title='Test_Device.Verify_that_the_Max_vibration_field_does_not_accept_alphabetic_or_any_special_characters()'><b>Verify_that_the_Max_vibration_field_does_not_accept_alphabetic_or_any_special_characters</b><br>Test class: Test_Device</td>
<td></td>
<td>20</td>
<td>Test_Device@24c1b2d2</td></tr>
<tr>
<td title='Test_Device.check_to_create_device_with_maxtepm3_field_is_blank()'><b>check_to_create_device_with_maxtepm3_field_is_blank</b><br>Test class: Test_Device</td>
<td></td>
<td>20</td>
<td>Test_Device@24c1b2d2</td></tr>
<tr>
<td title='Test_Supervisor.Verify_to_update_superviosr_with_invalid_number()'><b>Verify_to_update_superviosr_with_invalid_number</b><br>Test class: Test_Supervisor</td>
<td></td>
<td>28</td>
<td>Test_Supervisor@41330d4f</td></tr>
<tr>
<td title='Test_Orgnization.Ensure_that_the_organization_update_fails_without_enter_GSTnumberfield()'><b>Ensure_that_the_organization_update_fails_without_enter_GSTnumberfield</b><br>Test class: Test_Orgnization</td>
<td></td>
<td>22</td>
<td>Test_Orgnization@1b66c0fb</td></tr>
<tr>
<td title='Test_editprofile.Verify_to_check_edit_full_namefield_and_enter_special_charIn_fullname()'><b>Verify_to_check_edit_full_namefield_and_enter_special_charIn_fullname</b><br>Test class: Test_editprofile</td>
<td></td>
<td>38</td>
<td>Test_editprofile@1e4f4a5c</td></tr>
<tr>
<td title='Test_Orgnization.Verify_that_an_organization_cannot_be_created_with_max_length_of_GST_number()'><b>Verify_that_an_organization_cannot_be_created_with_max_length_of_GST_number</b><br>Test class: Test_Orgnization</td>
<td></td>
<td>22</td>
<td>Test_Orgnization@1b66c0fb</td></tr>
<tr>
<td title='Test_dashboard.Verify_that_select_Horizontal_bead_mill_machine_and_check_coolant_motor_on_off()'><b>Verify_that_select_Horizontal_bead_mill_machine_and_check_coolant_motor_on_off</b><br>Test class: Test_dashboard</td>
<td></td>
<td>15</td>
<td>Test_dashboard@37313c65</td></tr>
<tr>
<td title='Test_dashboard.Verify_that_select_high_speed_disperser_machine_and_check_hydraulic_motor_last_on_off_time()'><b>Verify_that_select_high_speed_disperser_machine_and_check_hydraulic_motor_last_on_off_time</b><br>Test class: Test_dashboard</td>
<td></td>
<td>17</td>
<td>Test_dashboard@37313c65</td></tr>
<tr>
<td title='Test_dashboard.Verify_that_select_twin_shaftdisperser_machine_and_check_hydraulic_motor_Last_on_off__time_is_displayed()'><b>Verify_that_select_twin_shaftdisperser_machine_and_check_hydraulic_motor_Last_on_off__time_is_displayed</b><br>Test class: Test_dashboard</td>
<td></td>
<td>13</td>
<td>Test_dashboard@37313c65</td></tr>
<tr>
<td title='Device_update_TC.verify_that_to_update_device_and_enter_max_length_of_device_ID()'><b>verify_that_to_update_device_and_enter_max_length_of_device_ID</b><br>Test class: Device_update_TC</td>
<td></td>
<td>29</td>
<td>Device_update_TC@7dc19a70</td></tr>
<tr>
<td title='Test_Orgnization.Verify_that_an_organization_cannot_be_created_without_GST_number()'><b>Verify_that_an_organization_cannot_be_created_without_GST_number</b><br>Test class: Test_Orgnization</td>
<td></td>
<td>23</td>
<td>Test_Orgnization@1b66c0fb</td></tr>
</table><p>
</body>
</html>