<?xml version="1.0" encoding="UTF-8"?>
<!-- Generated by org.testng.reporters.JUnitXMLReporter -->
<testsuite ignored="0" hostname="DESKTOP-SPJ27N6" failures="49" tests="79" name="Test" time="2465.446" errors="0" timestamp="2024-11-14T18:40:36 IST">
  <testcase classname="Device_TC" name="@AfterClass closethebrowser" time="0.0">
    <failure type="org.openqa.selenium.WebDriverException" message="disconnected: not connected to DevTools
  (failed to check if window was closed: disconnected: not connected to DevTools)
  (Session info: chrome=130.0.6723.117)
Build info: version: &amp;apos;4.12.1&amp;apos;, revision: &amp;apos;8e34639b11&amp;apos;
System info: os.name: &amp;apos;Windows 11&amp;apos;, os.arch: &amp;apos;amd64&amp;apos;, os.version: &amp;apos;10.0&amp;apos;, java.version: &amp;apos;17.0.8.1&amp;apos;
Driver info: org.openqa.selenium.chrome.ChromeDriver
Command: [c94fe5be4611805d3c3f319e7724a3f9, close {}]
Capabilities {acceptInsecureCerts: false, browserName: chrome, browserVersion: 130.0.6723.117, chrome: {chromedriverVersion: 130.0.6723.116 (6ac35f94ae3..., userDataDir: C:\Users\EXTERN~1\AppData\L...}, fedcm:accounts: true, goog:chromeOptions: {debuggerAddress: localhost:57269}, networkConnectionEnabled: false, pageLoadStrategy: normal, platformName: windows, proxy: Proxy(), se:cdp: ws://localhost:57269/devtoo..., se:cdpVersion: 130.0.6723.117, setWindowRect: true, strictFileInteractability: false, timeouts: {implicit: 0, pageLoad: 300000, script: 30000}, unhandledPromptBehavior: dismiss and notify, webauthn:extension:credBlob: true, webauthn:extension:largeBlob: true, webauthn:extension:minPinLength: true, webauthn:extension:prf: true, webauthn:virtualAuthenticators: true}
Session ID: c94fe5be4611805d3c3f319e7724a3f9">
      <![CDATA[org.openqa.selenium.WebDriverException: disconnected: not connected to DevTools
  (failed to check if window was closed: disconnected: not connected to DevTools)
  (Session info: chrome=130.0.6723.117)
Build info: version: '4.12.1', revision: '8e34639b11'
System info: os.name: 'Windows 11', os.arch: 'amd64', os.version: '10.0', java.version: '17.0.8.1'
Driver info: org.openqa.selenium.chrome.ChromeDriver
Command: [c94fe5be4611805d3c3f319e7724a3f9, close {}]
Capabilities {acceptInsecureCerts: false, browserName: chrome, browserVersion: 130.0.6723.117, chrome: {chromedriverVersion: 130.0.6723.116 (6ac35f94ae3..., userDataDir: C:\Users\EXTERN~1\AppData\L...}, fedcm:accounts: true, goog:chromeOptions: {debuggerAddress: localhost:57269}, networkConnectionEnabled: false, pageLoadStrategy: normal, platformName: windows, proxy: Proxy(), se:cdp: ws://localhost:57269/devtoo..., se:cdpVersion: 130.0.6723.117, setWindowRect: true, strictFileInteractability: false, timeouts: {implicit: 0, pageLoad: 300000, script: 30000}, unhandledPromptBehavior: dismiss and notify, webauthn:extension:credBlob: true, webauthn:extension:largeBlob: true, webauthn:extension:minPinLength: true, webauthn:extension:prf: true, webauthn:virtualAuthenticators: true}
Session ID: c94fe5be4611805d3c3f319e7724a3f9
at org.openqa.selenium.remote.codec.w3c.W3CHttpResponseCodec.createException(W3CHttpResponseCodec.java:200)
at org.openqa.selenium.remote.codec.w3c.W3CHttpResponseCodec.decode(W3CHttpResponseCodec.java:133)
at org.openqa.selenium.remote.codec.w3c.W3CHttpResponseCodec.decode(W3CHttpResponseCodec.java:52)
at org.openqa.selenium.remote.HttpCommandExecutor.execute(HttpCommandExecutor.java:191)
at org.openqa.selenium.remote.service.DriverCommandExecutor.invokeExecute(DriverCommandExecutor.java:196)
at org.openqa.selenium.remote.service.DriverCommandExecutor.execute(DriverCommandExecutor.java:171)
at org.openqa.selenium.remote.RemoteWebDriver.execute(RemoteWebDriver.java:602)
at org.openqa.selenium.remote.RemoteWebDriver.execute(RemoteWebDriver.java:675)
at org.openqa.selenium.remote.RemoteWebDriver.execute(RemoteWebDriver.java:679)
at org.openqa.selenium.remote.RemoteWebDriver.close(RemoteWebDriver.java:409)
at Device_TC.closethebrowser(Device_TC.java:656)
at java.base/java.util.ArrayList.forEach(ArrayList.java:1511)
... Removed 31 stack frames]]>
    </failure>
  </testcase> <!-- @AfterClass closethebrowser -->
  <testcase classname="Test_Device" name="Verify_that_the_Device_ID_field_is_unique_and_does_not_allow_duplicates" time="58.338"/>
  <testcase classname="Test_Device" name="Verify_to_check__Device_ID_Field_with_special_characters" time="30.829"/>
  <testcase classname="Test_Device" name="Verify_to_check__Device_IDfield_with_spaces" time="30.923"/>
  <testcase classname="Test_Device" name="Verify_that_the_Device_ID_field_does_not_accept_with_minimum_length_of_2_characters" time="26.765"/>
  <testcase classname="Test_Device" name="Verify_that_the_Device_ID_field_does_not_accept_with_max_length" time="27.087"/>
  <testcase classname="Test_Device" name="Verify_that_the_Max_Temperature_1_field_accepts_numeric_values_between_1_to_100" time="25.675"/>
  <testcase classname="Test_Device" name="Verify_that_temp1_field_should_not_accept_alphabet" time="30.858"/>
  <testcase classname="Test_Device" name="Verify_that_temp1_field_take_blank_and_see_the_error_message" time="25.712"/>
  <testcase classname="Test_Device" name="Verify_that_the_Max_Temperature_2_field_does_not_accept_alphabetic_or_any_special_characters" time="25.75"/>
  <testcase classname="Test_Device" name="Verify_that_the_Max_Temperature_2_field_does_not_greater_than_100" time="25.778"/>
  <testcase classname="Test_Device" name="check_maxtemp3_field_does_not_accept_special_char" time="25.558"/>
  <testcase classname="Test_Device" name="check_maxtepm3_does_not_accept_greater_than_100" time="25.694"/>
  <testcase classname="Test_Device" name="check_to_create_device_with_maxtepm3_field_is_blank" time="25.696"/>
  <testcase classname="Test_Device" name="Verify_that_the_Max_Pressure_1_field_does_not_accept_alphabetic_or_any_speecial_characters" time="25.643"/>
  <testcase classname="Test_Device" name="Verify_that_the_Max_pressure_field_does_not_accept_values__greater_than_10" time="25.601"/>
  <testcase classname="Test_Device" name="Verify_that_the_Max_pressure_field_does_not_accept_values_less_than_1" time="25.587"/>
  <testcase classname="Test_Device" name="Verify_that_the_Max_pressure__field_take_blnak_and_see_error" time="25.571"/>
  <testcase classname="Test_Device" name="Verify_that_the_Max_vibration_field_does_not_accept_alphabetic_or_any_special_characters" time="25.556"/>
  <testcase classname="Test_Device" name="Verify_that_the_Max_vibration_field_does_not_accept_value_greater_than_10000" time="25.529"/>
  <testcase classname="Test_Device" name="Verify_that_the_Max_vibration_field_does_not_accept_value_less_than_1" time="17.361"/>
  <testcase classname="Test_Device" name="Verify_that_the_Max_vibration_field_take_blank_and_see_error_message" time="17.444"/>
  <testcase classname="Test_Device" name="Verify_that_the_Time_Zone_field_displays_a_dropdown_menu" time="15.175"/>
  <testcase classname="Test_Device" name="Verify_the_empty_field_of_Device_ID_is_not_saved_and_gets_valid_errormessage" time="20.534"/>
  <testcase classname="Test_Device" name="Verify_that_click_on_cross_button_and_close_the_popup" time="10.731"/>
  <testcase classname="Test_Device" name="Verify_that_the_text_of_Device_page" time="4.112"/>
  <testcase classname="Test_Device" name="Verify_that_clickon_submit_button_when_all_the_fields_are_blank" time="14.892"/>
  <testcase classname="Test_Device" name="Verify_the_deice_text_on_add_device_page" time="14.857"/>
  <testcase classname="Test_Device" name="Verify_to_create_Horizontalbead_mill_machine" time="25.086"/>
  <testcase classname="Test_Device" name="verify_to_create_twinsaftdisperser" time="25.3"/>
  <testcase classname="Test_Device" name="Verify_to_create_highspeed_disperser_machine" time="25.001"/>
  <testcase classname="Device_update_TC" name="verify_that_to_update_device_and_enter_min_length_of_device_ID" time="2.041">
    <failure type="java.lang.AssertionError" message="The following asserts failed:
	Exception: Cannot invoke &amp;quot;Device_create.Device_create.clicksbtn()&amp;quot; because &amp;quot;this.device&amp;quot; is null">
      <![CDATA[java.lang.AssertionError: The following asserts failed:
Exception: Cannot invoke "Device_create.Device_create.clicksbtn()" because "this.device" is null
at Device_update_TC.verify_that_to_update_device_and_enter_min_length_of_device_ID(Device_update_TC.java:64)
at java.base/java.util.ArrayList.forEach(ArrayList.java:1511)
... Removed 29 stack frames]]>
    </failure>
  </testcase> <!-- verify_that_to_update_device_and_enter_min_length_of_device_ID -->
  <testcase classname="Device_update_TC" name="verify_that_to_update_device_and_enter_max_length_of_device_ID" time="13.316">
    <failure type="java.lang.AssertionError" message="The following asserts failed:
	Exception: Cannot invoke &amp;quot;Device_create.Device_create.enterdeviceId(String)&amp;quot; because &amp;quot;this.device&amp;quot; is null">
      <![CDATA[java.lang.AssertionError: The following asserts failed:
Exception: Cannot invoke "Device_create.Device_create.enterdeviceId(String)" because "this.device" is null
at Device_update_TC.verify_that_to_update_device_and_enter_max_length_of_device_ID(Device_update_TC.java:95)
at java.base/java.util.ArrayList.forEach(ArrayList.java:1511)
... Removed 29 stack frames]]>
    </failure>
  </testcase> <!-- verify_that_to_update_device_and_enter_max_length_of_device_ID -->
  <testcase classname="Device_update_TC" name="verify_that_to_update_device_and_take_deviceId_field_blank" time="14.231">
    <failure type="java.lang.AssertionError" message="The following asserts failed:
	Exception: element click intercepted: Element &amp;lt;span&amp;gt;...&amp;lt;/span&amp;gt; is not clickable at point (1322, 278). Other element would receive the click: &amp;lt;div class=&amp;quot;create-supervisor-organizationpopup&amp;quot;&amp;gt;...&amp;lt;/div&amp;gt;
  (Session info: chrome=130.0.6723.117)
Build info: version: &amp;apos;4.12.1&amp;apos;, revision: &amp;apos;8e34639b11&amp;apos;
System info: os.name: &amp;apos;Windows 11&amp;apos;, os.arch: &amp;apos;amd64&amp;apos;, os.version: &amp;apos;10.0&amp;apos;, java.version: &amp;apos;17.0.8.1&amp;apos;
Driver info: org.openqa.selenium.chrome.ChromeDriver
Command: [c94fe5be4611805d3c3f319e7724a3f9, clickElement {id=f.3129891FE5D83B74765A31AD9B98CA0A.d.7491B63D26757DA417792692029A7962.e.4160}]
Capabilities {acceptInsecureCerts: false, browserName: chrome, browserVersion: 130.0.6723.117, chrome: {chromedriverVersion: 130.0.6723.116 (6ac35f94ae3..., userDataDir: C:\Users\EXTERN~1\AppData\L...}, fedcm:accounts: true, goog:chromeOptions: {debuggerAddress: localhost:57269}, networkConnectionEnabled: false, pageLoadStrategy: normal, platformName: windows, proxy: Proxy(), se:cdp: ws://localhost:57269/devtoo..., se:cdpVersion: 130.0.6723.117, setWindowRect: true, strictFileInteractability: false, timeouts: {implicit: 0, pageLoad: 300000, script: 30000}, unhandledPromptBehavior: dismiss and notify, webauthn:extension:credBlob: true, webauthn:extension:largeBlob: true, webauthn:extension:minPinLength: true, webauthn:extension:prf: true, webauthn:virtualAuthenticators: true}
Element: [[ChromeDriver: chrome on windows (c94fe5be4611805d3c3f319e7724a3f9)] -&amp;gt; xpath: //td[@class=&amp;apos;actionIcon&amp;apos;]/span]
Session ID: c94fe5be4611805d3c3f319e7724a3f9">
      <![CDATA[java.lang.AssertionError: The following asserts failed:
Exception: element click intercepted: Element <span>...</span> is not clickable at point (1322, 278). Other element would receive the click: <div class="create-supervisor-organizationpopup">...</div>
  (Session info: chrome=130.0.6723.117)
Build info: version: '4.12.1', revision: '8e34639b11'
System info: os.name: 'Windows 11', os.arch: 'amd64', os.version: '10.0', java.version: '17.0.8.1'
Driver info: org.openqa.selenium.chrome.ChromeDriver
Command: [c94fe5be4611805d3c3f319e7724a3f9, clickElement {id=f.3129891FE5D83B74765A31AD9B98CA0A.d.7491B63D26757DA417792692029A7962.e.4160}]
Capabilities {acceptInsecureCerts: false, browserName: chrome, browserVersion: 130.0.6723.117, chrome: {chromedriverVersion: 130.0.6723.116 (6ac35f94ae3..., userDataDir: C:\Users\EXTERN~1\AppData\L...}, fedcm:accounts: true, goog:chromeOptions: {debuggerAddress: localhost:57269}, networkConnectionEnabled: false, pageLoadStrategy: normal, platformName: windows, proxy: Proxy(), se:cdp: ws://localhost:57269/devtoo..., se:cdpVersion: 130.0.6723.117, setWindowRect: true, strictFileInteractability: false, timeouts: {implicit: 0, pageLoad: 300000, script: 30000}, unhandledPromptBehavior: dismiss and notify, webauthn:extension:credBlob: true, webauthn:extension:largeBlob: true, webauthn:extension:minPinLength: true, webauthn:extension:prf: true, webauthn:virtualAuthenticators: true}
Element: [[ChromeDriver: chrome on windows (c94fe5be4611805d3c3f319e7724a3f9)] -> xpath: //td[@class='actionIcon']/span]
Session ID: c94fe5be4611805d3c3f319e7724a3f9
at Device_update_TC.verify_that_to_update_device_and_take_deviceId_field_blank(Device_update_TC.java:126)
at java.base/java.util.ArrayList.forEach(ArrayList.java:1511)
... Removed 29 stack frames]]>
    </failure>
  </testcase> <!-- verify_that_to_update_device_and_take_deviceId_field_blank -->
  <testcase classname="Device_update_TC" name="verify_that_to_update_device_and_enter_temp1_below_the_range" time="14.206">
    <failure type="java.lang.AssertionError" message="The following asserts failed:
	Exception: element click intercepted: Element &amp;lt;span&amp;gt;...&amp;lt;/span&amp;gt; is not clickable at point (1322, 278). Other element would receive the click: &amp;lt;div class=&amp;quot;create-supervisor-organizationpopup&amp;quot;&amp;gt;...&amp;lt;/div&amp;gt;
  (Session info: chrome=130.0.6723.117)
Build info: version: &amp;apos;4.12.1&amp;apos;, revision: &amp;apos;8e34639b11&amp;apos;
System info: os.name: &amp;apos;Windows 11&amp;apos;, os.arch: &amp;apos;amd64&amp;apos;, os.version: &amp;apos;10.0&amp;apos;, java.version: &amp;apos;17.0.8.1&amp;apos;
Driver info: org.openqa.selenium.chrome.ChromeDriver
Command: [c94fe5be4611805d3c3f319e7724a3f9, clickElement {id=f.3129891FE5D83B74765A31AD9B98CA0A.d.7491B63D26757DA417792692029A7962.e.4160}]
Capabilities {acceptInsecureCerts: false, browserName: chrome, browserVersion: 130.0.6723.117, chrome: {chromedriverVersion: 130.0.6723.116 (6ac35f94ae3..., userDataDir: C:\Users\EXTERN~1\AppData\L...}, fedcm:accounts: true, goog:chromeOptions: {debuggerAddress: localhost:57269}, networkConnectionEnabled: false, pageLoadStrategy: normal, platformName: windows, proxy: Proxy(), se:cdp: ws://localhost:57269/devtoo..., se:cdpVersion: 130.0.6723.117, setWindowRect: true, strictFileInteractability: false, timeouts: {implicit: 0, pageLoad: 300000, script: 30000}, unhandledPromptBehavior: dismiss and notify, webauthn:extension:credBlob: true, webauthn:extension:largeBlob: true, webauthn:extension:minPinLength: true, webauthn:extension:prf: true, webauthn:virtualAuthenticators: true}
Element: [[ChromeDriver: chrome on windows (c94fe5be4611805d3c3f319e7724a3f9)] -&amp;gt; xpath: //td[@class=&amp;apos;actionIcon&amp;apos;]/span]
Session ID: c94fe5be4611805d3c3f319e7724a3f9">
      <![CDATA[java.lang.AssertionError: The following asserts failed:
Exception: element click intercepted: Element <span>...</span> is not clickable at point (1322, 278). Other element would receive the click: <div class="create-supervisor-organizationpopup">...</div>
  (Session info: chrome=130.0.6723.117)
Build info: version: '4.12.1', revision: '8e34639b11'
System info: os.name: 'Windows 11', os.arch: 'amd64', os.version: '10.0', java.version: '17.0.8.1'
Driver info: org.openqa.selenium.chrome.ChromeDriver
Command: [c94fe5be4611805d3c3f319e7724a3f9, clickElement {id=f.3129891FE5D83B74765A31AD9B98CA0A.d.7491B63D26757DA417792692029A7962.e.4160}]
Capabilities {acceptInsecureCerts: false, browserName: chrome, browserVersion: 130.0.6723.117, chrome: {chromedriverVersion: 130.0.6723.116 (6ac35f94ae3..., userDataDir: C:\Users\EXTERN~1\AppData\L...}, fedcm:accounts: true, goog:chromeOptions: {debuggerAddress: localhost:57269}, networkConnectionEnabled: false, pageLoadStrategy: normal, platformName: windows, proxy: Proxy(), se:cdp: ws://localhost:57269/devtoo..., se:cdpVersion: 130.0.6723.117, setWindowRect: true, strictFileInteractability: false, timeouts: {implicit: 0, pageLoad: 300000, script: 30000}, unhandledPromptBehavior: dismiss and notify, webauthn:extension:credBlob: true, webauthn:extension:largeBlob: true, webauthn:extension:minPinLength: true, webauthn:extension:prf: true, webauthn:virtualAuthenticators: true}
Element: [[ChromeDriver: chrome on windows (c94fe5be4611805d3c3f319e7724a3f9)] -> xpath: //td[@class='actionIcon']/span]
Session ID: c94fe5be4611805d3c3f319e7724a3f9
at Device_update_TC.verify_that_to_update_device_and_enter_temp1_below_the_range(Device_update_TC.java:170)
at java.base/java.util.ArrayList.forEach(ArrayList.java:1511)
... Removed 29 stack frames]]>
    </failure>
  </testcase> <!-- verify_that_to_update_device_and_enter_temp1_below_the_range -->
  <testcase classname="Device_update_TC" name="verify_that_to_update_device_and_enter_maxtemp1_above_the_range" time="16.3">
    <failure type="java.lang.AssertionError" message="The following asserts failed:
	Exception: Cannot invoke &amp;quot;Device_create.Device_create.maxtemp1(String)&amp;quot; because &amp;quot;this.device&amp;quot; is null">
      <![CDATA[java.lang.AssertionError: The following asserts failed:
Exception: Cannot invoke "Device_create.Device_create.maxtemp1(String)" because "this.device" is null
at Device_update_TC.verify_that_to_update_device_and_enter_maxtemp1_above_the_range(Device_update_TC.java:213)
at java.base/java.util.ArrayList.forEach(ArrayList.java:1511)
... Removed 29 stack frames]]>
    </failure>
  </testcase> <!-- verify_that_to_update_device_and_enter_maxtemp1_above_the_range -->
  <testcase classname="Device_update_TC" name="verify_that_to_update_device_and_enter_alphabet_in_maxtemp1_field" time="14.119">
    <failure type="java.lang.AssertionError" message="The following asserts failed:
	Exception: element click intercepted: Element &amp;lt;span&amp;gt;...&amp;lt;/span&amp;gt; is not clickable at point (1322, 278). Other element would receive the click: &amp;lt;div class=&amp;quot;create-supervisor-organizationpopup&amp;quot;&amp;gt;...&amp;lt;/div&amp;gt;
  (Session info: chrome=130.0.6723.117)
Build info: version: &amp;apos;4.12.1&amp;apos;, revision: &amp;apos;8e34639b11&amp;apos;
System info: os.name: &amp;apos;Windows 11&amp;apos;, os.arch: &amp;apos;amd64&amp;apos;, os.version: &amp;apos;10.0&amp;apos;, java.version: &amp;apos;17.0.8.1&amp;apos;
Driver info: org.openqa.selenium.chrome.ChromeDriver
Command: [c94fe5be4611805d3c3f319e7724a3f9, clickElement {id=f.3129891FE5D83B74765A31AD9B98CA0A.d.7491B63D26757DA417792692029A7962.e.4160}]
Capabilities {acceptInsecureCerts: false, browserName: chrome, browserVersion: 130.0.6723.117, chrome: {chromedriverVersion: 130.0.6723.116 (6ac35f94ae3..., userDataDir: C:\Users\EXTERN~1\AppData\L...}, fedcm:accounts: true, goog:chromeOptions: {debuggerAddress: localhost:57269}, networkConnectionEnabled: false, pageLoadStrategy: normal, platformName: windows, proxy: Proxy(), se:cdp: ws://localhost:57269/devtoo..., se:cdpVersion: 130.0.6723.117, setWindowRect: true, strictFileInteractability: false, timeouts: {implicit: 0, pageLoad: 300000, script: 30000}, unhandledPromptBehavior: dismiss and notify, webauthn:extension:credBlob: true, webauthn:extension:largeBlob: true, webauthn:extension:minPinLength: true, webauthn:extension:prf: true, webauthn:virtualAuthenticators: true}
Element: [[ChromeDriver: chrome on windows (c94fe5be4611805d3c3f319e7724a3f9)] -&amp;gt; xpath: //td[@class=&amp;apos;actionIcon&amp;apos;]/span]
Session ID: c94fe5be4611805d3c3f319e7724a3f9">
      <![CDATA[java.lang.AssertionError: The following asserts failed:
Exception: element click intercepted: Element <span>...</span> is not clickable at point (1322, 278). Other element would receive the click: <div class="create-supervisor-organizationpopup">...</div>
  (Session info: chrome=130.0.6723.117)
Build info: version: '4.12.1', revision: '8e34639b11'
System info: os.name: 'Windows 11', os.arch: 'amd64', os.version: '10.0', java.version: '17.0.8.1'
Driver info: org.openqa.selenium.chrome.ChromeDriver
Command: [c94fe5be4611805d3c3f319e7724a3f9, clickElement {id=f.3129891FE5D83B74765A31AD9B98CA0A.d.7491B63D26757DA417792692029A7962.e.4160}]
Capabilities {acceptInsecureCerts: false, browserName: chrome, browserVersion: 130.0.6723.117, chrome: {chromedriverVersion: 130.0.6723.116 (6ac35f94ae3..., userDataDir: C:\Users\EXTERN~1\AppData\L...}, fedcm:accounts: true, goog:chromeOptions: {debuggerAddress: localhost:57269}, networkConnectionEnabled: false, pageLoadStrategy: normal, platformName: windows, proxy: Proxy(), se:cdp: ws://localhost:57269/devtoo..., se:cdpVersion: 130.0.6723.117, setWindowRect: true, strictFileInteractability: false, timeouts: {implicit: 0, pageLoad: 300000, script: 30000}, unhandledPromptBehavior: dismiss and notify, webauthn:extension:credBlob: true, webauthn:extension:largeBlob: true, webauthn:extension:minPinLength: true, webauthn:extension:prf: true, webauthn:virtualAuthenticators: true}
Element: [[ChromeDriver: chrome on windows (c94fe5be4611805d3c3f319e7724a3f9)] -> xpath: //td[@class='actionIcon']/span]
Session ID: c94fe5be4611805d3c3f319e7724a3f9
at Device_update_TC.verify_that_to_update_device_and_enter_alphabet_in_maxtemp1_field(Device_update_TC.java:256)
at java.base/java.util.ArrayList.forEach(ArrayList.java:1511)
... Removed 29 stack frames]]>
    </failure>
  </testcase> <!-- verify_that_to_update_device_and_enter_alphabet_in_maxtemp1_field -->
  <testcase classname="Device_update_TC" name="verify_that_to_update_device_without_enter_temp1" time="14.215">
    <failure type="java.lang.AssertionError" message="The following asserts failed:
	Exception: element click intercepted: Element &amp;lt;span&amp;gt;...&amp;lt;/span&amp;gt; is not clickable at point (1322, 278). Other element would receive the click: &amp;lt;div class=&amp;quot;create-supervisor-organizationpopup&amp;quot;&amp;gt;...&amp;lt;/div&amp;gt;
  (Session info: chrome=130.0.6723.117)
Build info: version: &amp;apos;4.12.1&amp;apos;, revision: &amp;apos;8e34639b11&amp;apos;
System info: os.name: &amp;apos;Windows 11&amp;apos;, os.arch: &amp;apos;amd64&amp;apos;, os.version: &amp;apos;10.0&amp;apos;, java.version: &amp;apos;17.0.8.1&amp;apos;
Driver info: org.openqa.selenium.chrome.ChromeDriver
Command: [c94fe5be4611805d3c3f319e7724a3f9, clickElement {id=f.3129891FE5D83B74765A31AD9B98CA0A.d.7491B63D26757DA417792692029A7962.e.4160}]
Capabilities {acceptInsecureCerts: false, browserName: chrome, browserVersion: 130.0.6723.117, chrome: {chromedriverVersion: 130.0.6723.116 (6ac35f94ae3..., userDataDir: C:\Users\EXTERN~1\AppData\L...}, fedcm:accounts: true, goog:chromeOptions: {debuggerAddress: localhost:57269}, networkConnectionEnabled: false, pageLoadStrategy: normal, platformName: windows, proxy: Proxy(), se:cdp: ws://localhost:57269/devtoo..., se:cdpVersion: 130.0.6723.117, setWindowRect: true, strictFileInteractability: false, timeouts: {implicit: 0, pageLoad: 300000, script: 30000}, unhandledPromptBehavior: dismiss and notify, webauthn:extension:credBlob: true, webauthn:extension:largeBlob: true, webauthn:extension:minPinLength: true, webauthn:extension:prf: true, webauthn:virtualAuthenticators: true}
Element: [[ChromeDriver: chrome on windows (c94fe5be4611805d3c3f319e7724a3f9)] -&amp;gt; xpath: //td[@class=&amp;apos;actionIcon&amp;apos;]/span]
Session ID: c94fe5be4611805d3c3f319e7724a3f9">
      <![CDATA[java.lang.AssertionError: The following asserts failed:
Exception: element click intercepted: Element <span>...</span> is not clickable at point (1322, 278). Other element would receive the click: <div class="create-supervisor-organizationpopup">...</div>
  (Session info: chrome=130.0.6723.117)
Build info: version: '4.12.1', revision: '8e34639b11'
System info: os.name: 'Windows 11', os.arch: 'amd64', os.version: '10.0', java.version: '17.0.8.1'
Driver info: org.openqa.selenium.chrome.ChromeDriver
Command: [c94fe5be4611805d3c3f319e7724a3f9, clickElement {id=f.3129891FE5D83B74765A31AD9B98CA0A.d.7491B63D26757DA417792692029A7962.e.4160}]
Capabilities {acceptInsecureCerts: false, browserName: chrome, browserVersion: 130.0.6723.117, chrome: {chromedriverVersion: 130.0.6723.116 (6ac35f94ae3..., userDataDir: C:\Users\EXTERN~1\AppData\L...}, fedcm:accounts: true, goog:chromeOptions: {debuggerAddress: localhost:57269}, networkConnectionEnabled: false, pageLoadStrategy: normal, platformName: windows, proxy: Proxy(), se:cdp: ws://localhost:57269/devtoo..., se:cdpVersion: 130.0.6723.117, setWindowRect: true, strictFileInteractability: false, timeouts: {implicit: 0, pageLoad: 300000, script: 30000}, unhandledPromptBehavior: dismiss and notify, webauthn:extension:credBlob: true, webauthn:extension:largeBlob: true, webauthn:extension:minPinLength: true, webauthn:extension:prf: true, webauthn:virtualAuthenticators: true}
Element: [[ChromeDriver: chrome on windows (c94fe5be4611805d3c3f319e7724a3f9)] -> xpath: //td[@class='actionIcon']/span]
Session ID: c94fe5be4611805d3c3f319e7724a3f9
at Device_update_TC.verify_that_to_update_device_without_enter_temp1(Device_update_TC.java:298)
at java.base/java.util.ArrayList.forEach(ArrayList.java:1511)
... Removed 29 stack frames]]>
    </failure>
  </testcase> <!-- verify_that_to_update_device_without_enter_temp1 -->
  <testcase classname="Device_update_TC" name="verify_that_to_update_device_with_enter_special_char_in_temp1_field" time="14.174">
    <failure type="java.lang.AssertionError" message="The following asserts failed:
	Exception: element click intercepted: Element &amp;lt;span&amp;gt;...&amp;lt;/span&amp;gt; is not clickable at point (1322, 278). Other element would receive the click: &amp;lt;div class=&amp;quot;create-supervisor-organizationpopup&amp;quot;&amp;gt;...&amp;lt;/div&amp;gt;
  (Session info: chrome=130.0.6723.117)
Build info: version: &amp;apos;4.12.1&amp;apos;, revision: &amp;apos;8e34639b11&amp;apos;
System info: os.name: &amp;apos;Windows 11&amp;apos;, os.arch: &amp;apos;amd64&amp;apos;, os.version: &amp;apos;10.0&amp;apos;, java.version: &amp;apos;17.0.8.1&amp;apos;
Driver info: org.openqa.selenium.chrome.ChromeDriver
Command: [c94fe5be4611805d3c3f319e7724a3f9, clickElement {id=f.3129891FE5D83B74765A31AD9B98CA0A.d.7491B63D26757DA417792692029A7962.e.4160}]
Capabilities {acceptInsecureCerts: false, browserName: chrome, browserVersion: 130.0.6723.117, chrome: {chromedriverVersion: 130.0.6723.116 (6ac35f94ae3..., userDataDir: C:\Users\EXTERN~1\AppData\L...}, fedcm:accounts: true, goog:chromeOptions: {debuggerAddress: localhost:57269}, networkConnectionEnabled: false, pageLoadStrategy: normal, platformName: windows, proxy: Proxy(), se:cdp: ws://localhost:57269/devtoo..., se:cdpVersion: 130.0.6723.117, setWindowRect: true, strictFileInteractability: false, timeouts: {implicit: 0, pageLoad: 300000, script: 30000}, unhandledPromptBehavior: dismiss and notify, webauthn:extension:credBlob: true, webauthn:extension:largeBlob: true, webauthn:extension:minPinLength: true, webauthn:extension:prf: true, webauthn:virtualAuthenticators: true}
Element: [[ChromeDriver: chrome on windows (c94fe5be4611805d3c3f319e7724a3f9)] -&amp;gt; xpath: //td[@class=&amp;apos;actionIcon&amp;apos;]/span]
Session ID: c94fe5be4611805d3c3f319e7724a3f9">
      <![CDATA[java.lang.AssertionError: The following asserts failed:
Exception: element click intercepted: Element <span>...</span> is not clickable at point (1322, 278). Other element would receive the click: <div class="create-supervisor-organizationpopup">...</div>
  (Session info: chrome=130.0.6723.117)
Build info: version: '4.12.1', revision: '8e34639b11'
System info: os.name: 'Windows 11', os.arch: 'amd64', os.version: '10.0', java.version: '17.0.8.1'
Driver info: org.openqa.selenium.chrome.ChromeDriver
Command: [c94fe5be4611805d3c3f319e7724a3f9, clickElement {id=f.3129891FE5D83B74765A31AD9B98CA0A.d.7491B63D26757DA417792692029A7962.e.4160}]
Capabilities {acceptInsecureCerts: false, browserName: chrome, browserVersion: 130.0.6723.117, chrome: {chromedriverVersion: 130.0.6723.116 (6ac35f94ae3..., userDataDir: C:\Users\EXTERN~1\AppData\L...}, fedcm:accounts: true, goog:chromeOptions: {debuggerAddress: localhost:57269}, networkConnectionEnabled: false, pageLoadStrategy: normal, platformName: windows, proxy: Proxy(), se:cdp: ws://localhost:57269/devtoo..., se:cdpVersion: 130.0.6723.117, setWindowRect: true, strictFileInteractability: false, timeouts: {implicit: 0, pageLoad: 300000, script: 30000}, unhandledPromptBehavior: dismiss and notify, webauthn:extension:credBlob: true, webauthn:extension:largeBlob: true, webauthn:extension:minPinLength: true, webauthn:extension:prf: true, webauthn:virtualAuthenticators: true}
Element: [[ChromeDriver: chrome on windows (c94fe5be4611805d3c3f319e7724a3f9)] -> xpath: //td[@class='actionIcon']/span]
Session ID: c94fe5be4611805d3c3f319e7724a3f9
at Device_update_TC.verify_that_to_update_device_with_enter_special_char_in_temp1_field(Device_update_TC.java:340)
at java.base/java.util.ArrayList.forEach(ArrayList.java:1511)
... Removed 29 stack frames]]>
    </failure>
  </testcase> <!-- verify_that_to_update_device_with_enter_special_char_in_temp1_field -->
  <testcase classname="Device_update_TC" name="verify_that_to_update_device_with_enter_maxtemp2_below_the_range" time="13.121">
    <failure type="java.lang.AssertionError" message="The following asserts failed:
	Exception: no such window: target window already closed
from unknown error: web view not found
  (Session info: chrome=130.0.6723.117)
Build info: version: &amp;apos;4.12.1&amp;apos;, revision: &amp;apos;8e34639b11&amp;apos;
System info: os.name: &amp;apos;Windows 11&amp;apos;, os.arch: &amp;apos;amd64&amp;apos;, os.version: &amp;apos;10.0&amp;apos;, java.version: &amp;apos;17.0.8.1&amp;apos;
Driver info: org.openqa.selenium.chrome.ChromeDriver
Command: [c94fe5be4611805d3c3f319e7724a3f9, findElement {using=xpath, value=//td[@class=&amp;apos;actionIcon&amp;apos;]/span}]
Capabilities {acceptInsecureCerts: false, browserName: chrome, browserVersion: 130.0.6723.117, chrome: {chromedriverVersion: 130.0.6723.116 (6ac35f94ae3..., userDataDir: C:\Users\EXTERN~1\AppData\L...}, fedcm:accounts: true, goog:chromeOptions: {debuggerAddress: localhost:57269}, networkConnectionEnabled: false, pageLoadStrategy: normal, platformName: windows, proxy: Proxy(), se:cdp: ws://localhost:57269/devtoo..., se:cdpVersion: 130.0.6723.117, setWindowRect: true, strictFileInteractability: false, timeouts: {implicit: 0, pageLoad: 300000, script: 30000}, unhandledPromptBehavior: dismiss and notify, webauthn:extension:credBlob: true, webauthn:extension:largeBlob: true, webauthn:extension:minPinLength: true, webauthn:extension:prf: true, webauthn:virtualAuthenticators: true}
Session ID: c94fe5be4611805d3c3f319e7724a3f9">
      <![CDATA[java.lang.AssertionError: The following asserts failed:
Exception: no such window: target window already closed
from unknown error: web view not found
  (Session info: chrome=130.0.6723.117)
Build info: version: '4.12.1', revision: '8e34639b11'
System info: os.name: 'Windows 11', os.arch: 'amd64', os.version: '10.0', java.version: '17.0.8.1'
Driver info: org.openqa.selenium.chrome.ChromeDriver
Command: [c94fe5be4611805d3c3f319e7724a3f9, findElement {using=xpath, value=//td[@class='actionIcon']/span}]
Capabilities {acceptInsecureCerts: false, browserName: chrome, browserVersion: 130.0.6723.117, chrome: {chromedriverVersion: 130.0.6723.116 (6ac35f94ae3..., userDataDir: C:\Users\EXTERN~1\AppData\L...}, fedcm:accounts: true, goog:chromeOptions: {debuggerAddress: localhost:57269}, networkConnectionEnabled: false, pageLoadStrategy: normal, platformName: windows, proxy: Proxy(), se:cdp: ws://localhost:57269/devtoo..., se:cdpVersion: 130.0.6723.117, setWindowRect: true, strictFileInteractability: false, timeouts: {implicit: 0, pageLoad: 300000, script: 30000}, unhandledPromptBehavior: dismiss and notify, webauthn:extension:credBlob: true, webauthn:extension:largeBlob: true, webauthn:extension:minPinLength: true, webauthn:extension:prf: true, webauthn:virtualAuthenticators: true}
Session ID: c94fe5be4611805d3c3f319e7724a3f9
at Device_update_TC.verify_that_to_update_device_with_enter_maxtemp2_below_the_range(Device_update_TC.java:382)
at java.base/java.util.ArrayList.forEach(ArrayList.java:1511)
... Removed 29 stack frames]]>
    </failure>
  </testcase> <!-- verify_that_to_update_device_with_enter_maxtemp2_below_the_range -->
  <testcase classname="Device_update_TC" name="verify_that_to_update_device_with_enter_maxtemp2_above_the_range" time="40.497">
    <failure type="java.lang.AssertionError" message="The following asserts failed:
	Exception: Expected condition failed: waiting for element to no longer be visible: By.cssSelector: .loader (tried for 40 second(s) with 500 milliseconds interval)">
      <![CDATA[java.lang.AssertionError: The following asserts failed:
Exception: Expected condition failed: waiting for element to no longer be visible: By.cssSelector: .loader (tried for 40 second(s) with 500 milliseconds interval)
at Device_update_TC.verify_that_to_update_device_with_enter_maxtemp2_above_the_range(Device_update_TC.java:424)
at java.base/java.util.ArrayList.forEach(ArrayList.java:1511)
... Removed 29 stack frames]]>
    </failure>
  </testcase> <!-- verify_that_to_update_device_with_enter_maxtemp2_above_the_range -->
  <testcase classname="Device_update_TC" name="verify_that_to_update_device_with_enter_alphabet_in_temp2_field" time="40.069">
    <failure type="java.lang.AssertionError" message="The following asserts failed:
	Exception: Expected condition failed: waiting for element to no longer be visible: By.cssSelector: .loader (tried for 40 second(s) with 500 milliseconds interval)">
      <![CDATA[java.lang.AssertionError: The following asserts failed:
Exception: Expected condition failed: waiting for element to no longer be visible: By.cssSelector: .loader (tried for 40 second(s) with 500 milliseconds interval)
at Device_update_TC.verify_that_to_update_device_with_enter_alphabet_in_temp2_field(Device_update_TC.java:466)
at java.base/java.util.ArrayList.forEach(ArrayList.java:1511)
... Removed 29 stack frames]]>
    </failure>
  </testcase> <!-- verify_that_to_update_device_with_enter_alphabet_in_temp2_field -->
  <testcase classname="Device_update_TC" name="verify_that_to_update_device_without_enter_temp2_field" time="40.479">
    <failure type="java.lang.AssertionError" message="The following asserts failed:
	Exception: Expected condition failed: waiting for element to no longer be visible: By.cssSelector: .loader (tried for 40 second(s) with 500 milliseconds interval)">
      <![CDATA[java.lang.AssertionError: The following asserts failed:
Exception: Expected condition failed: waiting for element to no longer be visible: By.cssSelector: .loader (tried for 40 second(s) with 500 milliseconds interval)
at Device_update_TC.verify_that_to_update_device_without_enter_temp2_field(Device_update_TC.java:508)
at java.base/java.util.ArrayList.forEach(ArrayList.java:1511)
... Removed 29 stack frames]]>
    </failure>
  </testcase> <!-- verify_that_to_update_device_without_enter_temp2_field -->
  <testcase classname="Device_update_TC" name="verify_that_to_update_device_with_enter_special_char_in_temp2_field" time="40.472">
    <failure type="java.lang.AssertionError" message="The following asserts failed:
	Exception: Expected condition failed: waiting for element to no longer be visible: By.cssSelector: .loader (tried for 40 second(s) with 500 milliseconds interval)">
      <![CDATA[java.lang.AssertionError: The following asserts failed:
Exception: Expected condition failed: waiting for element to no longer be visible: By.cssSelector: .loader (tried for 40 second(s) with 500 milliseconds interval)
at Device_update_TC.verify_that_to_update_device_with_enter_special_char_in_temp2_field(Device_update_TC.java:548)
at java.base/java.util.ArrayList.forEach(ArrayList.java:1511)
... Removed 29 stack frames]]>
    </failure>
  </testcase> <!-- verify_that_to_update_device_with_enter_special_char_in_temp2_field -->
  <testcase classname="Device_update_TC" name="verify_that_to_update_device_with_maxtemp3_below_the_range" time="40.005">
    <failure type="java.lang.AssertionError" message="The following asserts failed:
	Exception: Expected condition failed: waiting for element to no longer be visible: By.cssSelector: .loader (tried for 40 second(s) with 500 milliseconds interval)">
      <![CDATA[java.lang.AssertionError: The following asserts failed:
Exception: Expected condition failed: waiting for element to no longer be visible: By.cssSelector: .loader (tried for 40 second(s) with 500 milliseconds interval)
at Device_update_TC.verify_that_to_update_device_with_maxtemp3_below_the_range(Device_update_TC.java:589)
at java.base/java.util.ArrayList.forEach(ArrayList.java:1511)
... Removed 29 stack frames]]>
    </failure>
  </testcase> <!-- verify_that_to_update_device_with_maxtemp3_below_the_range -->
  <testcase classname="Device_update_TC" name="verify_that_to_update_device_with_maxtemp3_above_the_range" time="40.508">
    <failure type="java.lang.AssertionError" message="The following asserts failed:
	Exception: Expected condition failed: waiting for element to no longer be visible: By.cssSelector: .loader (tried for 40 second(s) with 500 milliseconds interval)">
      <![CDATA[java.lang.AssertionError: The following asserts failed:
Exception: Expected condition failed: waiting for element to no longer be visible: By.cssSelector: .loader (tried for 40 second(s) with 500 milliseconds interval)
at Device_update_TC.verify_that_to_update_device_with_maxtemp3_above_the_range(Device_update_TC.java:630)
at java.base/java.util.ArrayList.forEach(ArrayList.java:1511)
... Removed 29 stack frames]]>
    </failure>
  </testcase> <!-- verify_that_to_update_device_with_maxtemp3_above_the_range -->
  <testcase classname="Device_update_TC" name="verify_that_to_update_device_with_enter_alphabet_in_maxtemp3_field" time="40.502">
    <failure type="java.lang.AssertionError" message="The following asserts failed:
	Exception: Expected condition failed: waiting for element to no longer be visible: By.cssSelector: .loader (tried for 40 second(s) with 500 milliseconds interval)">
      <![CDATA[java.lang.AssertionError: The following asserts failed:
Exception: Expected condition failed: waiting for element to no longer be visible: By.cssSelector: .loader (tried for 40 second(s) with 500 milliseconds interval)
at Device_update_TC.verify_that_to_update_device_with_enter_alphabet_in_maxtemp3_field(Device_update_TC.java:674)
at java.base/java.util.ArrayList.forEach(ArrayList.java:1511)
... Removed 29 stack frames]]>
    </failure>
  </testcase> <!-- verify_that_to_update_device_with_enter_alphabet_in_maxtemp3_field -->
  <testcase classname="Device_update_TC" name="verify_that_to_update_device_without_enter_maxtemp3" time="40.011">
    <failure type="java.lang.AssertionError" message="The following asserts failed:
	Exception: Expected condition failed: waiting for element to no longer be visible: By.cssSelector: .loader (tried for 40 second(s) with 500 milliseconds interval)">
      <![CDATA[java.lang.AssertionError: The following asserts failed:
Exception: Expected condition failed: waiting for element to no longer be visible: By.cssSelector: .loader (tried for 40 second(s) with 500 milliseconds interval)
at Device_update_TC.verify_that_to_update_device_without_enter_maxtemp3(Device_update_TC.java:719)
at java.base/java.util.ArrayList.forEach(ArrayList.java:1511)
... Removed 29 stack frames]]>
    </failure>
  </testcase> <!-- verify_that_to_update_device_without_enter_maxtemp3 -->
  <testcase classname="Device_update_TC" name="verify_that_to_update_device_maxtemp3_with_special_char" time="40.08">
    <failure type="java.lang.AssertionError" message="The following asserts failed:
	Exception: Expected condition failed: waiting for element to no longer be visible: By.cssSelector: .loader (tried for 40 second(s) with 500 milliseconds interval)">
      <![CDATA[java.lang.AssertionError: The following asserts failed:
Exception: Expected condition failed: waiting for element to no longer be visible: By.cssSelector: .loader (tried for 40 second(s) with 500 milliseconds interval)
at Device_update_TC.verify_that_to_update_device_maxtemp3_with_special_char(Device_update_TC.java:764)
at java.base/java.util.ArrayList.forEach(ArrayList.java:1511)
... Removed 29 stack frames]]>
    </failure>
  </testcase> <!-- verify_that_to_update_device_maxtemp3_with_special_char -->
  <testcase classname="Device_update_TC" name="verify_that_to_update_device_with_below_range_of_the_maxpresser" time="40.405">
    <failure type="java.lang.AssertionError" message="The following asserts failed:
	Exception: Expected condition failed: waiting for element to no longer be visible: By.cssSelector: .loader (tried for 40 second(s) with 500 milliseconds interval)">
      <![CDATA[java.lang.AssertionError: The following asserts failed:
Exception: Expected condition failed: waiting for element to no longer be visible: By.cssSelector: .loader (tried for 40 second(s) with 500 milliseconds interval)
at Device_update_TC.verify_that_to_update_device_with_below_range_of_the_maxpresser(Device_update_TC.java:807)
at java.base/java.util.ArrayList.forEach(ArrayList.java:1511)
... Removed 29 stack frames]]>
    </failure>
  </testcase> <!-- verify_that_to_update_device_with_below_range_of_the_maxpresser -->
  <testcase classname="Device_update_TC" name="verify_that_to_update_device_with_above_range_of_the_maxpresser" time="40.36">
    <failure type="java.lang.AssertionError" message="The following asserts failed:
	Exception: Expected condition failed: waiting for element to no longer be visible: By.cssSelector: .loader (tried for 40 second(s) with 500 milliseconds interval)">
      <![CDATA[java.lang.AssertionError: The following asserts failed:
Exception: Expected condition failed: waiting for element to no longer be visible: By.cssSelector: .loader (tried for 40 second(s) with 500 milliseconds interval)
at Device_update_TC.verify_that_to_update_device_with_above_range_of_the_maxpresser(Device_update_TC.java:850)
at java.base/java.util.ArrayList.forEach(ArrayList.java:1511)
... Removed 29 stack frames]]>
    </failure>
  </testcase> <!-- verify_that_to_update_device_with_above_range_of_the_maxpresser -->
  <testcase classname="Device_update_TC" name="verify_that_to_update_device_with_enter_alphabet_in_maxtpresser_field" time="40.435">
    <failure type="java.lang.AssertionError" message="The following asserts failed:
	Exception: Expected condition failed: waiting for element to no longer be visible: By.cssSelector: .loader (tried for 40 second(s) with 500 milliseconds interval)">
      <![CDATA[java.lang.AssertionError: The following asserts failed:
Exception: Expected condition failed: waiting for element to no longer be visible: By.cssSelector: .loader (tried for 40 second(s) with 500 milliseconds interval)
at Device_update_TC.verify_that_to_update_device_with_enter_alphabet_in_maxtpresser_field(Device_update_TC.java:893)
at java.base/java.util.ArrayList.forEach(ArrayList.java:1511)
... Removed 29 stack frames]]>
    </failure>
  </testcase> <!-- verify_that_to_update_device_with_enter_alphabet_in_maxtpresser_field -->
  <testcase classname="Device_update_TC" name="verify_that_to_update_device_with0ut_enter_maxtpresser_field" time="40.457">
    <failure type="java.lang.AssertionError" message="The following asserts failed:
	Exception: Expected condition failed: waiting for element to no longer be visible: By.cssSelector: .loader (tried for 40 second(s) with 500 milliseconds interval)">
      <![CDATA[java.lang.AssertionError: The following asserts failed:
Exception: Expected condition failed: waiting for element to no longer be visible: By.cssSelector: .loader (tried for 40 second(s) with 500 milliseconds interval)
at Device_update_TC.verify_that_to_update_device_with0ut_enter_maxtpresser_field(Device_update_TC.java:936)
at java.base/java.util.ArrayList.forEach(ArrayList.java:1511)
... Removed 29 stack frames]]>
    </failure>
  </testcase> <!-- verify_that_to_update_device_with0ut_enter_maxtpresser_field -->
  <testcase classname="Device_update_TC" name="verify_that_to_update_device_with_enter_specialchar_in_maxtpresser_field" time="40.51">
    <failure type="java.lang.AssertionError" message="The following asserts failed:
	Exception: Expected condition failed: waiting for element to no longer be visible: By.cssSelector: .loader (tried for 40 second(s) with 500 milliseconds interval)">
      <![CDATA[java.lang.AssertionError: The following asserts failed:
Exception: Expected condition failed: waiting for element to no longer be visible: By.cssSelector: .loader (tried for 40 second(s) with 500 milliseconds interval)
at Device_update_TC.verify_that_to_update_device_with_enter_specialchar_in_maxtpresser_field(Device_update_TC.java:980)
at java.base/java.util.ArrayList.forEach(ArrayList.java:1511)
... Removed 29 stack frames]]>
    </failure>
  </testcase> <!-- verify_that_to_update_device_with_enter_specialchar_in_maxtpresser_field -->
  <testcase classname="Device_update_TC" name="verify_that_to_update_device_with_below_range_of_the_vibration" time="40.026">
    <failure type="java.lang.AssertionError" message="The following asserts failed:
	Exception: Expected condition failed: waiting for element to no longer be visible: By.cssSelector: .loader (tried for 40 second(s) with 500 milliseconds interval)">
      <![CDATA[java.lang.AssertionError: The following asserts failed:
Exception: Expected condition failed: waiting for element to no longer be visible: By.cssSelector: .loader (tried for 40 second(s) with 500 milliseconds interval)
at Device_update_TC.verify_that_to_update_device_with_below_range_of_the_vibration(Device_update_TC.java:1023)
at java.base/java.util.ArrayList.forEach(ArrayList.java:1511)
... Removed 29 stack frames]]>
    </failure>
  </testcase> <!-- verify_that_to_update_device_with_below_range_of_the_vibration -->
  <testcase classname="Device_update_TC" name="verify_that_to_update_device_with_above_range_of_the_vibration" time="40.515">
    <failure type="java.lang.AssertionError" message="The following asserts failed:
	Exception: Expected condition failed: waiting for element to no longer be visible: By.cssSelector: .loader (tried for 40 second(s) with 500 milliseconds interval)">
      <![CDATA[java.lang.AssertionError: The following asserts failed:
Exception: Expected condition failed: waiting for element to no longer be visible: By.cssSelector: .loader (tried for 40 second(s) with 500 milliseconds interval)
at Device_update_TC.verify_that_to_update_device_with_above_range_of_the_vibration(Device_update_TC.java:1066)
at java.base/java.util.ArrayList.forEach(ArrayList.java:1511)
... Removed 29 stack frames]]>
    </failure>
  </testcase> <!-- verify_that_to_update_device_with_above_range_of_the_vibration -->
  <testcase classname="Device_update_TC" name="verify_that_to_update_device_with_enter_alphabet_in_maxvibration_field" time="40.445">
    <failure type="java.lang.AssertionError" message="The following asserts failed:
	Exception: Expected condition failed: waiting for element to no longer be visible: By.cssSelector: .loader (tried for 40 second(s) with 500 milliseconds interval)">
      <![CDATA[java.lang.AssertionError: The following asserts failed:
Exception: Expected condition failed: waiting for element to no longer be visible: By.cssSelector: .loader (tried for 40 second(s) with 500 milliseconds interval)
at Device_update_TC.verify_that_to_update_device_with_enter_alphabet_in_maxvibration_field(Device_update_TC.java:1109)
at java.base/java.util.ArrayList.forEach(ArrayList.java:1511)
... Removed 29 stack frames]]>
    </failure>
  </testcase> <!-- verify_that_to_update_device_with_enter_alphabet_in_maxvibration_field -->
  <testcase classname="Device_update_TC" name="verify_that_to_update_device_without_enter_maxvibration_field" time="40.506">
    <failure type="java.lang.AssertionError" message="The following asserts failed:
	Exception: Expected condition failed: waiting for element to no longer be visible: By.cssSelector: .loader (tried for 40 second(s) with 500 milliseconds interval)">
      <![CDATA[java.lang.AssertionError: The following asserts failed:
Exception: Expected condition failed: waiting for element to no longer be visible: By.cssSelector: .loader (tried for 40 second(s) with 500 milliseconds interval)
at Device_update_TC.verify_that_to_update_device_without_enter_maxvibration_field(Device_update_TC.java:1152)
at java.base/java.util.ArrayList.forEach(ArrayList.java:1511)
... Removed 29 stack frames]]>
    </failure>
  </testcase> <!-- verify_that_to_update_device_without_enter_maxvibration_field -->
  <testcase classname="Device_update_TC" name="verify_that_to_update_device_with_enter_specialchar_in_maxvibration_field" time="40.514">
    <failure type="java.lang.AssertionError" message="The following asserts failed:
	Exception: Expected condition failed: waiting for element to no longer be visible: By.cssSelector: .loader (tried for 40 second(s) with 500 milliseconds interval)">
      <![CDATA[java.lang.AssertionError: The following asserts failed:
Exception: Expected condition failed: waiting for element to no longer be visible: By.cssSelector: .loader (tried for 40 second(s) with 500 milliseconds interval)
at Device_update_TC.verify_that_to_update_device_with_enter_specialchar_in_maxvibration_field(Device_update_TC.java:1195)
at java.base/java.util.ArrayList.forEach(ArrayList.java:1511)
... Removed 29 stack frames]]>
    </failure>
  </testcase> <!-- verify_that_to_update_device_with_enter_specialchar_in_maxvibration_field -->
  <testcase classname="Device_update_TC" name="verify_that_to_clickon_update_device_and_click_on_cross_button_of_the_popup" time="40.016">
    <failure type="org.openqa.selenium.TimeoutException" message="Expected condition failed: waiting for element to no longer be visible: By.cssSelector: .loader (tried for 40 second(s) with 500 milliseconds interval)">
      <![CDATA[org.openqa.selenium.TimeoutException: Expected condition failed: waiting for element to no longer be visible: By.cssSelector: .loader (tried for 40 second(s) with 500 milliseconds interval)
at org.openqa.selenium.support.ui.WebDriverWait.timeoutException(WebDriverWait.java:84)
at org.openqa.selenium.support.ui.FluentWait.until(FluentWait.java:230)
at Device_update_TC.verify_that_to_clickon_update_device_and_click_on_cross_button_of_the_popup(Device_update_TC.java:1205)
at java.base/java.util.ArrayList.forEach(ArrayList.java:1511)
Caused by: org.openqa.selenium.NoSuchWindowException: no such window: target window already closed
from unknown error: web view not found
  (Session info: chrome=130.0.6723.117)
Build info: version: '4.12.1', revision: '8e34639b11'
System info: os.name: 'Windows 11', os.arch: 'amd64', os.version: '10.0', java.version: '17.0.8.1'
Driver info: org.openqa.selenium.chrome.ChromeDriver
Command: [c94fe5be4611805d3c3f319e7724a3f9, findElement {using=css selector, value=.loader}]
Capabilities {acceptInsecureCerts: false, browserName: chrome, browserVersion: 130.0.6723.117, chrome: {chromedriverVersion: 130.0.6723.116 (6ac35f94ae3..., userDataDir: C:\Users\EXTERN~1\AppData\L...}, fedcm:accounts: true, goog:chromeOptions: {debuggerAddress: localhost:57269}, networkConnectionEnabled: false, pageLoadStrategy: normal, platformName: windows, proxy: Proxy(), se:cdp: ws://localhost:57269/devtoo..., se:cdpVersion: 130.0.6723.117, setWindowRect: true, strictFileInteractability: false, timeouts: {implicit: 0, pageLoad: 300000, script: 30000}, unhandledPromptBehavior: dismiss and notify, webauthn:extension:credBlob: true, webauthn:extension:largeBlob: true, webauthn:extension:minPinLength: true, webauthn:extension:prf: true, webauthn:virtualAuthenticators: true}
Session ID: c94fe5be4611805d3c3f319e7724a3f9
at org.openqa.selenium.remote.codec.w3c.W3CHttpResponseCodec.createException(W3CHttpResponseCodec.java:200)
at org.openqa.selenium.remote.codec.w3c.W3CHttpResponseCodec.decode(W3CHttpResponseCodec.java:133)
at org.openqa.selenium.remote.codec.w3c.W3CHttpResponseCodec.decode(W3CHttpResponseCodec.java:52)
at org.openqa.selenium.remote.HttpCommandExecutor.execute(HttpCommandExecutor.java:191)
at org.openqa.selenium.remote.service.DriverCommandExecutor.invokeExecute(DriverCommandExecutor.java:196)
at org.openqa.selenium.remote.service.DriverCommandExecutor.execute(DriverCommandExecutor.java:171)
at org.openqa.selenium.remote.RemoteWebDriver.execute(RemoteWebDriver.java:602)
at org.openqa.selenium.remote.ElementLocation$ElementFinder$2.findElement(ElementLocation.java:165)
at org.openqa.selenium.remote.ElementLocation.findElement(ElementLocation.java:59)
at org.openqa.selenium.remote.RemoteWebDriver.findElement(RemoteWebDriver.java:359)
at org.openqa.selenium.remote.RemoteWebDriver.findElement(RemoteWebDriver.java:353)
at org.openqa.selenium.support.ui.ExpectedConditions$20.apply(ExpectedConditions.java:569)
at org.openqa.selenium.support.ui.ExpectedConditions$20.apply(ExpectedConditions.java:565)
at org.openqa.selenium.support.ui.FluentWait.until(FluentWait.java:205)
... 29 more
... Removed 31 stack frames]]>
    </failure>
  </testcase> <!-- verify_that_to_clickon_update_device_and_click_on_cross_button_of_the_popup -->
  <testcase classname="Device_update_TC" name="verify_to_check_clickon_update_device_and_check_the_text_ofthe_page" time="40.494">
    <failure type="java.lang.AssertionError" message="The following asserts failed:
	Exception: Expected condition failed: waiting for element to no longer be visible: By.cssSelector: .loader (tried for 40 second(s) with 500 milliseconds interval)">
      <![CDATA[java.lang.AssertionError: The following asserts failed:
Exception: Expected condition failed: waiting for element to no longer be visible: By.cssSelector: .loader (tried for 40 second(s) with 500 milliseconds interval)
at Device_update_TC.verify_to_check_clickon_update_device_and_check_the_text_ofthe_page(Device_update_TC.java:1236)
at java.base/java.util.ArrayList.forEach(ArrayList.java:1511)
... Removed 29 stack frames]]>
    </failure>
  </testcase> <!-- verify_to_check_clickon_update_device_and_check_the_text_ofthe_page -->
  <testcase classname="Device_TC" name="Verify_to_check_click_on_update_and_click_on_submit_button" time="40.46">
    <failure type="java.lang.AssertionError" message="The following asserts failed:
	Exception: Expected condition failed: waiting for element to be clickable: By.xpath: //div[@id=&amp;apos;toggle-id&amp;apos;] (tried for 40 second(s) with 500 milliseconds interval)">
      <![CDATA[java.lang.AssertionError: The following asserts failed:
Exception: Expected condition failed: waiting for element to be clickable: By.xpath: //div[@id='toggle-id'] (tried for 40 second(s) with 500 milliseconds interval)
at Device_TC.Verify_to_check_click_on_update_and_click_on_submit_button(Device_TC.java:64)
at java.base/java.util.ArrayList.forEach(ArrayList.java:1511)
... Removed 29 stack frames]]>
    </failure>
  </testcase> <!-- Verify_to_check_click_on_update_and_click_on_submit_button -->
  <testcase classname="Device_TC" name="Verify_and_check_to_update_devicezone_by_selecting_other_country_from_dropdown" time="40.456">
    <failure type="java.lang.AssertionError" message="The following asserts failed:
	Exception: Expected condition failed: waiting for element to no longer be visible: By.cssSelector: .loader (tried for 40 second(s) with 500 milliseconds interval)">
      <![CDATA[java.lang.AssertionError: The following asserts failed:
Exception: Expected condition failed: waiting for element to no longer be visible: By.cssSelector: .loader (tried for 40 second(s) with 500 milliseconds interval)
at Device_TC.Verify_and_check_to_update_devicezone_by_selecting_other_country_from_dropdown(Device_TC.java:139)
at java.base/java.util.ArrayList.forEach(ArrayList.java:1511)
... Removed 29 stack frames]]>
    </failure>
  </testcase> <!-- Verify_and_check_to_update_devicezone_by_selecting_other_country_from_dropdown -->
  <testcase classname="Device_TC" name="Verify_and_check_to_type_on_timezone_field_and_select_from_list_box" time="40.475">
    <failure type="java.lang.AssertionError" message="The following asserts failed:
	Exception: Expected condition failed: waiting for element to no longer be visible: By.cssSelector: .loader (tried for 40 second(s) with 500 milliseconds interval)">
      <![CDATA[java.lang.AssertionError: The following asserts failed:
Exception: Expected condition failed: waiting for element to no longer be visible: By.cssSelector: .loader (tried for 40 second(s) with 500 milliseconds interval)
at Device_TC.Verify_and_check_to_type_on_timezone_field_and_select_from_list_box(Device_TC.java:177)
at java.base/java.util.ArrayList.forEach(ArrayList.java:1511)
... Removed 29 stack frames]]>
    </failure>
  </testcase> <!-- Verify_and_check_to_type_on_timezone_field_and_select_from_list_box -->
  <testcase classname="Device_TC" name="Verify_and_check_to_type_on_timezone_field_but_the_country_are_not_present_in_dropbox" time="40.487">
    <failure type="java.lang.AssertionError" message="The following asserts failed:
	Exception: Expected condition failed: waiting for element to no longer be visible: By.cssSelector: .loader (tried for 40 second(s) with 500 milliseconds interval)">
      <![CDATA[java.lang.AssertionError: The following asserts failed:
Exception: Expected condition failed: waiting for element to no longer be visible: By.cssSelector: .loader (tried for 40 second(s) with 500 milliseconds interval)
at Device_TC.Verify_and_check_to_type_on_timezone_field_but_the_country_are_not_present_in_dropbox(Device_TC.java:219)
at java.base/java.util.ArrayList.forEach(ArrayList.java:1511)
... Removed 29 stack frames]]>
    </failure>
  </testcase> <!-- Verify_and_check_to_type_on_timezone_field_but_the_country_are_not_present_in_dropbox -->
  <testcase classname="Device_TC" name="Verify_and_check_orgnization_field_disable_in_update_form" time="40.288">
    <failure type="java.lang.AssertionError" message="The following asserts failed:
	Exception: Expected condition failed: waiting for element to no longer be visible: By.cssSelector: .loader (tried for 40 second(s) with 500 milliseconds interval)">
      <![CDATA[java.lang.AssertionError: The following asserts failed:
Exception: Expected condition failed: waiting for element to no longer be visible: By.cssSelector: .loader (tried for 40 second(s) with 500 milliseconds interval)
at Device_TC.Verify_and_check_orgnization_field_disable_in_update_form(Device_TC.java:251)
at java.base/java.util.ArrayList.forEach(ArrayList.java:1511)
... Removed 29 stack frames]]>
    </failure>
  </testcase> <!-- Verify_and_check_orgnization_field_disable_in_update_form -->
  <testcase classname="Device_TC" name="Verify_to_check_clear_all_fields_and_click_on_submit_in_update_form" time="40.025">
    <failure type="java.lang.AssertionError" message="The following asserts failed:
	Exception: Expected condition failed: waiting for element to no longer be visible: By.cssSelector: .loader (tried for 40 second(s) with 500 milliseconds interval)">
      <![CDATA[java.lang.AssertionError: The following asserts failed:
Exception: Expected condition failed: waiting for element to no longer be visible: By.cssSelector: .loader (tried for 40 second(s) with 500 milliseconds interval)
at Device_TC.Verify_to_check_clear_all_fields_and_click_on_submit_in_update_form(Device_TC.java:292)
at java.base/java.util.ArrayList.forEach(ArrayList.java:1511)
... Removed 29 stack frames]]>
    </failure>
  </testcase> <!-- Verify_to_check_clear_all_fields_and_click_on_submit_in_update_form -->
  <testcase classname="Device_TC" name="Verify_to_check_tipco_logo_is_visible_or_not_in_device_create_page" time="40.259">
    <failure type="java.lang.AssertionError" message="The following asserts failed:
	Exception: Expected condition failed: waiting for element to no longer be visible: By.cssSelector: .loader (tried for 40 second(s) with 500 milliseconds interval)">
      <![CDATA[java.lang.AssertionError: The following asserts failed:
Exception: Expected condition failed: waiting for element to no longer be visible: By.cssSelector: .loader (tried for 40 second(s) with 500 milliseconds interval)
at Device_TC.Verify_to_check_tipco_logo_is_visible_or_not_in_device_create_page(Device_TC.java:314)
at java.base/java.util.ArrayList.forEach(ArrayList.java:1511)
... Removed 29 stack frames]]>
    </failure>
  </testcase> <!-- Verify_to_check_tipco_logo_is_visible_or_not_in_device_create_page -->
  <testcase classname="Device_TC" name="Verify_to_check_and_click_next_page_of_the_device_page" time="40.173">
    <failure type="java.lang.AssertionError" message="The following asserts failed:
	Exception: Expected condition failed: waiting for element to be clickable: By.xpath: //a[text()=&amp;apos;Next&amp;apos;] (tried for 40 second(s) with 500 milliseconds interval)">
      <![CDATA[java.lang.AssertionError: The following asserts failed:
Exception: Expected condition failed: waiting for element to be clickable: By.xpath: //a[text()='Next'] (tried for 40 second(s) with 500 milliseconds interval)
at Device_TC.Verify_to_check_and_click_next_page_of_the_device_page(Device_TC.java:337)
at java.base/java.util.ArrayList.forEach(ArrayList.java:1511)
... Removed 29 stack frames]]>
    </failure>
  </testcase> <!-- Verify_to_check_and_click_next_page_of_the_device_page -->
  <testcase classname="Device_TC" name="Verify_to_check_sr_number_column_of_the_device_in_device_page" time="40.146">
    <failure type="java.lang.AssertionError" message="The following asserts failed:
	Exception: Expected condition failed: waiting for element to no longer be visible: By.cssSelector: .loader (tried for 40 second(s) with 500 milliseconds interval)">
      <![CDATA[java.lang.AssertionError: The following asserts failed:
Exception: Expected condition failed: waiting for element to no longer be visible: By.cssSelector: .loader (tried for 40 second(s) with 500 milliseconds interval)
at Device_TC.Verify_to_check_sr_number_column_of_the_device_in_device_page(Device_TC.java:385)
at java.base/java.util.ArrayList.forEach(ArrayList.java:1511)
... Removed 29 stack frames]]>
    </failure>
  </testcase> <!-- Verify_to_check_sr_number_column_of_the_device_in_device_page -->
  <testcase classname="Device_TC" name="Verify_to_check_and_click_prvious_pagebutton_of_the_device_page" time="40.162">
    <failure type="java.lang.AssertionError" message="The following asserts failed:
	Exception: Expected condition failed: waiting for element to no longer be visible: By.cssSelector: .loader (tried for 40 second(s) with 500 milliseconds interval)">
      <![CDATA[java.lang.AssertionError: The following asserts failed:
Exception: Expected condition failed: waiting for element to no longer be visible: By.cssSelector: .loader (tried for 40 second(s) with 500 milliseconds interval)
at Device_TC.Verify_to_check_and_click_prvious_pagebutton_of_the_device_page(Device_TC.java:361)
at java.base/java.util.ArrayList.forEach(ArrayList.java:1511)
... Removed 29 stack frames]]>
    </failure>
  </testcase> <!-- Verify_to_check_and_click_prvious_pagebutton_of_the_device_page -->
  <testcase classname="Device_TC" name="Verify_to_check_devicwID_column_of_the_device_in_device_page" time="40.174">
    <failure type="java.lang.AssertionError" message="The following asserts failed:
	Exception: Expected condition failed: waiting for element to no longer be visible: By.cssSelector: .loader (tried for 40 second(s) with 500 milliseconds interval)">
      <![CDATA[java.lang.AssertionError: The following asserts failed:
Exception: Expected condition failed: waiting for element to no longer be visible: By.cssSelector: .loader (tried for 40 second(s) with 500 milliseconds interval)
at Device_TC.Verify_to_check_devicwID_column_of_the_device_in_device_page(Device_TC.java:409)
at java.base/java.util.ArrayList.forEach(ArrayList.java:1511)
... Removed 29 stack frames]]>
    </failure>
  </testcase> <!-- Verify_to_check_devicwID_column_of_the_device_in_device_page -->
  <testcase classname="Device_TC" name="Verify_to_check_devicetype_column_of_the_device_in_device_page" time="40.137">
    <failure type="java.lang.AssertionError" message="The following asserts failed:
	Exception: Expected condition failed: waiting for element to no longer be visible: By.cssSelector: .loader (tried for 40 second(s) with 500 milliseconds interval)">
      <![CDATA[java.lang.AssertionError: The following asserts failed:
Exception: Expected condition failed: waiting for element to no longer be visible: By.cssSelector: .loader (tried for 40 second(s) with 500 milliseconds interval)
at Device_TC.Verify_to_check_devicetype_column_of_the_device_in_device_page(Device_TC.java:433)
at java.base/java.util.ArrayList.forEach(ArrayList.java:1511)
... Removed 29 stack frames]]>
    </failure>
  </testcase> <!-- Verify_to_check_devicetype_column_of_the_device_in_device_page -->
  <testcase classname="Device_TC" name="Verify_to_check_Organization_Namecolumn_of_the_device_in_device_page" time="40.215">
    <failure type="java.lang.AssertionError" message="The following asserts failed:
	Exception: Expected condition failed: waiting for element to no longer be visible: By.cssSelector: .loader (tried for 40 second(s) with 500 milliseconds interval)">
      <![CDATA[java.lang.AssertionError: The following asserts failed:
Exception: Expected condition failed: waiting for element to no longer be visible: By.cssSelector: .loader (tried for 40 second(s) with 500 milliseconds interval)
at Device_TC.Verify_to_check_Organization_Namecolumn_of_the_device_in_device_page(Device_TC.java:457)
at java.base/java.util.ArrayList.forEach(ArrayList.java:1511)
... Removed 29 stack frames]]>
    </failure>
  </testcase> <!-- Verify_to_check_Organization_Namecolumn_of_the_device_in_device_page -->
  <testcase classname="Device_TC" name="Verify_to_check_Action_column_of_the_device_in_device_page" time="40.314">
    <failure type="java.lang.AssertionError" message="The following asserts failed:
	Exception: Expected condition failed: waiting for element to no longer be visible: By.cssSelector: .loader (tried for 40 second(s) with 500 milliseconds interval)">
      <![CDATA[java.lang.AssertionError: The following asserts failed:
Exception: Expected condition failed: waiting for element to no longer be visible: By.cssSelector: .loader (tried for 40 second(s) with 500 milliseconds interval)
at Device_TC.Verify_to_check_Action_column_of_the_device_in_device_page(Device_TC.java:481)
at java.base/java.util.ArrayList.forEach(ArrayList.java:1511)
... Removed 29 stack frames]]>
    </failure>
  </testcase> <!-- Verify_to_check_Action_column_of_the_device_in_device_page -->
  <testcase classname="Device_TC" name="Verify_to_check_selected_option_of_zone_in_update_form_is_visible" time="40.115">
    <failure type="java.lang.AssertionError" message="The following asserts failed:
	Exception: Expected condition failed: waiting for element to no longer be visible: By.cssSelector: .loader (tried for 40 second(s) with 500 milliseconds interval)">
      <![CDATA[java.lang.AssertionError: The following asserts failed:
Exception: Expected condition failed: waiting for element to no longer be visible: By.cssSelector: .loader (tried for 40 second(s) with 500 milliseconds interval)
at Device_TC.Verify_to_check_selected_option_of_zone_in_update_form_is_visible(Device_TC.java:513)
at java.base/java.util.ArrayList.forEach(ArrayList.java:1511)
... Removed 29 stack frames]]>
    </failure>
  </testcase> <!-- Verify_to_check_selected_option_of_zone_in_update_form_is_visible -->
  <testcase classname="Device_TC" name="Verify_to_check_selected_option_of_devicetype_in_update_form_is_visible" time="40.12">
    <failure type="java.lang.AssertionError" message="The following asserts failed:
	Exception: Expected condition failed: waiting for element to no longer be visible: By.cssSelector: .loader (tried for 40 second(s) with 500 milliseconds interval)">
      <![CDATA[java.lang.AssertionError: The following asserts failed:
Exception: Expected condition failed: waiting for element to no longer be visible: By.cssSelector: .loader (tried for 40 second(s) with 500 milliseconds interval)
at Device_TC.Verify_to_check_selected_option_of_devicetype_in_update_form_is_visible(Device_TC.java:543)
at java.base/java.util.ArrayList.forEach(ArrayList.java:1511)
... Removed 29 stack frames]]>
    </failure>
  </testcase> <!-- Verify_to_check_selected_option_of_devicetype_in_update_form_is_visible -->
  <testcase classname="Device_TC" name="Verify_to_check_selected_orgnization_should_not_change_in_update" time="40.042">
    <failure type="java.lang.AssertionError" message="The following asserts failed:
	Exception: Expected condition failed: waiting for element to no longer be visible: By.cssSelector: .loader (tried for 40 second(s) with 500 milliseconds interval)">
      <![CDATA[java.lang.AssertionError: The following asserts failed:
Exception: Expected condition failed: waiting for element to no longer be visible: By.cssSelector: .loader (tried for 40 second(s) with 500 milliseconds interval)
at Device_TC.Verify_to_check_selected_orgnization_should_not_change_in_update(Device_TC.java:573)
at java.base/java.util.ArrayList.forEach(ArrayList.java:1511)
... Removed 29 stack frames]]>
    </failure>
  </testcase> <!-- Verify_to_check_selected_orgnization_should_not_change_in_update -->
  <testcase classname="Device_TC" name="Verify_to_check_click_on_any_intermediate_page_of_device_page" time="40.124">
    <failure type="java.lang.AssertionError" message="The following asserts failed:
	Exception: Expected condition failed: waiting for element to no longer be visible: By.cssSelector: .loader (tried for 40 second(s) with 500 milliseconds interval)">
      <![CDATA[java.lang.AssertionError: The following asserts failed:
Exception: Expected condition failed: waiting for element to no longer be visible: By.cssSelector: .loader (tried for 40 second(s) with 500 milliseconds interval)
at Device_TC.Verify_to_check_click_on_any_intermediate_page_of_device_page(Device_TC.java:602)
at java.base/java.util.ArrayList.forEach(ArrayList.java:1511)
... Removed 29 stack frames]]>
    </failure>
  </testcase> <!-- Verify_to_check_click_on_any_intermediate_page_of_device_page -->
  <testcase classname="Device_TC" name="Verify_that_the_total_number_of_pages_is_displayed_correctly" time="40.019">
    <failure type="java.lang.AssertionError" message="The following asserts failed:
	Exception: Expected condition failed: waiting for element to no longer be visible: By.cssSelector: .loader (tried for 40 second(s) with 500 milliseconds interval)">
      <![CDATA[java.lang.AssertionError: The following asserts failed:
Exception: Expected condition failed: waiting for element to no longer be visible: By.cssSelector: .loader (tried for 40 second(s) with 500 milliseconds interval)
at Device_TC.Verify_that_the_total_number_of_pages_is_displayed_correctly(Device_TC.java:637)
at java.base/java.util.ArrayList.forEach(ArrayList.java:1511)
... Removed 29 stack frames]]>
    </failure>
  </testcase> <!-- Verify_that_the_total_number_of_pages_is_displayed_correctly -->
</testsuite> <!-- Test -->
