<?xml version="1.0" encoding="UTF-8"?>
<!-- Generated by org.testng.reporters.JUnitXMLReporter -->
<testsuite ignored="0" hostname="DESKTOP-SPJ27N6" failures="30" tests="62" name="Chrome Tests" time="729.377" errors="0" timestamp="2024-11-22T15:22:44 IST">
  <testcase classname="Test_Supervisor" name="@BeforeClass initializebrowser" time="7.337">
    <failure type="org.openqa.selenium.NoSuchWindowException" message="no such window: target window already closed
from unknown error: web view not found
  (Session info: chrome=131.0.6778.86)
Build info: version: &amp;apos;4.12.1&amp;apos;, revision: &amp;apos;8e34639b11&amp;apos;
System info: os.name: &amp;apos;Windows 11&amp;apos;, os.arch: &amp;apos;amd64&amp;apos;, os.version: &amp;apos;10.0&amp;apos;, java.version: &amp;apos;17.0.8.1&amp;apos;
Driver info: org.openqa.selenium.chrome.ChromeDriver
Command: [33ef2f31f5c1f90de059b6537c284ad2, findElement {using=xpath, value=//input[@name=&amp;apos;email&amp;apos;]}]
Capabilities {acceptInsecureCerts: false, browserName: chrome, browserVersion: 131.0.6778.86, chrome: {chromedriverVersion: 131.0.6778.85 (3d81e41b6f3a..., userDataDir: C:\Users\EXTERN~1\AppData\L...}, fedcm:accounts: true, goog:chromeOptions: {debuggerAddress: localhost:60084}, networkConnectionEnabled: false, pageLoadStrategy: normal, platformName: windows, proxy: Proxy(), se:cdp: ws://localhost:60084/devtoo..., se:cdpVersion: 131.0.6778.86, setWindowRect: true, strictFileInteractability: false, timeouts: {implicit: 0, pageLoad: 300000, script: 30000}, unhandledPromptBehavior: dismiss and notify, webauthn:extension:credBlob: true, webauthn:extension:largeBlob: true, webauthn:extension:minPinLength: true, webauthn:extension:prf: true, webauthn:virtualAuthenticators: true}
Session ID: 33ef2f31f5c1f90de059b6537c284ad2">
      <![CDATA[org.openqa.selenium.NoSuchWindowException: no such window: target window already closed
from unknown error: web view not found
  (Session info: chrome=131.0.6778.86)
Build info: version: '4.12.1', revision: '8e34639b11'
System info: os.name: 'Windows 11', os.arch: 'amd64', os.version: '10.0', java.version: '17.0.8.1'
Driver info: org.openqa.selenium.chrome.ChromeDriver
Command: [33ef2f31f5c1f90de059b6537c284ad2, findElement {using=xpath, value=//input[@name='email']}]
Capabilities {acceptInsecureCerts: false, browserName: chrome, browserVersion: 131.0.6778.86, chrome: {chromedriverVersion: 131.0.6778.85 (3d81e41b6f3a..., userDataDir: C:\Users\EXTERN~1\AppData\L...}, fedcm:accounts: true, goog:chromeOptions: {debuggerAddress: localhost:60084}, networkConnectionEnabled: false, pageLoadStrategy: normal, platformName: windows, proxy: Proxy(), se:cdp: ws://localhost:60084/devtoo..., se:cdpVersion: 131.0.6778.86, setWindowRect: true, strictFileInteractability: false, timeouts: {implicit: 0, pageLoad: 300000, script: 30000}, unhandledPromptBehavior: dismiss and notify, webauthn:extension:credBlob: true, webauthn:extension:largeBlob: true, webauthn:extension:minPinLength: true, webauthn:extension:prf: true, webauthn:virtualAuthenticators: true}
Session ID: 33ef2f31f5c1f90de059b6537c284ad2
at org.openqa.selenium.remote.codec.w3c.W3CHttpResponseCodec.createException(W3CHttpResponseCodec.java:200)
at org.openqa.selenium.remote.codec.w3c.W3CHttpResponseCodec.decode(W3CHttpResponseCodec.java:133)
at org.openqa.selenium.remote.codec.w3c.W3CHttpResponseCodec.decode(W3CHttpResponseCodec.java:52)
at org.openqa.selenium.remote.HttpCommandExecutor.execute(HttpCommandExecutor.java:191)
at org.openqa.selenium.remote.service.DriverCommandExecutor.invokeExecute(DriverCommandExecutor.java:196)
at org.openqa.selenium.remote.service.DriverCommandExecutor.execute(DriverCommandExecutor.java:171)
at org.openqa.selenium.remote.RemoteWebDriver.execute(RemoteWebDriver.java:602)
at org.openqa.selenium.remote.ElementLocation$ElementFinder$2.findElement(ElementLocation.java:165)
at org.openqa.selenium.remote.ElementLocation.findElement(ElementLocation.java:59)
at org.openqa.selenium.remote.RemoteWebDriver.findElement(RemoteWebDriver.java:359)
at org.openqa.selenium.remote.RemoteWebDriver.findElement(RemoteWebDriver.java:353)
at org.openqa.selenium.support.pagefactory.DefaultElementLocator.findElement(DefaultElementLocator.java:68)
at org.openqa.selenium.support.pagefactory.internal.LocatingElementHandler.invoke(LocatingElementHandler.java:38)
at jdk.proxy2/jdk.proxy2.$Proxy15.sendKeys(Unknown Source)
at Create_Supervisor.Supervisor.entermail(Supervisor.java:32)
at Test_Supervisor.initializebrowser(Test_Supervisor.java:31)
at java.base/java.util.ArrayList.forEach(ArrayList.java:1511)
at java.base/java.util.concurrent.FutureTask.run(FutureTask.java:264)
at java.base/java.util.concurrent.ThreadPoolExecutor.runWorker(ThreadPoolExecutor.java:1136)
at java.base/java.util.concurrent.ThreadPoolExecutor$Worker.run(ThreadPoolExecutor.java:635)
at java.base/java.lang.Thread.run(Thread.java:833)
... Removed 19 stack frames]]>
    </failure>
  </testcase> <!-- @BeforeClass initializebrowser -->
  <testcase classname="Test_Orgnization" name="Create_Orgnization_with_invalid_orgnization_name" time="107.104">
    <failure type="java.lang.AssertionError" message="The following asserts failed:
	An exception Expected condition failed: waiting for element to no longer be visible: By.cssSelector: .loader (tried for 80 second(s) with 500 milliseconds interval)">
      <![CDATA[java.lang.AssertionError: The following asserts failed:
An exception Expected condition failed: waiting for element to no longer be visible: By.cssSelector: .loader (tried for 80 second(s) with 500 milliseconds interval)
at Test_Orgnization.Create_Orgnization_with_invalid_orgnization_name(Test_Orgnization.java:83)
at java.base/java.util.ArrayList.forEach(ArrayList.java:1511)
at java.base/java.util.concurrent.FutureTask.run(FutureTask.java:264)
at java.base/java.util.concurrent.ThreadPoolExecutor.runWorker(ThreadPoolExecutor.java:1136)
at java.base/java.util.concurrent.ThreadPoolExecutor$Worker.run(ThreadPoolExecutor.java:635)
at java.base/java.lang.Thread.run(Thread.java:833)
... Removed 19 stack frames]]>
    </failure>
  </testcase> <!-- Create_Orgnization_with_invalid_orgnization_name -->
  <testcase classname="Test_Supervisor" name="verify_that_createSupervisor_with_invalid_email" time="0.0">
    <skipped/>
  </testcase> <!-- verify_that_createSupervisor_with_invalid_email -->
  <testcase classname="Test_Supervisor" name="Verify_that_the_full_name_field_does_not_accept_numeric_or_special_characters_accept_only_character" time="0.0">
    <skipped/>
  </testcase> <!-- Verify_that_the_full_name_field_does_not_accept_numeric_or_special_characters_accept_only_character -->
  <testcase classname="Test_Orgnization" name="Verify_that_an_organization_cannot_be_created_without_an_organization_name" time="20.019">
    <failure type="java.lang.AssertionError" message="The following asserts failed:
	An exception Expected condition failed: waiting for element to no longer be visible: By.cssSelector: .loader (tried for 20 second(s) with 500 milliseconds interval)">
      <![CDATA[java.lang.AssertionError: The following asserts failed:
An exception Expected condition failed: waiting for element to no longer be visible: By.cssSelector: .loader (tried for 20 second(s) with 500 milliseconds interval)
at Test_Orgnization.Verify_that_an_organization_cannot_be_created_without_an_organization_name(Test_Orgnization.java:214)
at java.base/java.util.ArrayList.forEach(ArrayList.java:1511)
at java.base/java.util.concurrent.FutureTask.run(FutureTask.java:264)
at java.base/java.util.concurrent.ThreadPoolExecutor.runWorker(ThreadPoolExecutor.java:1136)
at java.base/java.util.concurrent.ThreadPoolExecutor$Worker.run(ThreadPoolExecutor.java:635)
at java.base/java.lang.Thread.run(Thread.java:833)
... Removed 19 stack frames]]>
    </failure>
  </testcase> <!-- Verify_that_an_organization_cannot_be_created_without_an_organization_name -->
  <testcase classname="Test_Supervisor" name="Verify_that_the_email_field_is_mandatory_and_displays_an_error_message_when_left_empty" time="0.0">
    <skipped/>
  </testcase> <!-- Verify_that_the_email_field_is_mandatory_and_displays_an_error_message_when_left_empty -->
  <testcase classname="Test_Supervisor" name="Verify_that_the_full_name_field_is_mandatory_and_displays_an_error_message_when_left_empty" time="0.0">
    <skipped/>
  </testcase> <!-- Verify_that_the_full_name_field_is_mandatory_and_displays_an_error_message_when_left_empty -->
  <testcase classname="Test_Orgnization" name="Verify_to_add_orgnization_with_special_charcter_in_org_name_field" time="20.065">
    <failure type="java.lang.AssertionError" message="The following asserts failed:
	An exception Expected condition failed: waiting for element to no longer be visible: By.cssSelector: .loader (tried for 20 second(s) with 500 milliseconds interval)">
      <![CDATA[java.lang.AssertionError: The following asserts failed:
An exception Expected condition failed: waiting for element to no longer be visible: By.cssSelector: .loader (tried for 20 second(s) with 500 milliseconds interval)
at Test_Orgnization.Verify_to_add_orgnization_with_special_charcter_in_org_name_field(Test_Orgnization.java:256)
at java.base/java.util.ArrayList.forEach(ArrayList.java:1511)
at java.base/java.util.concurrent.FutureTask.run(FutureTask.java:264)
at java.base/java.util.concurrent.ThreadPoolExecutor.runWorker(ThreadPoolExecutor.java:1136)
at java.base/java.util.concurrent.ThreadPoolExecutor$Worker.run(ThreadPoolExecutor.java:635)
at java.base/java.lang.Thread.run(Thread.java:833)
... Removed 19 stack frames]]>
    </failure>
  </testcase> <!-- Verify_to_add_orgnization_with_special_charcter_in_org_name_field -->
  <testcase classname="Test_Orgnization" name="Verify_to_add_orgnization_with_minimum_length_of_orgname" time="20.504">
    <failure type="java.lang.AssertionError" message="The following asserts failed:
	An exception Expected condition failed: waiting for element to no longer be visible: By.cssSelector: .loader (tried for 20 second(s) with 500 milliseconds interval)">
      <![CDATA[java.lang.AssertionError: The following asserts failed:
An exception Expected condition failed: waiting for element to no longer be visible: By.cssSelector: .loader (tried for 20 second(s) with 500 milliseconds interval)
at Test_Orgnization.Verify_to_add_orgnization_with_minimum_length_of_orgname(Test_Orgnization.java:298)
at java.base/java.util.ArrayList.forEach(ArrayList.java:1511)
at java.base/java.util.concurrent.FutureTask.run(FutureTask.java:264)
at java.base/java.util.concurrent.ThreadPoolExecutor.runWorker(ThreadPoolExecutor.java:1136)
at java.base/java.util.concurrent.ThreadPoolExecutor$Worker.run(ThreadPoolExecutor.java:635)
at java.base/java.lang.Thread.run(Thread.java:833)
... Removed 19 stack frames]]>
    </failure>
  </testcase> <!-- Verify_to_add_orgnization_with_minimum_length_of_orgname -->
  <testcase classname="Test_Supervisor" name="Verify_that_the_mobile_number_field_does_not_accept_alphabetic_or_special_characters" time="0.0">
    <skipped/>
  </testcase> <!-- Verify_that_the_mobile_number_field_does_not_accept_alphabetic_or_special_characters -->
  <testcase classname="Test_Orgnization" name="Verify_to_add_orgnization_with_max_length_of_orgname" time="20.041">
    <failure type="java.lang.AssertionError" message="The following asserts failed:
	An exception Expected condition failed: waiting for element to no longer be visible: By.cssSelector: .loader (tried for 20 second(s) with 500 milliseconds interval)">
      <![CDATA[java.lang.AssertionError: The following asserts failed:
An exception Expected condition failed: waiting for element to no longer be visible: By.cssSelector: .loader (tried for 20 second(s) with 500 milliseconds interval)
at Test_Orgnization.Verify_to_add_orgnization_with_max_length_of_orgname(Test_Orgnization.java:340)
at java.base/java.util.ArrayList.forEach(ArrayList.java:1511)
at java.base/java.util.concurrent.FutureTask.run(FutureTask.java:264)
at java.base/java.util.concurrent.ThreadPoolExecutor.runWorker(ThreadPoolExecutor.java:1136)
at java.base/java.util.concurrent.ThreadPoolExecutor$Worker.run(ThreadPoolExecutor.java:635)
at java.base/java.lang.Thread.run(Thread.java:833)
... Removed 19 stack frames]]>
    </failure>
  </testcase> <!-- Verify_to_add_orgnization_with_max_length_of_orgname -->
  <testcase classname="Test_Orgnization" name="Verify_that_an_organization_cannot_be_created_with_an_invalid_GST_number_format" time="20.082">
    <failure type="java.lang.AssertionError" message="The following asserts failed:
	An exception Expected condition failed: waiting for element to no longer be visible: By.cssSelector: .loader (tried for 20 second(s) with 500 milliseconds interval)">
      <![CDATA[java.lang.AssertionError: The following asserts failed:
An exception Expected condition failed: waiting for element to no longer be visible: By.cssSelector: .loader (tried for 20 second(s) with 500 milliseconds interval)
at Test_Orgnization.Verify_that_an_organization_cannot_be_created_with_an_invalid_GST_number_format(Test_Orgnization.java:424)
at java.base/java.util.ArrayList.forEach(ArrayList.java:1511)
at java.base/java.util.concurrent.FutureTask.run(FutureTask.java:264)
at java.base/java.util.concurrent.ThreadPoolExecutor.runWorker(ThreadPoolExecutor.java:1136)
at java.base/java.util.concurrent.ThreadPoolExecutor$Worker.run(ThreadPoolExecutor.java:635)
at java.base/java.lang.Thread.run(Thread.java:833)
... Removed 19 stack frames]]>
    </failure>
  </testcase> <!-- Verify_that_an_organization_cannot_be_created_with_an_invalid_GST_number_format -->
  <testcase classname="Test_Supervisor" name="Verify_that_the_mobile_number_field_accepts_different_formats_based_on_the_selected_country_code" time="0.0">
    <skipped/>
  </testcase> <!-- Verify_that_the_mobile_number_field_accepts_different_formats_based_on_the_selected_country_code -->
  <testcase classname="Test_Orgnization" name="Verify_that_an_organization_cannot_be_created_without_GST_number" time="20.433">
    <failure type="java.lang.AssertionError" message="The following asserts failed:
	An exception Expected condition failed: waiting for element to no longer be visible: By.cssSelector: .loader (tried for 20 second(s) with 500 milliseconds interval)">
      <![CDATA[java.lang.AssertionError: The following asserts failed:
An exception Expected condition failed: waiting for element to no longer be visible: By.cssSelector: .loader (tried for 20 second(s) with 500 milliseconds interval)
at Test_Orgnization.Verify_that_an_organization_cannot_be_created_without_GST_number(Test_Orgnization.java:466)
at java.base/java.util.ArrayList.forEach(ArrayList.java:1511)
at java.base/java.util.concurrent.FutureTask.run(FutureTask.java:264)
at java.base/java.util.concurrent.ThreadPoolExecutor.runWorker(ThreadPoolExecutor.java:1136)
at java.base/java.util.concurrent.ThreadPoolExecutor$Worker.run(ThreadPoolExecutor.java:635)
at java.base/java.lang.Thread.run(Thread.java:833)
... Removed 19 stack frames]]>
    </failure>
  </testcase> <!-- Verify_that_an_organization_cannot_be_created_without_GST_number -->
  <testcase classname="Test_Supervisor" name="Verify_that_the_user_can_type_in_the_mobile_number_after_selecting_the_country_code" time="0.0">
    <skipped/>
  </testcase> <!-- Verify_that_the_user_can_type_in_the_mobile_number_after_selecting_the_country_code -->
  <testcase classname="Test_Orgnization" name="Verify_that_an_organization_cannot_be_created_with_max_length_of_GST_number" time="20.487">
    <failure type="java.lang.AssertionError" message="The following asserts failed:
	An exception Expected condition failed: waiting for element to no longer be visible: By.cssSelector: .loader (tried for 20 second(s) with 500 milliseconds interval)">
      <![CDATA[java.lang.AssertionError: The following asserts failed:
An exception Expected condition failed: waiting for element to no longer be visible: By.cssSelector: .loader (tried for 20 second(s) with 500 milliseconds interval)
at Test_Orgnization.Verify_that_an_organization_cannot_be_created_with_max_length_of_GST_number(Test_Orgnization.java:508)
at java.base/java.util.ArrayList.forEach(ArrayList.java:1511)
at java.base/java.util.concurrent.FutureTask.run(FutureTask.java:264)
at java.base/java.util.concurrent.ThreadPoolExecutor.runWorker(ThreadPoolExecutor.java:1136)
at java.base/java.util.concurrent.ThreadPoolExecutor$Worker.run(ThreadPoolExecutor.java:635)
at java.base/java.lang.Thread.run(Thread.java:833)
... Removed 19 stack frames]]>
    </failure>
  </testcase> <!-- Verify_that_an_organization_cannot_be_created_with_max_length_of_GST_number -->
  <testcase classname="Test_Supervisor" name="Verify_that_the_organization_name_can_be_selected_from_a_dropdown_menu" time="0.0">
    <skipped/>
  </testcase> <!-- Verify_that_the_organization_name_can_be_selected_from_a_dropdown_menu -->
  <testcase classname="Test_Orgnization" name="Verify_that_an_organization_cannot_be_created_with_max_length_of_Address_field" time="20.444">
    <failure type="java.lang.AssertionError" message="The following asserts failed:
	An exception Expected condition failed: waiting for element to no longer be visible: By.cssSelector: .loader (tried for 20 second(s) with 500 milliseconds interval)">
      <![CDATA[java.lang.AssertionError: The following asserts failed:
An exception Expected condition failed: waiting for element to no longer be visible: By.cssSelector: .loader (tried for 20 second(s) with 500 milliseconds interval)
at Test_Orgnization.Verify_that_an_organization_cannot_be_created_with_max_length_of_Address_field(Test_Orgnization.java:550)
at java.base/java.util.ArrayList.forEach(ArrayList.java:1511)
at java.base/java.util.concurrent.FutureTask.run(FutureTask.java:264)
at java.base/java.util.concurrent.ThreadPoolExecutor.runWorker(ThreadPoolExecutor.java:1136)
at java.base/java.util.concurrent.ThreadPoolExecutor$Worker.run(ThreadPoolExecutor.java:635)
at java.base/java.lang.Thread.run(Thread.java:833)
... Removed 19 stack frames]]>
    </failure>
  </testcase> <!-- Verify_that_an_organization_cannot_be_created_with_max_length_of_Address_field -->
  <testcase classname="Test_Supervisor" name="Verify_that_the_user_can_type_and_select_an_organization_name_if_it_is_not_listed_in_the_dropdown" time="0.0">
    <skipped/>
  </testcase> <!-- Verify_that_the_user_can_type_and_select_an_organization_name_if_it_is_not_listed_in_the_dropdown -->
  <testcase classname="Test_Supervisor" name="Verify_that_an_error_message_is_displayed_if_the_save_button_is_clicked_when_mandatory_fields_are_not_filled" time="0.0">
    <skipped/>
  </testcase> <!-- Verify_that_an_error_message_is_displayed_if_the_save_button_is_clicked_when_mandatory_fields_are_not_filled -->
  <testcase classname="Test_Orgnization" name="Verify_that_an_organization_cannot_be_created_without_Address_field" time="20.449">
    <failure type="java.lang.AssertionError" message="The following asserts failed:
	An exception Expected condition failed: waiting for element to no longer be visible: By.cssSelector: .loader (tried for 20 second(s) with 500 milliseconds interval)">
      <![CDATA[java.lang.AssertionError: The following asserts failed:
An exception Expected condition failed: waiting for element to no longer be visible: By.cssSelector: .loader (tried for 20 second(s) with 500 milliseconds interval)
at Test_Orgnization.Verify_that_an_organization_cannot_be_created_without_Address_field(Test_Orgnization.java:592)
at java.base/java.util.ArrayList.forEach(ArrayList.java:1511)
at java.base/java.util.concurrent.FutureTask.run(FutureTask.java:264)
at java.base/java.util.concurrent.ThreadPoolExecutor.runWorker(ThreadPoolExecutor.java:1136)
at java.base/java.util.concurrent.ThreadPoolExecutor$Worker.run(ThreadPoolExecutor.java:635)
at java.base/java.lang.Thread.run(Thread.java:833)
... Removed 19 stack frames]]>
    </failure>
  </testcase> <!-- Verify_that_an_organization_cannot_be_created_without_Address_field -->
  <testcase classname="Test_Orgnization" name="Verify_that_an_organization_cannot_be_created_withmax_length_of_city_field" time="20.459">
    <failure type="java.lang.AssertionError" message="The following asserts failed:
	An exception Expected condition failed: waiting for element to no longer be visible: By.cssSelector: .loader (tried for 20 second(s) with 500 milliseconds interval)">
      <![CDATA[java.lang.AssertionError: The following asserts failed:
An exception Expected condition failed: waiting for element to no longer be visible: By.cssSelector: .loader (tried for 20 second(s) with 500 milliseconds interval)
at Test_Orgnization.Verify_that_an_organization_cannot_be_created_withmax_length_of_city_field(Test_Orgnization.java:634)
at java.base/java.util.ArrayList.forEach(ArrayList.java:1511)
at java.base/java.util.concurrent.FutureTask.run(FutureTask.java:264)
at java.base/java.util.concurrent.ThreadPoolExecutor.runWorker(ThreadPoolExecutor.java:1136)
at java.base/java.util.concurrent.ThreadPoolExecutor$Worker.run(ThreadPoolExecutor.java:635)
at java.base/java.lang.Thread.run(Thread.java:833)
... Removed 19 stack frames]]>
    </failure>
  </testcase> <!-- Verify_that_an_organization_cannot_be_created_withmax_length_of_city_field -->
  <testcase classname="Test_Supervisor" name="Verify_the_maximum_and_minimum_length_of_the_full_name" time="0.0">
    <skipped/>
  </testcase> <!-- Verify_the_maximum_and_minimum_length_of_the_full_name -->
  <testcase classname="Test_Orgnization" name="Verify_that_an_organization_cannot_be_created_without_enter_city_field" time="20.444">
    <failure type="java.lang.AssertionError" message="The following asserts failed:
	An exception Expected condition failed: waiting for element to no longer be visible: By.cssSelector: .loader (tried for 20 second(s) with 500 milliseconds interval)">
      <![CDATA[java.lang.AssertionError: The following asserts failed:
An exception Expected condition failed: waiting for element to no longer be visible: By.cssSelector: .loader (tried for 20 second(s) with 500 milliseconds interval)
at Test_Orgnization.Verify_that_an_organization_cannot_be_created_without_enter_city_field(Test_Orgnization.java:676)
at java.base/java.util.ArrayList.forEach(ArrayList.java:1511)
at java.base/java.util.concurrent.FutureTask.run(FutureTask.java:264)
at java.base/java.util.concurrent.ThreadPoolExecutor.runWorker(ThreadPoolExecutor.java:1136)
at java.base/java.util.concurrent.ThreadPoolExecutor$Worker.run(ThreadPoolExecutor.java:635)
at java.base/java.lang.Thread.run(Thread.java:833)
... Removed 19 stack frames]]>
    </failure>
  </testcase> <!-- Verify_that_an_organization_cannot_be_created_without_enter_city_field -->
  <testcase classname="Test_Supervisor" name="Verify_the_maximum_and_minimum_length_of_the_mobile_number_for_each_country_code" time="0.0">
    <skipped/>
  </testcase> <!-- Verify_the_maximum_and_minimum_length_of_the_mobile_number_for_each_country_code -->
  <testcase classname="Test_Supervisor" name="Enter_an_email_without_a_domain_and_verify_that_an_error_message_is_displayed" time="0.0">
    <skipped/>
  </testcase> <!-- Enter_an_email_without_a_domain_and_verify_that_an_error_message_is_displayed -->
  <testcase classname="Test_Orgnization" name="Verify_that_an_organization_cannot_be_created_with_an_minimum_length_of_pincode" time="40.469">
    <failure type="java.lang.AssertionError" message="The following asserts failed:
	An exception Expected condition failed: waiting for element to no longer be visible: By.cssSelector: .loader (tried for 40 second(s) with 500 milliseconds interval)">
      <![CDATA[java.lang.AssertionError: The following asserts failed:
An exception Expected condition failed: waiting for element to no longer be visible: By.cssSelector: .loader (tried for 40 second(s) with 500 milliseconds interval)
at Test_Orgnization.Verify_that_an_organization_cannot_be_created_with_an_minimum_length_of_pincode(Test_Orgnization.java:718)
at java.base/java.util.ArrayList.forEach(ArrayList.java:1511)
at java.base/java.util.concurrent.FutureTask.run(FutureTask.java:264)
at java.base/java.util.concurrent.ThreadPoolExecutor.runWorker(ThreadPoolExecutor.java:1136)
at java.base/java.util.concurrent.ThreadPoolExecutor$Worker.run(ThreadPoolExecutor.java:635)
at java.base/java.lang.Thread.run(Thread.java:833)
... Removed 19 stack frames]]>
    </failure>
  </testcase> <!-- Verify_that_an_organization_cannot_be_created_with_an_minimum_length_of_pincode -->
  <testcase classname="Test_Orgnization" name="Verify_that_an_organization_cannot_be_created_with_an_max_length_of_pincode" time="20.504">
    <failure type="java.lang.AssertionError" message="The following asserts failed:
	An exception Expected condition failed: waiting for element to no longer be visible: By.cssSelector: .loader (tried for 20 second(s) with 500 milliseconds interval)">
      <![CDATA[java.lang.AssertionError: The following asserts failed:
An exception Expected condition failed: waiting for element to no longer be visible: By.cssSelector: .loader (tried for 20 second(s) with 500 milliseconds interval)
at Test_Orgnization.Verify_that_an_organization_cannot_be_created_with_an_max_length_of_pincode(Test_Orgnization.java:760)
at java.base/java.util.ArrayList.forEach(ArrayList.java:1511)
at java.base/java.util.concurrent.FutureTask.run(FutureTask.java:264)
at java.base/java.util.concurrent.ThreadPoolExecutor.runWorker(ThreadPoolExecutor.java:1136)
at java.base/java.util.concurrent.ThreadPoolExecutor$Worker.run(ThreadPoolExecutor.java:635)
at java.base/java.lang.Thread.run(Thread.java:833)
... Removed 19 stack frames]]>
    </failure>
  </testcase> <!-- Verify_that_an_organization_cannot_be_created_with_an_max_length_of_pincode -->
  <testcase classname="Test_Supervisor" name="Verify_to_check_and_click_on_next_page_button_of_supervisor" time="0.0">
    <skipped/>
  </testcase> <!-- Verify_to_check_and_click_on_next_page_button_of_supervisor -->
  <testcase classname="Test_Orgnization" name="Verify_that_an_organization_cannot_be_created_without__pincode" time="20.069">
    <failure type="java.lang.AssertionError" message="The following asserts failed:
	An exception Expected condition failed: waiting for element to no longer be visible: By.cssSelector: .loader (tried for 20 second(s) with 500 milliseconds interval)">
      <![CDATA[java.lang.AssertionError: The following asserts failed:
An exception Expected condition failed: waiting for element to no longer be visible: By.cssSelector: .loader (tried for 20 second(s) with 500 milliseconds interval)
at Test_Orgnization.Verify_that_an_organization_cannot_be_created_without__pincode(Test_Orgnization.java:802)
at java.base/java.util.ArrayList.forEach(ArrayList.java:1511)
at java.base/java.util.concurrent.FutureTask.run(FutureTask.java:264)
at java.base/java.util.concurrent.ThreadPoolExecutor.runWorker(ThreadPoolExecutor.java:1136)
at java.base/java.util.concurrent.ThreadPoolExecutor$Worker.run(ThreadPoolExecutor.java:635)
at java.base/java.lang.Thread.run(Thread.java:833)
... Removed 19 stack frames]]>
    </failure>
  </testcase> <!-- Verify_that_an_organization_cannot_be_created_without__pincode -->
  <testcase classname="Test_Supervisor" name="check_to_update_supervisor_without_select_orgnization_name" time="0.0">
    <skipped/>
  </testcase> <!-- check_to_update_supervisor_without_select_orgnization_name -->
  <testcase classname="Test_Orgnization" name="Verify_that_an_organization_cannot_be_created_with_max_length_of_state" time="20.517">
    <failure type="java.lang.AssertionError" message="The following asserts failed:
	An exception Expected condition failed: waiting for element to no longer be visible: By.cssSelector: .loader (tried for 20 second(s) with 500 milliseconds interval)">
      <![CDATA[java.lang.AssertionError: The following asserts failed:
An exception Expected condition failed: waiting for element to no longer be visible: By.cssSelector: .loader (tried for 20 second(s) with 500 milliseconds interval)
at Test_Orgnization.Verify_that_an_organization_cannot_be_created_with_max_length_of_state(Test_Orgnization.java:844)
at java.base/java.util.ArrayList.forEach(ArrayList.java:1511)
at java.base/java.util.concurrent.FutureTask.run(FutureTask.java:264)
at java.base/java.util.concurrent.ThreadPoolExecutor.runWorker(ThreadPoolExecutor.java:1136)
at java.base/java.util.concurrent.ThreadPoolExecutor$Worker.run(ThreadPoolExecutor.java:635)
at java.base/java.lang.Thread.run(Thread.java:833)
... Removed 19 stack frames]]>
    </failure>
  </testcase> <!-- Verify_that_an_organization_cannot_be_created_with_max_length_of_state -->
  <testcase classname="Test_Supervisor" name="check_and_update_superviaor_without_using_attherate" time="0.001">
    <skipped/>
  </testcase> <!-- check_and_update_superviaor_without_using_attherate -->
  <testcase classname="Test_Orgnization" name="Verify_that_an_organization_cannot_be_created_with_using_undercurse_and_attherate_in_state" time="20.501">
    <failure type="java.lang.AssertionError" message="The following asserts failed:
	An exception Expected condition failed: waiting for element to no longer be visible: By.cssSelector: .loader (tried for 20 second(s) with 500 milliseconds interval)">
      <![CDATA[java.lang.AssertionError: The following asserts failed:
An exception Expected condition failed: waiting for element to no longer be visible: By.cssSelector: .loader (tried for 20 second(s) with 500 milliseconds interval)
at Test_Orgnization.Verify_that_an_organization_cannot_be_created_with_using_undercurse_and_attherate_in_state(Test_Orgnization.java:886)
at java.base/java.util.ArrayList.forEach(ArrayList.java:1511)
at java.base/java.util.concurrent.FutureTask.run(FutureTask.java:264)
at java.base/java.util.concurrent.ThreadPoolExecutor.runWorker(ThreadPoolExecutor.java:1136)
at java.base/java.util.concurrent.ThreadPoolExecutor$Worker.run(ThreadPoolExecutor.java:635)
at java.base/java.lang.Thread.run(Thread.java:833)
... Removed 19 stack frames]]>
    </failure>
  </testcase> <!-- Verify_that_an_organization_cannot_be_created_with_using_undercurse_and_attherate_in_state -->
  <testcase classname="Test_Supervisor" name="check_to_update_supervisor_without_enter_mandatory_field" time="0.0">
    <skipped/>
  </testcase> <!-- check_to_update_supervisor_without_enter_mandatory_field -->
  <testcase classname="Test_Orgnization" name="Verify_that_an_organization_cannot_be_created_without_enter_state" time="20.483">
    <failure type="java.lang.AssertionError" message="The following asserts failed:
	An exception Expected condition failed: waiting for element to no longer be visible: By.cssSelector: .loader (tried for 20 second(s) with 500 milliseconds interval)">
      <![CDATA[java.lang.AssertionError: The following asserts failed:
An exception Expected condition failed: waiting for element to no longer be visible: By.cssSelector: .loader (tried for 20 second(s) with 500 milliseconds interval)
at Test_Orgnization.Verify_that_an_organization_cannot_be_created_without_enter_state(Test_Orgnization.java:928)
at java.base/java.util.ArrayList.forEach(ArrayList.java:1511)
at java.base/java.util.concurrent.FutureTask.run(FutureTask.java:264)
at java.base/java.util.concurrent.ThreadPoolExecutor.runWorker(ThreadPoolExecutor.java:1136)
at java.base/java.util.concurrent.ThreadPoolExecutor$Worker.run(ThreadPoolExecutor.java:635)
at java.base/java.lang.Thread.run(Thread.java:833)
... Removed 19 stack frames]]>
    </failure>
  </testcase> <!-- Verify_that_an_organization_cannot_be_created_without_enter_state -->
  <testcase classname="Test_Supervisor" name="Verify_to_update_supervisor_with_max_char_in_full_name_field" time="0.0">
    <skipped/>
  </testcase> <!-- Verify_to_update_supervisor_with_max_char_in_full_name_field -->
  <testcase classname="Test_Orgnization" name="Verify_that_an_organization_cannot_be_created_without_selecting_refresh_time" time="20.507">
    <failure type="java.lang.AssertionError" message="The following asserts failed:
	An exception Expected condition failed: waiting for element to no longer be visible: By.cssSelector: .loader (tried for 20 second(s) with 500 milliseconds interval)">
      <![CDATA[java.lang.AssertionError: The following asserts failed:
An exception Expected condition failed: waiting for element to no longer be visible: By.cssSelector: .loader (tried for 20 second(s) with 500 milliseconds interval)
at Test_Orgnization.Verify_that_an_organization_cannot_be_created_without_selecting_refresh_time(Test_Orgnization.java:970)
at java.base/java.util.ArrayList.forEach(ArrayList.java:1511)
at java.base/java.util.concurrent.FutureTask.run(FutureTask.java:264)
at java.base/java.util.concurrent.ThreadPoolExecutor.runWorker(ThreadPoolExecutor.java:1136)
at java.base/java.util.concurrent.ThreadPoolExecutor$Worker.run(ThreadPoolExecutor.java:635)
at java.base/java.lang.Thread.run(Thread.java:833)
... Removed 19 stack frames]]>
    </failure>
  </testcase> <!-- Verify_that_an_organization_cannot_be_created_without_selecting_refresh_time -->
  <testcase classname="Test_Supervisor" name="Verify_to_update_superviosr_with_invalid_number" time="0.0">
    <skipped/>
  </testcase> <!-- Verify_to_update_superviosr_with_invalid_number -->
  <testcase classname="Test_Orgnization" name="Verify_that_an_organization_cannot_be_created_with_a_name_that_already_exists" time="20.353">
    <failure type="java.lang.AssertionError" message="The following asserts failed:
	An exception Expected condition failed: waiting for element to no longer be visible: By.cssSelector: .loader (tried for 20 second(s) with 500 milliseconds interval)">
      <![CDATA[java.lang.AssertionError: The following asserts failed:
An exception Expected condition failed: waiting for element to no longer be visible: By.cssSelector: .loader (tried for 20 second(s) with 500 milliseconds interval)
at Test_Orgnization.Verify_that_an_organization_cannot_be_created_with_a_name_that_already_exists(Test_Orgnization.java:1012)
at java.base/java.util.ArrayList.forEach(ArrayList.java:1511)
at java.base/java.util.concurrent.FutureTask.run(FutureTask.java:264)
at java.base/java.util.concurrent.ThreadPoolExecutor.runWorker(ThreadPoolExecutor.java:1136)
at java.base/java.util.concurrent.ThreadPoolExecutor$Worker.run(ThreadPoolExecutor.java:635)
at java.base/java.lang.Thread.run(Thread.java:833)
... Removed 19 stack frames]]>
    </failure>
  </testcase> <!-- Verify_that_an_organization_cannot_be_created_with_a_name_that_already_exists -->
  <testcase classname="Test_Supervisor" name="Verify_to_check_createsupervisor_that_are_already_exist" time="0.0">
    <skipped/>
  </testcase> <!-- Verify_to_check_createsupervisor_that_are_already_exist -->
  <testcase classname="Test_Orgnization" name="Verify_that_an_organization_cannot_be_created_with_a_numeric_city_name" time="20.444">
    <failure type="java.lang.AssertionError" message="The following asserts failed:
	An exception Expected condition failed: waiting for element to no longer be visible: By.cssSelector: .loader (tried for 20 second(s) with 500 milliseconds interval)">
      <![CDATA[java.lang.AssertionError: The following asserts failed:
An exception Expected condition failed: waiting for element to no longer be visible: By.cssSelector: .loader (tried for 20 second(s) with 500 milliseconds interval)
at Test_Orgnization.Verify_that_an_organization_cannot_be_created_with_a_numeric_city_name(Test_Orgnization.java:1054)
at java.base/java.util.ArrayList.forEach(ArrayList.java:1511)
at java.base/java.util.concurrent.FutureTask.run(FutureTask.java:264)
at java.base/java.util.concurrent.ThreadPoolExecutor.runWorker(ThreadPoolExecutor.java:1136)
at java.base/java.util.concurrent.ThreadPoolExecutor$Worker.run(ThreadPoolExecutor.java:635)
at java.base/java.lang.Thread.run(Thread.java:833)
... Removed 19 stack frames]]>
    </failure>
  </testcase> <!-- Verify_that_an_organization_cannot_be_created_with_a_numeric_city_name -->
  <testcase classname="Test_Supervisor" name="Verify_to_check_sr_no_column_is_present_in_supervisor_page" time="0.0">
    <skipped/>
  </testcase> <!-- Verify_to_check_sr_no_column_is_present_in_supervisor_page -->
  <testcase classname="Test_Orgnization" name="Ensure_that_the_organization_is_successfully_updated_with_valid_inputs_for_organization_name_GST_number_address" time="20.413">
    <failure type="java.lang.AssertionError" message="The following asserts failed:
	An exception Expected condition failed: waiting for element to no longer be visible: By.cssSelector: .loader (tried for 20 second(s) with 500 milliseconds interval)">
      <![CDATA[java.lang.AssertionError: The following asserts failed:
An exception Expected condition failed: waiting for element to no longer be visible: By.cssSelector: .loader (tried for 20 second(s) with 500 milliseconds interval)
at Test_Orgnization.Ensure_that_the_organization_is_successfully_updated_with_valid_inputs_for_organization_name_GST_number_address(Test_Orgnization.java:1083)
at java.base/java.util.ArrayList.forEach(ArrayList.java:1511)
at java.base/java.util.concurrent.FutureTask.run(FutureTask.java:264)
at java.base/java.util.concurrent.ThreadPoolExecutor.runWorker(ThreadPoolExecutor.java:1136)
at java.base/java.util.concurrent.ThreadPoolExecutor$Worker.run(ThreadPoolExecutor.java:635)
at java.base/java.lang.Thread.run(Thread.java:833)
... Removed 19 stack frames]]>
    </failure>
  </testcase> <!-- Ensure_that_the_organization_is_successfully_updated_with_valid_inputs_for_organization_name_GST_number_address -->
  <testcase classname="Test_Supervisor" name="Verify_to_check_supervisor_name_column_is_present_in_supervisor_page" time="0.0">
    <skipped/>
  </testcase> <!-- Verify_to_check_supervisor_name_column_is_present_in_supervisor_page -->
  <testcase classname="Test_Orgnization" name="Ensure_that_the_organization_update_fails_when_the_organization_name_is_missing" time="20.382">
    <failure type="java.lang.AssertionError" message="The following asserts failed:
	An exception Expected condition failed: waiting for element to no longer be visible: By.cssSelector: .loader (tried for 20 second(s) with 500 milliseconds interval)">
      <![CDATA[java.lang.AssertionError: The following asserts failed:
An exception Expected condition failed: waiting for element to no longer be visible: By.cssSelector: .loader (tried for 20 second(s) with 500 milliseconds interval)
at Test_Orgnization.Ensure_that_the_organization_update_fails_when_the_organization_name_is_missing(Test_Orgnization.java:1114)
at java.base/java.util.ArrayList.forEach(ArrayList.java:1511)
at java.base/java.util.concurrent.FutureTask.run(FutureTask.java:264)
at java.base/java.util.concurrent.ThreadPoolExecutor.runWorker(ThreadPoolExecutor.java:1136)
at java.base/java.util.concurrent.ThreadPoolExecutor$Worker.run(ThreadPoolExecutor.java:635)
at java.base/java.lang.Thread.run(Thread.java:833)
... Removed 19 stack frames]]>
    </failure>
  </testcase> <!-- Ensure_that_the_organization_update_fails_when_the_organization_name_is_missing -->
  <testcase classname="Test_Supervisor" name="Verify_to_check_Email_column_is_present_in_supervisor_page" time="0.0">
    <skipped/>
  </testcase> <!-- Verify_to_check_Email_column_is_present_in_supervisor_page -->
  <testcase classname="Test_Orgnization" name="Ensure_that_the_organization_update_fails_when_enter_special_char_in_orgname_field" time="20.401">
    <failure type="java.lang.AssertionError" message="The following asserts failed:
	An exception Expected condition failed: waiting for element to no longer be visible: By.cssSelector: .loader (tried for 20 second(s) with 500 milliseconds interval)">
      <![CDATA[java.lang.AssertionError: The following asserts failed:
An exception Expected condition failed: waiting for element to no longer be visible: By.cssSelector: .loader (tried for 20 second(s) with 500 milliseconds interval)
at Test_Orgnization.Ensure_that_the_organization_update_fails_when_enter_special_char_in_orgname_field(Test_Orgnization.java:1146)
at java.base/java.util.ArrayList.forEach(ArrayList.java:1511)
at java.base/java.util.concurrent.FutureTask.run(FutureTask.java:264)
at java.base/java.util.concurrent.ThreadPoolExecutor.runWorker(ThreadPoolExecutor.java:1136)
at java.base/java.util.concurrent.ThreadPoolExecutor$Worker.run(ThreadPoolExecutor.java:635)
at java.base/java.lang.Thread.run(Thread.java:833)
... Removed 19 stack frames]]>
    </failure>
  </testcase> <!-- Ensure_that_the_organization_update_fails_when_enter_special_char_in_orgname_field -->
  <testcase classname="Test_Supervisor" name="Verify_to_check_mobile_number_column_is_present_in_supervisor_page" time="0.0">
    <skipped/>
  </testcase> <!-- Verify_to_check_mobile_number_column_is_present_in_supervisor_page -->
  <testcase classname="Test_Orgnization" name="Ensure_that_the_organization_update_fails_when_enter_min_length_of_orgname_field" time="20.508">
    <failure type="java.lang.AssertionError" message="The following asserts failed:
	An exception Expected condition failed: waiting for element to no longer be visible: By.cssSelector: .loader (tried for 20 second(s) with 500 milliseconds interval)">
      <![CDATA[java.lang.AssertionError: The following asserts failed:
An exception Expected condition failed: waiting for element to no longer be visible: By.cssSelector: .loader (tried for 20 second(s) with 500 milliseconds interval)
at Test_Orgnization.Ensure_that_the_organization_update_fails_when_enter_min_length_of_orgname_field(Test_Orgnization.java:1178)
at java.base/java.util.ArrayList.forEach(ArrayList.java:1511)
at java.base/java.util.concurrent.FutureTask.run(FutureTask.java:264)
at java.base/java.util.concurrent.ThreadPoolExecutor.runWorker(ThreadPoolExecutor.java:1136)
at java.base/java.util.concurrent.ThreadPoolExecutor$Worker.run(ThreadPoolExecutor.java:635)
at java.base/java.lang.Thread.run(Thread.java:833)
... Removed 19 stack frames]]>
    </failure>
  </testcase> <!-- Ensure_that_the_organization_update_fails_when_enter_min_length_of_orgname_field -->
  <testcase classname="Test_Supervisor" name="Verify_to_check_orgnizationname_column_is_present_in_supervisor_page" time="0.0">
    <skipped/>
  </testcase> <!-- Verify_to_check_orgnizationname_column_is_present_in_supervisor_page -->
  <testcase classname="Test_Orgnization" name="Ensure_that_the_organization_update_fails_when_enter_max_length_of_orgname_field" time="20.471">
    <failure type="java.lang.AssertionError" message="The following asserts failed:
	An exception Expected condition failed: waiting for element to no longer be visible: By.cssSelector: .loader (tried for 20 second(s) with 500 milliseconds interval)">
      <![CDATA[java.lang.AssertionError: The following asserts failed:
An exception Expected condition failed: waiting for element to no longer be visible: By.cssSelector: .loader (tried for 20 second(s) with 500 milliseconds interval)
at Test_Orgnization.Ensure_that_the_organization_update_fails_when_enter_max_length_of_orgname_field(Test_Orgnization.java:1210)
at java.base/java.util.ArrayList.forEach(ArrayList.java:1511)
at java.base/java.util.concurrent.FutureTask.run(FutureTask.java:264)
at java.base/java.util.concurrent.ThreadPoolExecutor.runWorker(ThreadPoolExecutor.java:1136)
at java.base/java.util.concurrent.ThreadPoolExecutor$Worker.run(ThreadPoolExecutor.java:635)
at java.base/java.lang.Thread.run(Thread.java:833)
... Removed 19 stack frames]]>
    </failure>
  </testcase> <!-- Ensure_that_the_organization_update_fails_when_enter_max_length_of_orgname_field -->
  <testcase classname="Test_Supervisor" name="Verify_to_check_action_column_is_present_in_supervisor_page" time="0.0">
    <skipped/>
  </testcase> <!-- Verify_to_check_action_column_is_present_in_supervisor_page -->
  <testcase classname="Test_Orgnization" name="Ensure_that_the_organization_update_fails_when_enter_special_char_in_GSTnumberfield" time="20.469">
    <failure type="java.lang.AssertionError" message="The following asserts failed:
	An exception Expected condition failed: waiting for element to no longer be visible: By.cssSelector: .loader (tried for 20 second(s) with 500 milliseconds interval)">
      <![CDATA[java.lang.AssertionError: The following asserts failed:
An exception Expected condition failed: waiting for element to no longer be visible: By.cssSelector: .loader (tried for 20 second(s) with 500 milliseconds interval)
at Test_Orgnization.Ensure_that_the_organization_update_fails_when_enter_special_char_in_GSTnumberfield(Test_Orgnization.java:1242)
at java.base/java.util.ArrayList.forEach(ArrayList.java:1511)
at java.base/java.util.concurrent.FutureTask.run(FutureTask.java:264)
at java.base/java.util.concurrent.ThreadPoolExecutor.runWorker(ThreadPoolExecutor.java:1136)
at java.base/java.util.concurrent.ThreadPoolExecutor$Worker.run(ThreadPoolExecutor.java:635)
at java.base/java.lang.Thread.run(Thread.java:833)
... Removed 19 stack frames]]>
    </failure>
  </testcase> <!-- Ensure_that_the_organization_update_fails_when_enter_special_char_in_GSTnumberfield -->
  <testcase classname="Test_Supervisor" name="Verify_to_check_click_on_previous_page_button_of_supervisor_page" time="0.0">
    <skipped/>
  </testcase> <!-- Verify_to_check_click_on_previous_page_button_of_supervisor_page -->
  <testcase classname="Test_Orgnization" name="Ensure_that_the_organization_update_fails_when_enter_invalidGSTnumberfield" time="20.394">
    <failure type="java.lang.AssertionError" message="The following asserts failed:
	An exception Expected condition failed: waiting for element to no longer be visible: By.cssSelector: .loader (tried for 20 second(s) with 500 milliseconds interval)">
      <![CDATA[java.lang.AssertionError: The following asserts failed:
An exception Expected condition failed: waiting for element to no longer be visible: By.cssSelector: .loader (tried for 20 second(s) with 500 milliseconds interval)
at Test_Orgnization.Ensure_that_the_organization_update_fails_when_enter_invalidGSTnumberfield(Test_Orgnization.java:1274)
at java.base/java.util.ArrayList.forEach(ArrayList.java:1511)
at java.base/java.util.concurrent.FutureTask.run(FutureTask.java:264)
at java.base/java.util.concurrent.ThreadPoolExecutor.runWorker(ThreadPoolExecutor.java:1136)
at java.base/java.util.concurrent.ThreadPoolExecutor$Worker.run(ThreadPoolExecutor.java:635)
at java.base/java.lang.Thread.run(Thread.java:833)
... Removed 19 stack frames]]>
    </failure>
  </testcase> <!-- Ensure_that_the_organization_update_fails_when_enter_invalidGSTnumberfield -->
  <testcase classname="Test_Supervisor" name="Verify_that_to_select_orgnization_from_filter_and_see_supervisor" time="0.0">
    <skipped/>
  </testcase> <!-- Verify_that_to_select_orgnization_from_filter_and_see_supervisor -->
  <testcase classname="Test_Orgnization" name="Ensure_that_the_organization_update_fails_without_enter_GSTnumberfield" time="20.439">
    <failure type="java.lang.AssertionError" message="The following asserts failed:
	An exception Expected condition failed: waiting for element to no longer be visible: By.cssSelector: .loader (tried for 20 second(s) with 500 milliseconds interval)">
      <![CDATA[java.lang.AssertionError: The following asserts failed:
An exception Expected condition failed: waiting for element to no longer be visible: By.cssSelector: .loader (tried for 20 second(s) with 500 milliseconds interval)
at Test_Orgnization.Ensure_that_the_organization_update_fails_without_enter_GSTnumberfield(Test_Orgnization.java:1306)
at java.base/java.util.ArrayList.forEach(ArrayList.java:1511)
at java.base/java.util.concurrent.FutureTask.run(FutureTask.java:264)
at java.base/java.util.concurrent.ThreadPoolExecutor.runWorker(ThreadPoolExecutor.java:1136)
at java.base/java.util.concurrent.ThreadPoolExecutor$Worker.run(ThreadPoolExecutor.java:635)
at java.base/java.lang.Thread.run(Thread.java:833)
... Removed 19 stack frames]]>
    </failure>
  </testcase> <!-- Ensure_that_the_organization_update_fails_without_enter_GSTnumberfield -->
  <testcase classname="Test_Supervisor" name="Verify_that_search_and_select_orgnization_from_filter_and_see_supervisor" time="0.0">
    <skipped/>
  </testcase> <!-- Verify_that_search_and_select_orgnization_from_filter_and_see_supervisor -->
  <testcase classname="Test_Supervisor" name="Verify_that_search_the_orgnization_that_are_not_present_in_list_box_and_see_valid_error_message" time="0.0">
    <skipped/>
  </testcase> <!-- Verify_that_search_the_orgnization_that_are_not_present_in_list_box_and_see_valid_error_message -->
  <testcase classname="Test_Orgnization" name="verify_to_create_orgnization_with_all_valid_data_of_orgnization" time="20.398">
    <failure type="java.lang.AssertionError" message="The following asserts failed:
	An exception Expected condition failed: waiting for element to no longer be visible: By.cssSelector: .loader (tried for 20 second(s) with 500 milliseconds interval)">
      <![CDATA[java.lang.AssertionError: The following asserts failed:
An exception Expected condition failed: waiting for element to no longer be visible: By.cssSelector: .loader (tried for 20 second(s) with 500 milliseconds interval)
at Test_Orgnization.verify_to_create_orgnization_with_all_valid_data_of_orgnization(Test_Orgnization.java:130)
at java.base/java.util.ArrayList.forEach(ArrayList.java:1511)
at java.base/java.util.concurrent.FutureTask.run(FutureTask.java:264)
at java.base/java.util.concurrent.ThreadPoolExecutor.runWorker(ThreadPoolExecutor.java:1136)
at java.base/java.util.concurrent.ThreadPoolExecutor$Worker.run(ThreadPoolExecutor.java:635)
at java.base/java.lang.Thread.run(Thread.java:833)
... Removed 19 stack frames]]>
    </failure>
  </testcase> <!-- verify_to_create_orgnization_with_all_valid_data_of_orgnization -->
  <testcase classname="Test_Supervisor" name="Create_Supervisor_with_valid_email" time="0.0">
    <skipped/>
  </testcase> <!-- Create_Supervisor_with_valid_email -->
  <testcase classname="Test_Supervisor" name="Verify_that_click_on_tipco_Logo_from_supervisor_page_and_redirect_on_dashborad" time="0.0">
    <skipped/>
  </testcase> <!-- Verify_that_click_on_tipco_Logo_from_supervisor_page_and_redirect_on_dashborad -->
</testsuite> <!-- Chrome Tests -->
