<?xml version="1.0" encoding="UTF-8"?>
<!-- Generated by org.testng.reporters.JUnitReportReporter -->
<testsuite hostname="DESKTOP-SPJ27N6" failures="1" tests="30" name="Device_update_from_supervisor" time="833.816" errors="0" timestamp="2024-11-21T19:00:05 IST" skipped="0">
  <testcase classname="Device_update_from_supervisor" name="verify_that_to_update_device_and_enter_min_length_of_device_ID" time="3.180">
    <failure message="The following asserts failed:
	Exception: element click intercepted: Element &lt;div class=&quot;img-box &quot; id=&quot;toggle-id&quot;&gt;...&lt;/div&gt; is not clickable at point (1442, 57). Other element would receive the click: &lt;div class=&quot;loader&quot;&gt;...&lt;/div&gt;
  (Session info: chrome=131.0.6778.71)
Build info: version: &#039;4.12.1&#039;, revision: &#039;8e34639b11&#039;
System info: os.name: &#039;Windows 11&#039;, os.arch: &#039;amd64&#039;, os.version: &#039;10.0&#039;, java.version: &#039;17.0.8.1&#039;
Driver info: org.openqa.selenium.chrome.ChromeDriver
Command: [2e7d3fc272c55bc6e576b39b769b8bbb, clickElement {id=f.6D0778C84E4E54A963CF52A6942FC15D.d.C68A5E36C566188C5C791AD861453E63.e.3271}]
Capabilities {acceptInsecureCerts: false, browserName: chrome, browserVersion: 131.0.6778.71, chrome: {chromedriverVersion: 131.0.6778.85 (3d81e41b6f3a..., userDataDir: C:\Users\EXTERN~1\AppData\L...}, fedcm:accounts: true, goog:chromeOptions: {debuggerAddress: localhost:51076}, networkConnectionEnabled: false, pageLoadStrategy: normal, platformName: windows, proxy: Proxy(), se:cdp: ws://localhost:51076/devtoo..., se:cdpVersion: 131.0.6778.71, setWindowRect: true, strictFileInteractability: false, timeouts: {implicit: 0, pageLoad: 300000, script: 30000}, unhandledPromptBehavior: dismiss and notify, webauthn:extension:credBlob: true, webauthn:extension:largeBlob: true, webauthn:extension:minPinLength: true, webauthn:extension:prf: true, webauthn:virtualAuthenticators: true}
Element: [[ChromeDriver: chrome on windows (2e7d3fc272c55bc6e576b39b769b8bbb)] -&gt; xpath: //div[@id=&#039;toggle-id&#039;]]
Session ID: 2e7d3fc272c55bc6e576b39b769b8bbb" type="java.lang.AssertionError">
      <![CDATA[java.lang.AssertionError: The following asserts failed:
Exception: element click intercepted: Element <div class="img-box " id="toggle-id">...</div> is not clickable at point (1442, 57). Other element would receive the click: <div class="loader">...</div>
  (Session info: chrome=131.0.6778.71)
Build info: version: '4.12.1', revision: '8e34639b11'
System info: os.name: 'Windows 11', os.arch: 'amd64', os.version: '10.0', java.version: '17.0.8.1'
Driver info: org.openqa.selenium.chrome.ChromeDriver
Command: [2e7d3fc272c55bc6e576b39b769b8bbb, clickElement {id=f.6D0778C84E4E54A963CF52A6942FC15D.d.C68A5E36C566188C5C791AD861453E63.e.3271}]
Capabilities {acceptInsecureCerts: false, browserName: chrome, browserVersion: 131.0.6778.71, chrome: {chromedriverVersion: 131.0.6778.85 (3d81e41b6f3a..., userDataDir: C:\Users\EXTERN~1\AppData\L...}, fedcm:accounts: true, goog:chromeOptions: {debuggerAddress: localhost:51076}, networkConnectionEnabled: false, pageLoadStrategy: normal, platformName: windows, proxy: Proxy(), se:cdp: ws://localhost:51076/devtoo..., se:cdpVersion: 131.0.6778.71, setWindowRect: true, strictFileInteractability: false, timeouts: {implicit: 0, pageLoad: 300000, script: 30000}, unhandledPromptBehavior: dismiss and notify, webauthn:extension:credBlob: true, webauthn:extension:largeBlob: true, webauthn:extension:minPinLength: true, webauthn:extension:prf: true, webauthn:virtualAuthenticators: true}
Element: [[ChromeDriver: chrome on windows (2e7d3fc272c55bc6e576b39b769b8bbb)] -> xpath: //div[@id='toggle-id']]
Session ID: 2e7d3fc272c55bc6e576b39b769b8bbb
at org.testng.asserts.SoftAssert.assertAll(SoftAssert.java:46)
at org.testng.asserts.SoftAssert.assertAll(SoftAssert.java:30)
at Device_update_from_supervisor.verify_that_to_update_device_and_enter_min_length_of_device_ID(Device_update_from_supervisor.java:64)
at java.base/jdk.internal.reflect.NativeMethodAccessorImpl.invoke0(Native Method)
at java.base/jdk.internal.reflect.NativeMethodAccessorImpl.invoke(NativeMethodAccessorImpl.java:77)
at java.base/jdk.internal.reflect.DelegatingMethodAccessorImpl.invoke(DelegatingMethodAccessorImpl.java:43)
at java.base/java.lang.reflect.Method.invoke(Method.java:568)
at org.testng.internal.invokers.MethodInvocationHelper.invokeMethod(MethodInvocationHelper.java:139)
at org.testng.internal.invokers.TestInvoker.invokeMethod(TestInvoker.java:664)
at org.testng.internal.invokers.TestInvoker.invokeTestMethod(TestInvoker.java:227)
at org.testng.internal.invokers.MethodRunner.runInSequence(MethodRunner.java:50)
at org.testng.internal.invokers.TestInvoker$MethodInvocationAgent.invoke(TestInvoker.java:957)
at org.testng.internal.invokers.TestInvoker.invokeTestMethods(TestInvoker.java:200)
at org.testng.internal.invokers.TestMethodWorker.invokeTestMethods(TestMethodWorker.java:148)
at org.testng.internal.invokers.TestMethodWorker.run(TestMethodWorker.java:128)
at java.base/java.util.ArrayList.forEach(ArrayList.java:1511)
at org.testng.TestRunner.privateRun(TestRunner.java:848)
at org.testng.TestRunner.run(TestRunner.java:621)
at org.testng.SuiteRunner.runTest(SuiteRunner.java:443)
at org.testng.SuiteRunner.runSequentially(SuiteRunner.java:437)
at org.testng.SuiteRunner.privateRun(SuiteRunner.java:397)
at org.testng.SuiteRunner.run(SuiteRunner.java:336)
at org.testng.SuiteRunnerWorker.runSuite(SuiteRunnerWorker.java:52)
at org.testng.SuiteRunnerWorker.run(SuiteRunnerWorker.java:95)
at org.testng.TestNG.runSuitesSequentially(TestNG.java:1280)
at org.testng.TestNG.runSuitesLocally(TestNG.java:1200)
at org.testng.TestNG.runSuites(TestNG.java:1114)
at org.testng.TestNG.run(TestNG.java:1082)
at org.testng.remote.AbstractRemoteTestNG.run(AbstractRemoteTestNG.java:115)
at org.testng.remote.RemoteTestNG.initAndRun(RemoteTestNG.java:251)
at org.testng.remote.RemoteTestNG.main(RemoteTestNG.java:77)
]]>
    </failure>
  </testcase> <!-- verify_that_to_update_device_and_enter_min_length_of_device_ID -->
  <testcase classname="Device_update_from_supervisor" name="verify_that_to_update_device_and_enter_max_length_of_device_ID" time="27.023"/>
  <testcase classname="Device_update_from_supervisor" name="verify_that_to_update_device_and_take_deviceId_field_blank" time="28.945"/>
  <testcase classname="Device_update_from_supervisor" name="verify_that_to_update_device_and_enter_temp1_below_the_range" time="30.502"/>
  <testcase classname="Device_update_from_supervisor" name="verify_that_to_update_device_and_enter_maxtemp1_above_the_range" time="29.411"/>
  <testcase classname="Device_update_from_supervisor" name="verify_that_to_update_device_and_enter_alphabet_in_maxtemp1_field" time="26.467"/>
  <testcase classname="Device_update_from_supervisor" name="verify_that_to_update_device_without_enter_temp1" time="24.370"/>
  <testcase classname="Device_update_from_supervisor" name="verify_that_to_update_device_with_enter_special_char_in_temp1_field" time="26.392"/>
  <testcase classname="Device_update_from_supervisor" name="verify_that_to_update_device_with_enter_maxtemp2_below_the_range" time="26.299"/>
  <testcase classname="Device_update_from_supervisor" name="verify_that_to_update_device_with_enter_maxtemp2_above_the_range" time="26.628"/>
  <testcase classname="Device_update_from_supervisor" name="verify_that_to_update_device_with_enter_alphabet_in_temp2_field" time="26.741"/>
  <testcase classname="Device_update_from_supervisor" name="verify_that_to_update_device_without_enter_temp2_field" time="26.593"/>
  <testcase classname="Device_update_from_supervisor" name="verify_that_to_update_device_with_enter_special_char_in_temp2_field" time="23.747"/>
  <testcase classname="Device_update_from_supervisor" name="verify_that_to_update_device_with_maxtemp3_below_the_range" time="31.932"/>
  <testcase classname="Device_update_from_supervisor" name="verify_that_to_update_device_with_maxtemp3_above_the_range" time="24.766"/>
  <testcase classname="Device_update_from_supervisor" name="verify_that_to_update_device_with_enter_alphabet_in_maxtemp3_field" time="28.886"/>
  <testcase classname="Device_update_from_supervisor" name="verify_that_to_update_device_without_enter_maxtemp3" time="27.495"/>
  <testcase classname="Device_update_from_supervisor" name="verify_that_to_update_device_maxtemp3_with_special_char" time="31.943"/>
  <testcase classname="Device_update_from_supervisor" name="verify_that_to_update_device_with_below_range_of_the_maxpresser" time="27.746"/>
  <testcase classname="Device_update_from_supervisor" name="verify_that_to_update_device_with_above_range_of_the_maxpresser" time="41.162"/>
  <testcase classname="Device_update_from_supervisor" name="verify_that_to_update_device_with_enter_alphabet_in_maxtpresser_field" time="49.107"/>
  <testcase classname="Device_update_from_supervisor" name="verify_that_to_update_device_with0ut_enter_maxtpresser_field" time="29.913"/>
  <testcase classname="Device_update_from_supervisor" name="verify_that_to_update_device_with_enter_specialchar_in_maxtpresser_field" time="27.685"/>
  <testcase classname="Device_update_from_supervisor" name="verify_that_to_update_device_with_below_range_of_the_vibration" time="35.259"/>
  <testcase classname="Device_update_from_supervisor" name="verify_that_to_update_device_with_above_range_of_the_vibration" time="28.776"/>
  <testcase classname="Device_update_from_supervisor" name="verify_that_to_update_device_with_enter_alphabet_in_maxvibration_field" time="30.166"/>
  <testcase classname="Device_update_from_supervisor" name="verify_that_to_update_device_without_enter_maxvibration_field" time="27.652"/>
  <testcase classname="Device_update_from_supervisor" name="verify_that_to_update_device_with_enter_specialchar_in_maxvibration_field" time="27.536"/>
  <testcase classname="Device_update_from_supervisor" name="verify_that_to_clickon_update_device_and_click_on_cross_button_of_the_popup" time="16.863"/>
  <testcase classname="Device_update_from_supervisor" name="verify_to_check_clickon_update_device_and_check_the_text_ofthe_page" time="20.631"/>
</testsuite> <!-- Device_update_from_supervisor -->
