<?xml version="1.0" encoding="UTF-8"?>
<!-- Generated by org.testng.reporters.JUnitReportReporter -->
<testsuite hostname="DESKTOP-SPJ27N6" failures="0" tests="20" name="Edit_profile_from_supervisor" time="6.954" errors="1" timestamp="2024-12-17T15:10:42 IST" skipped="19">
  <testcase classname="Edit_profile_from_supervisor" name="initializebrowser" time="6.954">
    <error message="no such window: target window already closed
from unknown error: web view not found
  (Session info: chrome=131.0.6778.140)
Build info: version: &#039;4.12.1&#039;, revision: &#039;8e34639b11&#039;
System info: os.name: &#039;Windows 11&#039;, os.arch: &#039;amd64&#039;, os.version: &#039;10.0&#039;, java.version: &#039;17.0.8.1&#039;
Driver info: org.openqa.selenium.chrome.ChromeDriver
Command: [eb05b9de22122584b8f5ea1899b12a5a, findElement {using=xpath, value=//input[@name=&#039;email&#039;]}]
Capabilities {acceptInsecureCerts: false, browserName: chrome, browserVersion: 131.0.6778.140, chrome: {chromedriverVersion: 131.0.6778.108 (3b014839fbc..., userDataDir: C:\Users\EXTERN~1\AppData\L...}, fedcm:accounts: true, goog:chromeOptions: {debuggerAddress: localhost:55307}, networkConnectionEnabled: false, pageLoadStrategy: normal, platformName: windows, proxy: Proxy(), se:cdp: ws://localhost:55307/devtoo..., se:cdpVersion: 131.0.6778.140, setWindowRect: true, strictFileInteractability: false, timeouts: {implicit: 0, pageLoad: 300000, script: 30000}, unhandledPromptBehavior: dismiss and notify, webauthn:extension:credBlob: true, webauthn:extension:largeBlob: true, webauthn:extension:minPinLength: true, webauthn:extension:prf: true, webauthn:virtualAuthenticators: true}
Session ID: eb05b9de22122584b8f5ea1899b12a5a" type="org.openqa.selenium.NoSuchWindowException">
      <![CDATA[org.openqa.selenium.NoSuchWindowException: no such window: target window already closed
from unknown error: web view not found
  (Session info: chrome=131.0.6778.140)
Build info: version: '4.12.1', revision: '8e34639b11'
System info: os.name: 'Windows 11', os.arch: 'amd64', os.version: '10.0', java.version: '17.0.8.1'
Driver info: org.openqa.selenium.chrome.ChromeDriver
Command: [eb05b9de22122584b8f5ea1899b12a5a, findElement {using=xpath, value=//input[@name='email']}]
Capabilities {acceptInsecureCerts: false, browserName: chrome, browserVersion: 131.0.6778.140, chrome: {chromedriverVersion: 131.0.6778.108 (3b014839fbc..., userDataDir: C:\Users\EXTERN~1\AppData\L...}, fedcm:accounts: true, goog:chromeOptions: {debuggerAddress: localhost:55307}, networkConnectionEnabled: false, pageLoadStrategy: normal, platformName: windows, proxy: Proxy(), se:cdp: ws://localhost:55307/devtoo..., se:cdpVersion: 131.0.6778.140, setWindowRect: true, strictFileInteractability: false, timeouts: {implicit: 0, pageLoad: 300000, script: 30000}, unhandledPromptBehavior: dismiss and notify, webauthn:extension:credBlob: true, webauthn:extension:largeBlob: true, webauthn:extension:minPinLength: true, webauthn:extension:prf: true, webauthn:virtualAuthenticators: true}
Session ID: eb05b9de22122584b8f5ea1899b12a5a
at java.base/jdk.internal.reflect.NativeConstructorAccessorImpl.newInstance0(Native Method)
at java.base/jdk.internal.reflect.NativeConstructorAccessorImpl.newInstance(NativeConstructorAccessorImpl.java:77)
at java.base/jdk.internal.reflect.DelegatingConstructorAccessorImpl.newInstance(DelegatingConstructorAccessorImpl.java:45)
at java.base/java.lang.reflect.Constructor.newInstanceWithCaller(Constructor.java:499)
at java.base/java.lang.reflect.Constructor.newInstance(Constructor.java:480)
at org.openqa.selenium.remote.codec.w3c.W3CHttpResponseCodec.createException(W3CHttpResponseCodec.java:200)
at org.openqa.selenium.remote.codec.w3c.W3CHttpResponseCodec.decode(W3CHttpResponseCodec.java:133)
at org.openqa.selenium.remote.codec.w3c.W3CHttpResponseCodec.decode(W3CHttpResponseCodec.java:52)
at org.openqa.selenium.remote.HttpCommandExecutor.execute(HttpCommandExecutor.java:191)
at org.openqa.selenium.remote.service.DriverCommandExecutor.invokeExecute(DriverCommandExecutor.java:196)
at org.openqa.selenium.remote.service.DriverCommandExecutor.execute(DriverCommandExecutor.java:171)
at org.openqa.selenium.remote.RemoteWebDriver.execute(RemoteWebDriver.java:602)
at org.openqa.selenium.remote.ElementLocation$ElementFinder$2.findElement(ElementLocation.java:165)
at org.openqa.selenium.remote.ElementLocation.findElement(ElementLocation.java:59)
at org.openqa.selenium.remote.RemoteWebDriver.findElement(RemoteWebDriver.java:359)
at org.openqa.selenium.remote.RemoteWebDriver.findElement(RemoteWebDriver.java:353)
at org.openqa.selenium.support.pagefactory.DefaultElementLocator.findElement(DefaultElementLocator.java:68)
at org.openqa.selenium.support.pagefactory.internal.LocatingElementHandler.invoke(LocatingElementHandler.java:38)
at jdk.proxy2/jdk.proxy2.$Proxy15.sendKeys(Unknown Source)
at Edit_profile.Edit_profile.entermail(Edit_profile.java:31)
at Edit_profile_from_supervisor.initializebrowser(Edit_profile_from_supervisor.java:27)
at java.base/jdk.internal.reflect.NativeMethodAccessorImpl.invoke0(Native Method)
at java.base/jdk.internal.reflect.NativeMethodAccessorImpl.invoke(NativeMethodAccessorImpl.java:77)
at java.base/jdk.internal.reflect.DelegatingMethodAccessorImpl.invoke(DelegatingMethodAccessorImpl.java:43)
at java.base/java.lang.reflect.Method.invoke(Method.java:568)
at org.testng.internal.invokers.MethodInvocationHelper.invokeMethod(MethodInvocationHelper.java:139)
at org.testng.internal.invokers.MethodInvocationHelper.invokeMethodConsideringTimeout(MethodInvocationHelper.java:69)
at org.testng.internal.invokers.ConfigInvoker.invokeConfigurationMethod(ConfigInvoker.java:390)
at org.testng.internal.invokers.ConfigInvoker.invokeConfigurations(ConfigInvoker.java:325)
at org.testng.internal.invokers.TestMethodWorker.invokeBeforeClassMethods(TestMethodWorker.java:180)
at org.testng.internal.invokers.TestMethodWorker.run(TestMethodWorker.java:122)
at java.base/java.util.ArrayList.forEach(ArrayList.java:1511)
at org.testng.TestRunner.privateRun(TestRunner.java:848)
at org.testng.TestRunner.run(TestRunner.java:621)
at org.testng.SuiteRunner.runTest(SuiteRunner.java:443)
at org.testng.SuiteRunner.runSequentially(SuiteRunner.java:437)
at org.testng.SuiteRunner.privateRun(SuiteRunner.java:397)
at org.testng.SuiteRunner.run(SuiteRunner.java:336)
at org.testng.SuiteRunnerWorker.runSuite(SuiteRunnerWorker.java:52)
at org.testng.SuiteRunnerWorker.run(SuiteRunnerWorker.java:95)
at org.testng.TestNG.runSuitesSequentially(TestNG.java:1280)
at org.testng.TestNG.runSuitesLocally(TestNG.java:1200)
at org.testng.TestNG.runSuites(TestNG.java:1114)
at org.testng.TestNG.run(TestNG.java:1082)
at org.testng.remote.AbstractRemoteTestNG.run(AbstractRemoteTestNG.java:115)
at org.testng.remote.RemoteTestNG.initAndRun(RemoteTestNG.java:251)
at org.testng.remote.RemoteTestNG.main(RemoteTestNG.java:77)
]]>
    </error>
  </testcase> <!-- initializebrowser -->
  <testcase classname="Edit_profile_from_supervisor" name="Verify_to_check_edit_full_namefield_and_enter_max_length_of_fullname" time="0.000">
    <skipped/>
  </testcase> <!-- Verify_to_check_edit_full_namefield_and_enter_max_length_of_fullname -->
  <testcase classname="Edit_profile_from_supervisor" name="Verify_to_check_edit_full_namefield_and_enterMinimum_length_of_fullname" time="0.000">
    <skipped/>
  </testcase> <!-- Verify_to_check_edit_full_namefield_and_enterMinimum_length_of_fullname -->
  <testcase classname="Edit_profile_from_supervisor" name="Verify_to_check_edit_full_namefield_and_enter_special_charIn_fullname" time="0.000">
    <skipped/>
  </testcase> <!-- Verify_to_check_edit_full_namefield_and_enter_special_charIn_fullname -->
  <testcase classname="Edit_profile_from_supervisor" name="Verify_to_check_edit_full_namefield_and_enter_numericvalue_fullname" time="0.000">
    <skipped/>
  </testcase> <!-- Verify_to_check_edit_full_namefield_and_enter_numericvalue_fullname -->
  <testcase classname="Edit_profile_from_supervisor" name="Verify_to_check_edit_profile_without_fullname_field" time="0.000">
    <skipped/>
  </testcase> <!-- Verify_to_check_edit_profile_without_fullname_field -->
  <testcase classname="Edit_profile_from_supervisor" name="Verify_to_check_edit_profile_with_invalid_email_formate" time="0.000">
    <skipped/>
  </testcase> <!-- Verify_to_check_edit_profile_with_invalid_email_formate -->
  <testcase classname="Edit_profile_from_supervisor" name="Verify_to_check_edit_profile_without_using_at_the_rate_in_name_field" time="0.000">
    <skipped/>
  </testcase> <!-- Verify_to_check_edit_profile_without_using_at_the_rate_in_name_field -->
  <testcase classname="Edit_profile_from_supervisor" name="Verify_to_check_edit_profile_without_enter_email_field" time="0.000">
    <skipped/>
  </testcase> <!-- Verify_to_check_edit_profile_without_enter_email_field -->
  <testcase classname="Edit_profile_from_supervisor" name="Verify_to_check_edit_profile_to_entermax_length_ofemail_field_more_than_50char" time="0.000">
    <skipped/>
  </testcase> <!-- Verify_to_check_edit_profile_to_entermax_length_ofemail_field_more_than_50char -->
  <testcase classname="Edit_profile_from_supervisor" name="Verify_to_check_edit_profile_to_enter_invalid_phoneNumber" time="0.000">
    <skipped/>
  </testcase> <!-- Verify_to_check_edit_profile_to_enter_invalid_phoneNumber -->
  <testcase classname="Edit_profile_from_supervisor" name="Verify_to_check_edit_profile_without_enter_phone_number" time="0.000">
    <skipped/>
  </testcase> <!-- Verify_to_check_edit_profile_without_enter_phone_number -->
  <testcase classname="Edit_profile_from_supervisor" name="Verify_to_close_popup_to_click_on_cross_button_of_the_popup" time="0.000">
    <skipped/>
  </testcase> <!-- Verify_to_close_popup_to_click_on_cross_button_of_the_popup -->
  <testcase classname="Edit_profile_from_supervisor" name="Verify_to_check_select_other_country_code_and_enter_invalid_phone" time="0.000">
    <skipped/>
  </testcase> <!-- Verify_to_check_select_other_country_code_and_enter_invalid_phone -->
  <testcase classname="Edit_profile_from_supervisor" name="Verify_toupdate_profile_with_all_valid_data" time="0.000">
    <skipped/>
  </testcase> <!-- Verify_toupdate_profile_with_all_valid_data -->
  <testcase classname="Edit_profile_from_supervisor" name="Verify_that_orgnization_field_is_disabled_in_update_profile_from_supervisor_side" time="0.000">
    <skipped/>
  </testcase> <!-- Verify_that_orgnization_field_is_disabled_in_update_profile_from_supervisor_side -->
  <testcase classname="Edit_profile_from_supervisor" name="Verify_that_to_reset_password_without_enter_current_and_comfrim_password_field" time="0.000">
    <skipped/>
  </testcase> <!-- Verify_that_to_reset_password_without_enter_current_and_comfrim_password_field -->
  <testcase classname="Edit_profile_from_supervisor" name="Verify_that_to_reset_password_with_newpassword_and_confirm_password_does_not_matched" time="0.000">
    <skipped/>
  </testcase> <!-- Verify_that_to_reset_password_with_newpassword_and_confirm_password_does_not_matched -->
  <testcase classname="Edit_profile_from_supervisor" name="Verify_that_reset_password_to_enter_current_pasword_with_space" time="0.000">
    <skipped/>
  </testcase> <!-- Verify_that_reset_password_to_enter_current_pasword_with_space -->
  <testcase classname="Edit_profile_from_supervisor" name="Verify_to_check_edit_full_namefield_and_enter_valid_NAME" time="0.000">
    <skipped/>
  </testcase> <!-- Verify_to_check_edit_full_namefield_and_enter_valid_NAME -->
</testsuite> <!-- Edit_profile_from_supervisor -->
