<?xml version="1.0" encoding="UTF-8"?>
<!-- Generated by org.testng.reporters.JUnitReportReporter -->
<testsuite hostname="DESKTOP-SPJ27N6" failures="0" tests="20" name="Test_Supervisor_from_supervisor" time="452.509" errors="1" timestamp="2024-10-28T15:16:17 IST" skipped="0">
  <testcase classname="Test_Supervisor_from_supervisor" name="verify_that_createSupervisor_with_invalid_email" time="32.488"/>
  <testcase classname="Test_Supervisor_from_supervisor" name="Verify_that_the_full_name_field_does_not_accept_numeric_or_special_characters_accept_only_character" time="20.500"/>
  <testcase classname="Test_Supervisor_from_supervisor" name="Verify_that_the_email_field_is_mandatory_and_displays_an_error_message_when_left_empty" time="20.388"/>
  <testcase classname="Test_Supervisor_from_supervisor" name="Verify_that_the_full_name_field_is_mandatory_and_displays_an_error_message_when_left_empty" time="21.021"/>
  <testcase classname="Test_Supervisor_from_supervisor" name="Verify_that_the_mobile_number_field_does_not_accept_alphabetic_or_special_characters" time="20.667"/>
  <testcase classname="Test_Supervisor_from_supervisor" name="Verify_that_the_mobile_number_field_accepts_different_formats_based_on_the_selected_country_code" time="24.287"/>
  <testcase classname="Test_Supervisor_from_supervisor" name="Verify_that_the_user_can_type_in_the_mobile_number_after_selecting_the_country_code" time="24.503"/>
  <testcase classname="Test_Supervisor_from_supervisor" name="Verify_that_the_organization_name_field_is_disabled_from_supervisorside" time="20.893"/>
  <testcase classname="Test_Supervisor_from_supervisor" name="Verify_that_an_error_message_is_displayed_if_the_save_button_is_clicked_when_mandatory_fields_are_not_filled" time="19.413"/>
  <testcase classname="Test_Supervisor_from_supervisor" name="Verify_the_maximum_and_minimum_length_of_the_full_name" time="20.324"/>
  <testcase classname="Test_Supervisor_from_supervisor" name="Verify_the_maximum_and_minimum_length_of_the_mobile_number_for_each_country_code" time="23.383"/>
  <testcase classname="Test_Supervisor_from_supervisor" name="Enter_an_email_without_a_domain_and_verify_that_an_error_message_is_displayed" time="25.118"/>
  <testcase classname="Test_Supervisor_from_supervisor" name="Verify_to_check_and_click_on_next_page_button_of_supervisor" time="14.807">
    <error message="element click intercepted: Element &lt;a class=&quot;page-link &quot; tabindex=&quot;-1&quot; role=&quot;button&quot; aria-disabled=&quot;true&quot; aria-label=&quot;... page&quot; rel=&quot;next&quot;&gt;Next&lt;/a&gt; is not clickable at point (824, 660). Other element would receive the click: &lt;li class=&quot;page-item disabled&quot;&gt;...&lt;/li&gt;
  (Session info: chrome=130.0.6723.70)
Build info: version: &#039;4.12.1&#039;, revision: &#039;8e34639b11&#039;
System info: os.name: &#039;Windows 11&#039;, os.arch: &#039;amd64&#039;, os.version: &#039;10.0&#039;, java.version: &#039;17.0.8.1&#039;
Driver info: org.openqa.selenium.chrome.ChromeDriver
Command: [f7f4b65a0279931a54b48dbc1bb0e033, clickElement {id=f.745B2069FE4A7B0BEF89E28C50B4CDA3.d.1C199995BB76381227DC31FDF0C172E3.e.491}]
Capabilities {acceptInsecureCerts: false, browserName: chrome, browserVersion: 130.0.6723.70, chrome: {chromedriverVersion: 130.0.6723.69 (3ec172b971b9..., userDataDir: C:\Users\EXTERN~1\AppData\L...}, fedcm:accounts: true, goog:chromeOptions: {debuggerAddress: localhost:61255}, networkConnectionEnabled: false, pageLoadStrategy: normal, platformName: windows, proxy: Proxy(), se:cdp: ws://localhost:61255/devtoo..., se:cdpVersion: 130.0.6723.70, setWindowRect: true, strictFileInteractability: false, timeouts: {implicit: 0, pageLoad: 300000, script: 30000}, unhandledPromptBehavior: dismiss and notify, webauthn:extension:credBlob: true, webauthn:extension:largeBlob: true, webauthn:extension:minPinLength: true, webauthn:extension:prf: true, webauthn:virtualAuthenticators: true}
Element: [[ChromeDriver: chrome on windows (f7f4b65a0279931a54b48dbc1bb0e033)] -&gt; xpath: //a[text()=&#039;Next&#039;]]
Session ID: f7f4b65a0279931a54b48dbc1bb0e033" type="org.openqa.selenium.ElementClickInterceptedException">
      <![CDATA[org.openqa.selenium.ElementClickInterceptedException: element click intercepted: Element <a class="page-link " tabindex="-1" role="button" aria-disabled="true" aria-label="... page" rel="next">Next</a> is not clickable at point (824, 660). Other element would receive the click: <li class="page-item disabled">...</li>
  (Session info: chrome=130.0.6723.70)
Build info: version: '4.12.1', revision: '8e34639b11'
System info: os.name: 'Windows 11', os.arch: 'amd64', os.version: '10.0', java.version: '17.0.8.1'
Driver info: org.openqa.selenium.chrome.ChromeDriver
Command: [f7f4b65a0279931a54b48dbc1bb0e033, clickElement {id=f.745B2069FE4A7B0BEF89E28C50B4CDA3.d.1C199995BB76381227DC31FDF0C172E3.e.491}]
Capabilities {acceptInsecureCerts: false, browserName: chrome, browserVersion: 130.0.6723.70, chrome: {chromedriverVersion: 130.0.6723.69 (3ec172b971b9..., userDataDir: C:\Users\EXTERN~1\AppData\L...}, fedcm:accounts: true, goog:chromeOptions: {debuggerAddress: localhost:61255}, networkConnectionEnabled: false, pageLoadStrategy: normal, platformName: windows, proxy: Proxy(), se:cdp: ws://localhost:61255/devtoo..., se:cdpVersion: 130.0.6723.70, setWindowRect: true, strictFileInteractability: false, timeouts: {implicit: 0, pageLoad: 300000, script: 30000}, unhandledPromptBehavior: dismiss and notify, webauthn:extension:credBlob: true, webauthn:extension:largeBlob: true, webauthn:extension:minPinLength: true, webauthn:extension:prf: true, webauthn:virtualAuthenticators: true}
Element: [[ChromeDriver: chrome on windows (f7f4b65a0279931a54b48dbc1bb0e033)] -> xpath: //a[text()='Next']]
Session ID: f7f4b65a0279931a54b48dbc1bb0e033
at java.base/jdk.internal.reflect.NativeConstructorAccessorImpl.newInstance0(Native Method)
at java.base/jdk.internal.reflect.NativeConstructorAccessorImpl.newInstance(NativeConstructorAccessorImpl.java:77)
at java.base/jdk.internal.reflect.DelegatingConstructorAccessorImpl.newInstance(DelegatingConstructorAccessorImpl.java:45)
at java.base/java.lang.reflect.Constructor.newInstanceWithCaller(Constructor.java:499)
at java.base/java.lang.reflect.Constructor.newInstance(Constructor.java:480)
at org.openqa.selenium.remote.codec.w3c.W3CHttpResponseCodec.createException(W3CHttpResponseCodec.java:200)
at org.openqa.selenium.remote.codec.w3c.W3CHttpResponseCodec.decode(W3CHttpResponseCodec.java:133)
at org.openqa.selenium.remote.codec.w3c.W3CHttpResponseCodec.decode(W3CHttpResponseCodec.java:52)
at org.openqa.selenium.remote.HttpCommandExecutor.execute(HttpCommandExecutor.java:191)
at org.openqa.selenium.remote.service.DriverCommandExecutor.invokeExecute(DriverCommandExecutor.java:196)
at org.openqa.selenium.remote.service.DriverCommandExecutor.execute(DriverCommandExecutor.java:171)
at org.openqa.selenium.remote.RemoteWebDriver.execute(RemoteWebDriver.java:602)
at org.openqa.selenium.remote.RemoteWebElement.execute(RemoteWebElement.java:224)
at org.openqa.selenium.remote.RemoteWebElement.click(RemoteWebElement.java:77)
at Test_Supervisor_from_supervisor.Verify_to_check_and_click_on_next_page_button_of_supervisor(Test_Supervisor_from_supervisor.java:560)
at java.base/jdk.internal.reflect.NativeMethodAccessorImpl.invoke0(Native Method)
at java.base/jdk.internal.reflect.NativeMethodAccessorImpl.invoke(NativeMethodAccessorImpl.java:77)
at java.base/jdk.internal.reflect.DelegatingMethodAccessorImpl.invoke(DelegatingMethodAccessorImpl.java:43)
at java.base/java.lang.reflect.Method.invoke(Method.java:568)
at org.testng.internal.invokers.MethodInvocationHelper.invokeMethod(MethodInvocationHelper.java:139)
at org.testng.internal.invokers.TestInvoker.invokeMethod(TestInvoker.java:664)
at org.testng.internal.invokers.TestInvoker.invokeTestMethod(TestInvoker.java:227)
at org.testng.internal.invokers.MethodRunner.runInSequence(MethodRunner.java:50)
at org.testng.internal.invokers.TestInvoker$MethodInvocationAgent.invoke(TestInvoker.java:957)
at org.testng.internal.invokers.TestInvoker.invokeTestMethods(TestInvoker.java:200)
at org.testng.internal.invokers.TestMethodWorker.invokeTestMethods(TestMethodWorker.java:148)
at org.testng.internal.invokers.TestMethodWorker.run(TestMethodWorker.java:128)
at java.base/java.util.ArrayList.forEach(ArrayList.java:1511)
at org.testng.TestRunner.privateRun(TestRunner.java:848)
at org.testng.TestRunner.run(TestRunner.java:621)
at org.testng.SuiteRunner.runTest(SuiteRunner.java:443)
at org.testng.SuiteRunner.runSequentially(SuiteRunner.java:437)
at org.testng.SuiteRunner.privateRun(SuiteRunner.java:397)
at org.testng.SuiteRunner.run(SuiteRunner.java:336)
at org.testng.SuiteRunnerWorker.runSuite(SuiteRunnerWorker.java:52)
at org.testng.SuiteRunnerWorker.run(SuiteRunnerWorker.java:95)
at org.testng.TestNG.runSuitesSequentially(TestNG.java:1280)
at org.testng.TestNG.runSuitesLocally(TestNG.java:1200)
at org.testng.TestNG.runSuites(TestNG.java:1114)
at org.testng.TestNG.run(TestNG.java:1082)
at org.testng.remote.AbstractRemoteTestNG.run(AbstractRemoteTestNG.java:115)
at org.testng.remote.RemoteTestNG.initAndRun(RemoteTestNG.java:251)
at org.testng.remote.RemoteTestNG.main(RemoteTestNG.java:77)
]]>
    </error>
  </testcase> <!-- Verify_to_check_and_click_on_next_page_button_of_supervisor -->
  <testcase classname="Test_Supervisor_from_supervisor" name="check_to_update_supervisor_without_select_orgnization_name" time="21.717"/>
  <testcase classname="Test_Supervisor_from_supervisor" name="check_and_update_superviaor_without_using_attherate" time="26.200"/>
  <testcase classname="Test_Supervisor_from_supervisor" name="check_to_update_supervisor_without_enter_mandatory_field" time="22.281"/>
  <testcase classname="Test_Supervisor_from_supervisor" name="Verify_to_update_supervisor_with_max_char_in_full_name_field" time="22.193"/>
  <testcase classname="Test_Supervisor_from_supervisor" name="Verify_to_update_superviosr_with_invalid_number" time="22.059"/>
  <testcase classname="Test_Supervisor_from_supervisor" name="Verify_to_check_createsupervisor_that_are_already_exist" time="27.266"/>
  <testcase classname="Test_Supervisor_from_supervisor" name="Create_Supervisor_with_valid_email" time="23.001"/>
</testsuite> <!-- Test_Supervisor_from_supervisor -->
