<?xml version="1.0" encoding="UTF-8"?>
<!-- Generated by org.testng.reporters.JUnitReportReporter -->
<testsuite hostname="DESKTOP-SPJ27N6" failures="0" tests="20" name="Device_TC_from_from_supervisor" time="7.169" errors="1" timestamp="2024-12-17T15:10:42 IST" skipped="19">
  <testcase classname="Device_TC_from_from_supervisor" name="initializebrowser" time="7.169">
    <error message="no such window: target window already closed
from unknown error: web view not found
  (Session info: chrome=131.0.6778.140)
Build info: version: &#039;4.12.1&#039;, revision: &#039;8e34639b11&#039;
System info: os.name: &#039;Windows 11&#039;, os.arch: &#039;amd64&#039;, os.version: &#039;10.0&#039;, java.version: &#039;17.0.8.1&#039;
Driver info: org.openqa.selenium.chrome.ChromeDriver
Command: [4dbf3e6b751cbda08e655cb2202856ec, findElement {using=xpath, value=//input[@name=&#039;email&#039;]}]
Capabilities {acceptInsecureCerts: false, browserName: chrome, browserVersion: 131.0.6778.140, chrome: {chromedriverVersion: 131.0.6778.108 (3b014839fbc..., userDataDir: C:\Users\EXTERN~1\AppData\L...}, fedcm:accounts: true, goog:chromeOptions: {debuggerAddress: localhost:55291}, networkConnectionEnabled: false, pageLoadStrategy: normal, platformName: windows, proxy: Proxy(), se:cdp: ws://localhost:55291/devtoo..., se:cdpVersion: 131.0.6778.140, setWindowRect: true, strictFileInteractability: false, timeouts: {implicit: 0, pageLoad: 300000, script: 30000}, unhandledPromptBehavior: dismiss and notify, webauthn:extension:credBlob: true, webauthn:extension:largeBlob: true, webauthn:extension:minPinLength: true, webauthn:extension:prf: true, webauthn:virtualAuthenticators: true}
Session ID: 4dbf3e6b751cbda08e655cb2202856ec" type="org.openqa.selenium.NoSuchWindowException">
      <![CDATA[org.openqa.selenium.NoSuchWindowException: no such window: target window already closed
from unknown error: web view not found
  (Session info: chrome=131.0.6778.140)
Build info: version: '4.12.1', revision: '8e34639b11'
System info: os.name: 'Windows 11', os.arch: 'amd64', os.version: '10.0', java.version: '17.0.8.1'
Driver info: org.openqa.selenium.chrome.ChromeDriver
Command: [4dbf3e6b751cbda08e655cb2202856ec, findElement {using=xpath, value=//input[@name='email']}]
Capabilities {acceptInsecureCerts: false, browserName: chrome, browserVersion: 131.0.6778.140, chrome: {chromedriverVersion: 131.0.6778.108 (3b014839fbc..., userDataDir: C:\Users\EXTERN~1\AppData\L...}, fedcm:accounts: true, goog:chromeOptions: {debuggerAddress: localhost:55291}, networkConnectionEnabled: false, pageLoadStrategy: normal, platformName: windows, proxy: Proxy(), se:cdp: ws://localhost:55291/devtoo..., se:cdpVersion: 131.0.6778.140, setWindowRect: true, strictFileInteractability: false, timeouts: {implicit: 0, pageLoad: 300000, script: 30000}, unhandledPromptBehavior: dismiss and notify, webauthn:extension:credBlob: true, webauthn:extension:largeBlob: true, webauthn:extension:minPinLength: true, webauthn:extension:prf: true, webauthn:virtualAuthenticators: true}
Session ID: 4dbf3e6b751cbda08e655cb2202856ec
at java.base/jdk.internal.reflect.NativeConstructorAccessorImpl.newInstance0(Native Method)
at java.base/jdk.internal.reflect.NativeConstructorAccessorImpl.newInstance(NativeConstructorAccessorImpl.java:77)
at java.base/jdk.internal.reflect.DelegatingConstructorAccessorImpl.newInstance(DelegatingConstructorAccessorImpl.java:45)
at java.base/java.lang.reflect.Constructor.newInstanceWithCaller(Constructor.java:499)
at java.base/java.lang.reflect.Constructor.newInstance(Constructor.java:480)
at org.openqa.selenium.remote.codec.w3c.W3CHttpResponseCodec.createException(W3CHttpResponseCodec.java:200)
at org.openqa.selenium.remote.codec.w3c.W3CHttpResponseCodec.decode(W3CHttpResponseCodec.java:133)
at org.openqa.selenium.remote.codec.w3c.W3CHttpResponseCodec.decode(W3CHttpResponseCodec.java:52)
at org.openqa.selenium.remote.HttpCommandExecutor.execute(HttpCommandExecutor.java:191)
at org.openqa.selenium.remote.service.DriverCommandExecutor.invokeExecute(DriverCommandExecutor.java:196)
at org.openqa.selenium.remote.service.DriverCommandExecutor.execute(DriverCommandExecutor.java:171)
at org.openqa.selenium.remote.RemoteWebDriver.execute(RemoteWebDriver.java:602)
at org.openqa.selenium.remote.ElementLocation$ElementFinder$2.findElement(ElementLocation.java:165)
at org.openqa.selenium.remote.ElementLocation.findElement(ElementLocation.java:59)
at org.openqa.selenium.remote.RemoteWebDriver.findElement(RemoteWebDriver.java:359)
at org.openqa.selenium.remote.RemoteWebDriver.findElement(RemoteWebDriver.java:353)
at org.openqa.selenium.support.pagefactory.DefaultElementLocator.findElement(DefaultElementLocator.java:68)
at org.openqa.selenium.support.pagefactory.internal.LocatingElementHandler.invoke(LocatingElementHandler.java:38)
at jdk.proxy2/jdk.proxy2.$Proxy15.sendKeys(Unknown Source)
at Device_create.Device_create.entermail(Device_create.java:34)
at Device_TC_from_from_supervisor.initializebrowser(Device_TC_from_from_supervisor.java:29)
at java.base/jdk.internal.reflect.NativeMethodAccessorImpl.invoke0(Native Method)
at java.base/jdk.internal.reflect.NativeMethodAccessorImpl.invoke(NativeMethodAccessorImpl.java:77)
at java.base/jdk.internal.reflect.DelegatingMethodAccessorImpl.invoke(DelegatingMethodAccessorImpl.java:43)
at java.base/java.lang.reflect.Method.invoke(Method.java:568)
at org.testng.internal.invokers.MethodInvocationHelper.invokeMethod(MethodInvocationHelper.java:139)
at org.testng.internal.invokers.MethodInvocationHelper.invokeMethodConsideringTimeout(MethodInvocationHelper.java:69)
at org.testng.internal.invokers.ConfigInvoker.invokeConfigurationMethod(ConfigInvoker.java:390)
at org.testng.internal.invokers.ConfigInvoker.invokeConfigurations(ConfigInvoker.java:325)
at org.testng.internal.invokers.TestMethodWorker.invokeBeforeClassMethods(TestMethodWorker.java:180)
at org.testng.internal.invokers.TestMethodWorker.run(TestMethodWorker.java:122)
at java.base/java.util.ArrayList.forEach(ArrayList.java:1511)
at org.testng.TestRunner.privateRun(TestRunner.java:848)
at org.testng.TestRunner.run(TestRunner.java:621)
at org.testng.SuiteRunner.runTest(SuiteRunner.java:443)
at org.testng.SuiteRunner.runSequentially(SuiteRunner.java:437)
at org.testng.SuiteRunner.privateRun(SuiteRunner.java:397)
at org.testng.SuiteRunner.run(SuiteRunner.java:336)
at org.testng.SuiteRunnerWorker.runSuite(SuiteRunnerWorker.java:52)
at org.testng.SuiteRunnerWorker.run(SuiteRunnerWorker.java:95)
at org.testng.TestNG.runSuitesSequentially(TestNG.java:1280)
at org.testng.TestNG.runSuitesLocally(TestNG.java:1200)
at org.testng.TestNG.runSuites(TestNG.java:1114)
at org.testng.TestNG.run(TestNG.java:1082)
at org.testng.remote.AbstractRemoteTestNG.run(AbstractRemoteTestNG.java:115)
at org.testng.remote.RemoteTestNG.initAndRun(RemoteTestNG.java:251)
at org.testng.remote.RemoteTestNG.main(RemoteTestNG.java:77)
]]>
    </error>
  </testcase> <!-- initializebrowser -->
  <testcase classname="Device_TC_from_from_supervisor" name="Verify_to_check_click_on_update_and_click_on_submit_button" time="0.000">
    <skipped/>
  </testcase> <!-- Verify_to_check_click_on_update_and_click_on_submit_button -->
  <testcase classname="Device_TC_from_from_supervisor" name="Verify_and_check_to_update_devicezone_by_selecting_other_country_from_dropdown" time="0.000">
    <skipped/>
  </testcase> <!-- Verify_and_check_to_update_devicezone_by_selecting_other_country_from_dropdown -->
  <testcase classname="Device_TC_from_from_supervisor" name="Verify_and_check_to_type_on_timezone_field_and_select_from_list_box" time="0.000">
    <skipped/>
  </testcase> <!-- Verify_and_check_to_type_on_timezone_field_and_select_from_list_box -->
  <testcase classname="Device_TC_from_from_supervisor" name="Verify_and_check_to_type_on_timezone_field_but_the_country_are_not_present_in_dropbox" time="0.000">
    <skipped/>
  </testcase> <!-- Verify_and_check_to_type_on_timezone_field_but_the_country_are_not_present_in_dropbox -->
  <testcase classname="Device_TC_from_from_supervisor" name="Verify_and_check_orgnization_field_disable_in_update_form" time="0.000">
    <skipped/>
  </testcase> <!-- Verify_and_check_orgnization_field_disable_in_update_form -->
  <testcase classname="Device_TC_from_from_supervisor" name="Verify_to_check_clear_all_fields_and_click_on_submit_in_update_form" time="0.000">
    <skipped/>
  </testcase> <!-- Verify_to_check_clear_all_fields_and_click_on_submit_in_update_form -->
  <testcase classname="Device_TC_from_from_supervisor" name="Verify_to_check_tipco_logo_is_visible_or_not_in_device_create_page" time="0.000">
    <skipped/>
  </testcase> <!-- Verify_to_check_tipco_logo_is_visible_or_not_in_device_create_page -->
  <testcase classname="Device_TC_from_from_supervisor" name="Verify_to_check_and_click_next_page_of_the_device_page" time="0.000">
    <skipped/>
  </testcase> <!-- Verify_to_check_and_click_next_page_of_the_device_page -->
  <testcase classname="Device_TC_from_from_supervisor" name="Verify_to_check_sr_number_column_of_the_device_in_device_page" time="0.000">
    <skipped/>
  </testcase> <!-- Verify_to_check_sr_number_column_of_the_device_in_device_page -->
  <testcase classname="Device_TC_from_from_supervisor" name="Verify_to_check_and_click_prvious_pagebutton_of_the_device_page" time="0.000">
    <skipped/>
  </testcase> <!-- Verify_to_check_and_click_prvious_pagebutton_of_the_device_page -->
  <testcase classname="Device_TC_from_from_supervisor" name="Verify_to_check_devicwID_column_of_the_device_in_device_page" time="0.000">
    <skipped/>
  </testcase> <!-- Verify_to_check_devicwID_column_of_the_device_in_device_page -->
  <testcase classname="Device_TC_from_from_supervisor" name="Verify_to_check_devicetype_column_of_the_device_in_device_page" time="0.000">
    <skipped/>
  </testcase> <!-- Verify_to_check_devicetype_column_of_the_device_in_device_page -->
  <testcase classname="Device_TC_from_from_supervisor" name="Verify_to_check_Organization_Namecolumn_of_the_device_in_device_page" time="0.000">
    <skipped/>
  </testcase> <!-- Verify_to_check_Organization_Namecolumn_of_the_device_in_device_page -->
  <testcase classname="Device_TC_from_from_supervisor" name="Verify_to_check_Action_column_of_the_device_in_device_page" time="0.000">
    <skipped/>
  </testcase> <!-- Verify_to_check_Action_column_of_the_device_in_device_page -->
  <testcase classname="Device_TC_from_from_supervisor" name="Verify_to_check_selected_option_of_zone_in_update_form_is_visible" time="0.000">
    <skipped/>
  </testcase> <!-- Verify_to_check_selected_option_of_zone_in_update_form_is_visible -->
  <testcase classname="Device_TC_from_from_supervisor" name="Verify_to_check_selected_option_of_devicetype_in_update_form_is_visible" time="0.000">
    <skipped/>
  </testcase> <!-- Verify_to_check_selected_option_of_devicetype_in_update_form_is_visible -->
  <testcase classname="Device_TC_from_from_supervisor" name="Verify_to_check_selected_orgnization_should_not_change_in_update" time="0.000">
    <skipped/>
  </testcase> <!-- Verify_to_check_selected_orgnization_should_not_change_in_update -->
  <testcase classname="Device_TC_from_from_supervisor" name="Verify_to_check_click_on_any_intermediate_page_of_device_page" time="0.000">
    <skipped/>
  </testcase> <!-- Verify_to_check_click_on_any_intermediate_page_of_device_page -->
  <testcase classname="Device_TC_from_from_supervisor" name="Verify_that_the_total_number_of_pages_is_displayed_correctly" time="0.000">
    <skipped/>
  </testcase> <!-- Verify_that_the_total_number_of_pages_is_displayed_correctly -->
</testsuite> <!-- Device_TC_from_from_supervisor -->
